Log file open, 02/21/17 16:22:50
LogInit:Display: Running engine for game: VRBridgeSim
LogPlatformFile: Not using cached read wrapper
LogInit:Display: RandInit(502667985) SRandInit(502667985).
LogTaskGraph: Started task graph with 5 named threads and 8 total threads with 1 sets of task threads.
LogStats: Stats thread started at 0.093873
LogPluginManager: Loaded Plugin Paper2D, From D:/Programs/UE_4.14/Engine/Plugins/2D/Paper2D/Paper2D.uplugin
LogPluginManager: Loaded Plugin LightPropagationVolume, From D:/Programs/UE_4.14/Engine/Plugins/Blendables/LightPropagationVolume/LightPropagationVolume.uplugin
LogPluginManager: Loaded Plugin BlankPlugin, From D:/Programs/UE_4.14/Engine/Plugins/Developer/BlankPlugin/BlankPlugin.uplugin
LogPluginManager: Loaded Plugin CodeLiteSourceCodeAccess, From D:/Programs/UE_4.14/Engine/Plugins/Developer/CodeLiteSourceCodeAccess/CodeLiteSourceCodeAccess.uplugin
LogPluginManager: Loaded Plugin GitSourceControl, From D:/Programs/UE_4.14/Engine/Plugins/Developer/GitSourceControl/GitSourceControl.uplugin
LogPluginManager: Loaded Plugin KDevelopSourceCodeAccess, From D:/Programs/UE_4.14/Engine/Plugins/Developer/KDevelopSourceCodeAccess/KDevelopSourceCodeAccess.uplugin
LogPluginManager: Loaded Plugin NullSourceCodeAccess, From D:/Programs/UE_4.14/Engine/Plugins/Developer/NullSourceCodeAccess/NullSourceCodeAccess.uplugin
LogPluginManager: Loaded Plugin OneSkyLocalizationService, From D:/Programs/UE_4.14/Engine/Plugins/Developer/OneSkyLocalizationService/OneSkyLocalizationService.uplugin
LogPluginManager: Loaded Plugin PerforceSourceControl, From D:/Programs/UE_4.14/Engine/Plugins/Developer/PerforceSourceControl/PerforceSourceControl.uplugin
LogPluginManager: Loaded Plugin SubversionSourceControl, From D:/Programs/UE_4.14/Engine/Plugins/Developer/SubversionSourceControl/SubversionSourceControl.uplugin
LogPluginManager: Loaded Plugin UObjectPlugin, From D:/Programs/UE_4.14/Engine/Plugins/Developer/UObjectPlugin/UObjectPlugin.uplugin
LogPluginManager: Loaded Plugin VisualStudioSourceCodeAccess, From D:/Programs/UE_4.14/Engine/Plugins/Developer/VisualStudioSourceCodeAccess/VisualStudioSourceCodeAccess.uplugin
LogPluginManager: Loaded Plugin XCodeSourceCodeAccess, From D:/Programs/UE_4.14/Engine/Plugins/Developer/XCodeSourceCodeAccess/XCodeSourceCodeAccess.uplugin
LogPluginManager: Loaded Plugin AudioCapture, From D:/Programs/UE_4.14/Engine/Plugins/Editor/AudioCapture/AudioCapture.uplugin
LogPluginManager: Loaded Plugin EpicSurvey, From D:/Programs/UE_4.14/Engine/Plugins/Editor/EpicSurvey/EpicSurvey.uplugin
LogPluginManager: Loaded Plugin MacGraphicsSwitching, From D:/Programs/UE_4.14/Engine/Plugins/Editor/MacGraphicsSwitching/MacGraphicsSwitching.uplugin
LogPluginManager: Loaded Plugin MobileLauncherProfileWizard, From D:/Programs/UE_4.14/Engine/Plugins/Editor/MobileLauncherProfileWizard/MobileLauncherProfileWizard.uplugin
LogPluginManager: Loaded Plugin PluginBrowser, From D:/Programs/UE_4.14/Engine/Plugins/Editor/PluginBrowser/PluginBrowser.uplugin
LogPluginManager: Loaded Plugin SpeedTreeImporter, From D:/Programs/UE_4.14/Engine/Plugins/Editor/SpeedTreeImporter/SpeedTreeImporter.uplugin
LogPluginManager: Loaded Plugin SuperSearchEditor, From D:/Programs/UE_4.14/Engine/Plugins/Editor/SuperSearchEditor/SuperSearchEditor.uplugin
LogPluginManager: Loaded Plugin AlembicImporter, From D:/Programs/UE_4.14/Engine/Plugins/Experimental/AlembicImporter/AlembicImporter.uplugin
LogPluginManager: Loaded Plugin BlueprintStats, From D:/Programs/UE_4.14/Engine/Plugins/Experimental/BlueprintStats/BlueprintStats.uplugin
LogPluginManager: Loaded Plugin CharacterAI, From D:/Programs/UE_4.14/Engine/Plugins/Experimental/CharacterAI/CharacterAI.uplugin
LogPluginManager: Loaded Plugin CodeEditor, From D:/Programs/UE_4.14/Engine/Plugins/Experimental/CodeEditor/CodeEditor.uplugin
LogPluginManager: Loaded Plugin CodeView, From D:/Programs/UE_4.14/Engine/Plugins/Experimental/CodeView/CodeView.uplugin
LogPluginManager: Loaded Plugin HTML5Networking, From D:/Programs/UE_4.14/Engine/Plugins/Experimental/HTML5Networking/HTML5Networking.uplugin
LogPluginManager: Loaded Plugin OSVR, From D:/Programs/UE_4.14/Engine/Plugins/Experimental/OSVR/OSVR.uplugin
LogPluginManager: Loaded Plugin Phya, From D:/Programs/UE_4.14/Engine/Plugins/Experimental/Phya/Phya.uplugin
LogPluginManager: Loaded Plugin SignificanceManager, From D:/Programs/UE_4.14/Engine/Plugins/Experimental/SignificanceManager/SignificanceManager.uplugin
LogPluginManager: Loaded Plugin SimpleHMD, From D:/Programs/UE_4.14/Engine/Plugins/Experimental/SimpleHMD/SimpleHMD.uplugin
LogPluginManager: Loaded Plugin StereoPanorama, From D:/Programs/UE_4.14/Engine/Plugins/Experimental/StereoPanorama/StereoPanorama.uplugin
LogPluginManager: Loaded Plugin StructBox, From D:/Programs/UE_4.14/Engine/Plugins/Experimental/StructBox/StructBox.uplugin
LogPluginManager: Loaded Plugin RunebergVRPlugin, From D:/Programs/UE_4.14/Engine/Plugins/Marketplace/RunebergVRPlugin/RunebergVRPlugin.uplugin
LogPluginManager: Loaded Plugin Substance, From D:/Programs/UE_4.14/Engine/Plugins/Marketplace/Substance/Substance.uplugin
LogPluginManager: Loaded Plugin AndroidMedia, From D:/Programs/UE_4.14/Engine/Plugins/Media/AndroidMedia/AndroidMedia.uplugin
LogPluginManager: Loaded Plugin AvfMedia, From D:/Programs/UE_4.14/Engine/Plugins/Media/AvfMedia/AvfMedia.uplugin
LogPluginManager: Loaded Plugin MediaPlayerEditor, From D:/Programs/UE_4.14/Engine/Plugins/Media/MediaPlayerEditor/MediaPlayerEditor.uplugin
LogPluginManager: Loaded Plugin WmfMedia, From D:/Programs/UE_4.14/Engine/Plugins/Media/WmfMedia/WmfMedia.uplugin
LogPluginManager: Loaded Plugin MessagingDebugger, From D:/Programs/UE_4.14/Engine/Plugins/Messaging/MessagingDebugger/MessagingDebugger.uplugin
LogPluginManager: Loaded Plugin TcpMessaging, From D:/Programs/UE_4.14/Engine/Plugins/Messaging/TcpMessaging/TcpMessaging.uplugin
LogPluginManager: Loaded Plugin UdpMessaging, From D:/Programs/UE_4.14/Engine/Plugins/Messaging/UdpMessaging/UdpMessaging.uplugin
LogPluginManager: Loaded Plugin LevelSequenceEditor, From D:/Programs/UE_4.14/Engine/Plugins/MovieScene/LevelSequenceEditor/LevelSequenceEditor.uplugin
LogPluginManager: Loaded Plugin MatineeToLevelSequence, From D:/Programs/UE_4.14/Engine/Plugins/MovieScene/MatineeToLevelSequence/MatineeToLevelSequence.uplugin
LogPluginManager: Loaded Plugin NetcodeUnitTest, From D:/Programs/UE_4.14/Engine/Plugins/NetcodeUnitTest/NetcodeUnitTest/NetcodeUnitTest.uplugin
LogPluginManager: Loaded Plugin NUTUnrealEngine4, From D:/Programs/UE_4.14/Engine/Plugins/NetcodeUnitTest/NUTUnrealEngine4/NUTUnrealEngine4.uplugin
LogPluginManager: Loaded Plugin OnlineSubsystemGameCircle, From D:/Programs/UE_4.14/Engine/Plugins/Online/Android/OnlineSubsystemGameCircle/OnlineSubsystemGameCircle.uplugin
LogPluginManager: Loaded Plugin OnlineSubsystemGooglePlay, From D:/Programs/UE_4.14/Engine/Plugins/Online/Android/OnlineSubsystemGooglePlay/OnlineSubsystemGooglePlay.uplugin
LogPluginManager: Loaded Plugin OnlineSubsystemIOS, From D:/Programs/UE_4.14/Engine/Plugins/Online/IOS/OnlineSubsystemIOS/OnlineSubsystemIOS.uplugin
LogPluginManager: Loaded Plugin OnlineFramework, From D:/Programs/UE_4.14/Engine/Plugins/Online/OnlineFramework/OnlineFramework.uplugin
LogPluginManager: Loaded Plugin OnlineSubsystem, From D:/Programs/UE_4.14/Engine/Plugins/Online/OnlineSubsystem/OnlineSubsystem.uplugin
LogPluginManager: Loaded Plugin OnlineSubsystemAmazon, From D:/Programs/UE_4.14/Engine/Plugins/Online/OnlineSubsystemAmazon/OnlineSubsystemAmazon.uplugin
LogPluginManager: Loaded Plugin OnlineSubsystemFacebook, From D:/Programs/UE_4.14/Engine/Plugins/Online/OnlineSubsystemFacebook/OnlineSubsystemFacebook.uplugin
LogPluginManager: Loaded Plugin OnlineSubsystemNull, From D:/Programs/UE_4.14/Engine/Plugins/Online/OnlineSubsystemNull/OnlineSubsystemNull.uplugin
LogPluginManager: Loaded Plugin OnlineSubsystemOculus, From D:/Programs/UE_4.14/Engine/Plugins/Online/OnlineSubsystemOculus/OnlineSubsystemOculus.uplugin
LogPluginManager: Loaded Plugin OnlineSubsystemSteam, From D:/Programs/UE_4.14/Engine/Plugins/Online/OnlineSubsystemSteam/OnlineSubsystemSteam.uplugin
LogPluginManager: Loaded Plugin OnlineSubsystemUtils, From D:/Programs/UE_4.14/Engine/Plugins/Online/OnlineSubsystemUtils/OnlineSubsystemUtils.uplugin
LogPluginManager: Loaded Plugin IOSTapJoy, From D:/Programs/UE_4.14/Engine/Plugins/Runtime/Advertising/IOSTapJoy/IOSTapJoy.uplugin
LogPluginManager: Loaded Plugin AnalyticsBlueprintLibrary, From D:/Programs/UE_4.14/Engine/Plugins/Runtime/Analytics/AnalyticsBlueprintLibrary/AnalyticsBlueprintLibrary.uplugin
LogPluginManager: Loaded Plugin AnalyticsMulticast, From D:/Programs/UE_4.14/Engine/Plugins/Runtime/Analytics/AnalyticsMulticast/AnalyticsMulticast.uplugin
LogPluginManager: Loaded Plugin Apsalar, From D:/Programs/UE_4.14/Engine/Plugins/Runtime/Analytics/Apsalar/Apsalar.uplugin
LogPluginManager: Loaded Plugin FileLogging, From D:/Programs/UE_4.14/Engine/Plugins/Runtime/Analytics/FileLogging/FileLogging.uplugin
LogPluginManager: Loaded Plugin Flurry, From D:/Programs/UE_4.14/Engine/Plugins/Runtime/Analytics/Flurry/Flurry.uplugin
LogPluginManager: Loaded Plugin AndroidDeviceProfileSelector, From D:/Programs/UE_4.14/Engine/Plugins/Runtime/AndroidDeviceProfileSelector/AndroidDeviceProfileSelector.uplugin
LogPluginManager: Loaded Plugin AndroidMoviePlayer, From D:/Programs/UE_4.14/Engine/Plugins/Runtime/AndroidMoviePlayer/AndroidMoviePlayer.uplugin
LogPluginManager: Loaded Plugin AppleMoviePlayer, From D:/Programs/UE_4.14/Engine/Plugins/Runtime/AppleMoviePlayer/AppleMoviePlayer.uplugin
LogPluginManager: Loaded Plugin ArchVisCharacter, From D:/Programs/UE_4.14/Engine/Plugins/Runtime/ArchVisCharacter/ArchVisCharacter.uplugin
LogPluginManager: Loaded Plugin CableComponent, From D:/Programs/UE_4.14/Engine/Plugins/Runtime/CableComponent/CableComponent.uplugin
LogPluginManager: Loaded Plugin CustomMeshComponent, From D:/Programs/UE_4.14/Engine/Plugins/Runtime/CustomMeshComponent/CustomMeshComponent.uplugin
LogPluginManager: Loaded Plugin ExampleDeviceProfileSelector, From D:/Programs/UE_4.14/Engine/Plugins/Runtime/ExampleDeviceProfileSelector/ExampleDeviceProfileSelector.uplugin
LogPluginManager: Loaded Plugin GearVR, From D:/Programs/UE_4.14/Engine/Plugins/Runtime/GearVR/GearVR.uplugin
LogPluginManager: Loaded Plugin GoogleVRController, From D:/Programs/UE_4.14/Engine/Plugins/Runtime/GoogleVR/GoogleVRController/GoogleVRController.uplugin
LogPluginManager: Loaded Plugin GoogleVRHMD, From D:/Programs/UE_4.14/Engine/Plugins/Runtime/GoogleVR/GoogleVRHMD/GoogleVRHMD.uplugin
LogPluginManager: Loaded Plugin IOSDeviceProfileSelector, From D:/Programs/UE_4.14/Engine/Plugins/Runtime/IOSDeviceProfileSelector/IOSDeviceProfileSelector.uplugin
LogPluginManager: Loaded Plugin LeapMotion, From D:/Programs/UE_4.14/Engine/Plugins/Runtime/LeapMotion/LeapMotion.uplugin
LogPluginManager: Loaded Plugin LinuxDeviceProfileSelector, From D:/Programs/UE_4.14/Engine/Plugins/Runtime/LinuxDeviceProfileSelector/LinuxDeviceProfileSelector.uplugin
LogPluginManager: Loaded Plugin MIDIDevice, From D:/Programs/UE_4.14/Engine/Plugins/Runtime/MIDIDevice/MIDIDevice.uplugin
LogPluginManager: Loaded Plugin MobilePatchingUtils, From D:/Programs/UE_4.14/Engine/Plugins/Runtime/MobilePatchingUtils/MobilePatchingUtils.uplugin
LogPluginManager: Loaded Plugin Ansel, From D:/Programs/UE_4.14/Engine/Plugins/Runtime/Nvidia/Ansel/Ansel.uplugin
LogPluginManager: Loaded Plugin OculusAudio, From D:/Programs/UE_4.14/Engine/Plugins/Runtime/OculusAudio/OculusAudio.uplugin
LogPluginManager: Loaded Plugin OculusInput, From D:/Programs/UE_4.14/Engine/Plugins/Runtime/OculusInput/OculusInput.uplugin
LogPluginManager: Loaded Plugin OculusLibrary, From D:/Programs/UE_4.14/Engine/Plugins/Runtime/OculusLibrary/OculusLibrary.uplugin
LogPluginManager: Loaded Plugin OculusRift, From D:/Programs/UE_4.14/Engine/Plugins/Runtime/OculusRift/OculusRift.uplugin
LogPluginManager: Loaded Plugin Oodle, From D:/Programs/UE_4.14/Engine/Plugins/Runtime/PacketHandlers/CompressionComponents/Oodle/Oodle.uplugin
LogPluginManager: Loaded Plugin ProceduralMeshComponent, From D:/Programs/UE_4.14/Engine/Plugins/Runtime/ProceduralMeshComponent/ProceduralMeshComponent.uplugin
LogPluginManager: Loaded Plugin SoundMod, From D:/Programs/UE_4.14/Engine/Plugins/Runtime/SoundMod/SoundMod.uplugin
LogPluginManager: Loaded Plugin SoundVisualizations, From D:/Programs/UE_4.14/Engine/Plugins/Runtime/SoundVisualizations/SoundVisualizations.uplugin
LogPluginManager: Loaded Plugin SteamController, From D:/Programs/UE_4.14/Engine/Plugins/Runtime/Steam/SteamController/SteamController.uplugin
LogPluginManager: Loaded Plugin SteamVR, From D:/Programs/UE_4.14/Engine/Plugins/Runtime/Steam/SteamVR/SteamVR.uplugin
LogPluginManager: Loaded Plugin WebBrowserWidget, From D:/Programs/UE_4.14/Engine/Plugins/Runtime/WebBrowserWidget/WebBrowserWidget.uplugin
LogPluginManager: Loaded Plugin WindowsDeviceProfileSelector, From D:/Programs/UE_4.14/Engine/Plugins/Runtime/WindowsDeviceProfileSelector/WindowsDeviceProfileSelector.uplugin
LogPluginManager: Loaded Plugin WindowsMoviePlayer, From D:/Programs/UE_4.14/Engine/Plugins/Runtime/WindowsMoviePlayer/WindowsMoviePlayer.uplugin
LogPluginManager: Loaded Plugin ScriptPlugin, From D:/Programs/UE_4.14/Engine/Plugins/ScriptPlugin/ScriptPlugin.uplugin
LogPluginManager: Loaded Plugin SlateRemote, From D:/Programs/UE_4.14/Engine/Plugins/Slate/SlateRemote/SlateRemote.uplugin
LogPluginManager: Loaded Plugin EditorTests, From D:/Programs/UE_4.14/Engine/Plugins/Tests/EditorTests/EditorTests.uplugin
LogPluginManager: Loaded Plugin FbxAutomationTestBuilder, From D:/Programs/UE_4.14/Engine/Plugins/Tests/FbxAutomationTestBuilder/FbxAutomationTestBuilder.uplugin
LogPluginManager: Loaded Plugin FunctionalTestingEditor, From D:/Programs/UE_4.14/Engine/Plugins/Tests/FunctionalTestingEditor/FunctionalTestingEditor.uplugin
LogPluginManager: Loaded Plugin RuntimeTests, From D:/Programs/UE_4.14/Engine/Plugins/Tests/RuntimeTests/RuntimeTests.uplugin
LogPluginManager: Loaded Plugin ScreenshotTools, From D:/Programs/UE_4.14/Engine/Plugins/Tests/ScreenshotTools/ScreenshotTools.uplugin
LogInit: Using libcurl 7.47.1
LogInit:  - built for x86_64-pc-win32
LogInit:  - supports SSL with OpenSSL/1.0.2g
LogInit:  - supports HTTP deflate (compression) using libz 1.2.8
LogInit:  - other features:
LogInit:      CURL_VERSION_SSL
LogInit:      CURL_VERSION_LIBZ
LogInit:      CURL_VERSION_IPV6
LogInit:      CURL_VERSION_ASYNCHDNS
LogInit:      CURL_VERSION_LARGEFILE
LogInit:      CURL_VERSION_IDN
LogInit:  CurlRequestOptions (configurable via config and command line):
LogInit:  - bVerifyPeer = false  - Libcurl will NOT verify peer certificate
LogInit:  - bUseHttpProxy = false  - Libcurl will NOT use HTTP proxy
LogInit:  - bDontReuseConnections = false  - Libcurl will reuse connections
LogInit:  - CertBundlePath = nullptr  - Libcurl will use whatever was configured at build time.
LogInit: Build: ++UE4+Release-4.14-CL-3249277
LogInit: Engine Version: 4.14.3-3249277+++UE4+Release-4.14
LogInit: Compatible Engine Version: 4.14.0-3195953+++UE4+Release-4.14
LogInit: Net CL: 3195953
LogDevObjectVersion: Number of dev versions registered: 13
LogDevObjectVersion:   Dev-Blueprints (B0D832E4-1F89-4F0D-ACCF-7EB736FD4AA2): 7
LogDevObjectVersion:   Dev-Build (E1C64328-A22C-4D53-A36C-8E866417BD8C): 0
LogDevObjectVersion:   Dev-Core (375EC13C-06E4-48FB-B500-84F0262A717E): 1
LogDevObjectVersion:   Dev-Editor (E4B068ED-F494-42E9-A231-DA0B2E46BB41): 8
LogDevObjectVersion:   Dev-Framework (CFFC743F-43B0-4480-9391-14DF171D2073): 17
LogDevObjectVersion:   Dev-Mobile (B02B49B5-BB20-44E9-A304-32B752E40360): 0
LogDevObjectVersion:   Dev-Networking (A4E4105C-59A1-49B5-A7C5-40C4547EDFEE): 0
LogDevObjectVersion:   Dev-Online (39C831C9-5AE6-47DC-9A44-9C173E1C8E7C): 0
LogDevObjectVersion:   Dev-Physics (78F01B33-EBEA-4F98-B9B4-84EACCB95AA2): 0
LogDevObjectVersion:   Dev-Platform (6631380F-2D4D-43E0-8009-CF276956A95A): 0
LogDevObjectVersion:   Dev-Rendering (12F88B9F-8875-4AFC-A67C-D90C383ABD29): 12
LogDevObjectVersion:   Dev-Sequencer (7B5AE74C-D270-4C10-A958-57980B212A5A): 1
LogDevObjectVersion:   Dev-VR (D7296918-1DD6-4BDD-9DE2-64A83CC13884): 0
LogInit: Compiled (64-bit): Jan  6 2017 10:49:43
LogInit: Compiled with Visual C++: 19.00.23026.00
LogInit: Build Configuration: Development
LogInit: Branch Name: ++UE4+Release-4.14
LogInit: Command line: -EpicPortal 
LogInit: Base directory: D:/Programs/UE_4.14/Engine/Binaries/Win64/
LogInit: Installed Engine Build: 1
LogInit: Presizing for max 8388607 objects, including 0 objects not considered by GC, pre-allocating 0 bytes for permanent pool.
LogInit: Object subsystem initialized
[2017.02.21-23.22.50:699][  0]LogConsoleManager:Display: Setting the console variable 'r.RHICmdBypass' with 'SetByProjectSetting' was ignored as it is lower priority than the previous 'SetBySystemSettingsIni'
[2017.02.21-23.22.50:703][  0]LogInit: Selected Device Profile: [Windows]
[2017.02.21-23.22.50:703][  0]LogInit: Applying CVar settings loaded from the selected device profile: [Windows]
[2017.02.21-23.22.50:714][  0]LogInit: Computer: DESKTOP-SA90QCC
[2017.02.21-23.22.50:714][  0]LogInit: User: rickb
[2017.02.21-23.22.50:714][  0]LogInit: CPU Page size=65536, Cores=4
[2017.02.21-23.22.50:714][  0]LogInit: High frequency timer resolution =3.215367 MHz
[2017.02.21-23.22.50:714][  0]LogMemory: Memory total: Physical=15.9GB (16GB approx)
[2017.02.21-23.22.50:714][  0]LogMemory: Platform Memory Stats for Windows
[2017.02.21-23.22.50:714][  0]LogMemory: Process Physical Memory: 264.54 MB used, 264.54 MB peak
[2017.02.21-23.22.50:714][  0]LogMemory: Process Virtual Memory: 262.61 MB used, 262.61 MB peak
[2017.02.21-23.22.50:714][  0]LogMemory: Physical Memory: 7866.78 MB used,  8411.14 MB free, 16277.92 MB total
[2017.02.21-23.22.50:714][  0]LogMemory: Virtual Memory: 675.55 MB used,  8411.14 MB free, 134217728.00 MB total
[2017.02.21-23.22.50:746][  0]LogTextLocalizationManager: No specific translations for ('en-US') exist, so ('en') translations will be used.
[2017.02.21-23.22.51:732][  0]LogD3D11RHI: D3D11 adapters:
[2017.02.21-23.22.51:748][  0]LogD3D11RHI:    0. 'AMD Radeon R9 200 / HD 7900 Series' (Feature Level 11_0)
[2017.02.21-23.22.51:748][  0]LogD3D11RHI:       3053/0/8138 MB DedicatedVideo/DedicatedSystem/SharedSystem, Outputs:1, VendorId:0x1002
[2017.02.21-23.22.51:751][  0]LogD3D11RHI:    1. 'Intel(R) HD Graphics 3000' (Feature Level 10_0)
[2017.02.21-23.22.51:751][  0]LogD3D11RHI:       32/0/1632 MB DedicatedVideo/DedicatedSystem/SharedSystem, Outputs:0, VendorId:0x8086
[2017.02.21-23.22.51:753][  0]LogD3D11RHI:    2. 'Microsoft Basic Render Driver' (Feature Level 11_0)
[2017.02.21-23.22.51:753][  0]LogD3D11RHI:       0/0/8138 MB DedicatedVideo/DedicatedSystem/SharedSystem, Outputs:0, VendorId:0x1414
[2017.02.21-23.22.51:753][  0]LogD3D11RHI: Chosen D3D11 Adapter: 0
[2017.02.21-23.22.51:758][  0]LogD3D11RHI: Creating new Direct3DDevice
[2017.02.21-23.22.51:758][  0]LogD3D11RHI:     GPU DeviceId: 0x6798 (for the marketing name, search the web for "GPU Device Id")
[2017.02.21-23.22.51:758][  0]LogWindows: EnumDisplayDevices:
[2017.02.21-23.22.51:758][  0]LogWindows:    0. 'AMD Radeon R9 200 / HD 7900 Series' (P:1 D:1)
[2017.02.21-23.22.51:759][  0]LogWindows:    1. 'AMD Radeon R9 200 / HD 7900 Series' (P:0 D:0)
[2017.02.21-23.22.51:759][  0]LogWindows:    2. 'AMD Radeon R9 200 / HD 7900 Series' (P:0 D:0)
[2017.02.21-23.22.51:759][  0]LogWindows:    3. 'AMD Radeon R9 200 / HD 7900 Series' (P:0 D:0)
[2017.02.21-23.22.51:760][  0]LogWindows:    4. 'AMD Radeon R9 200 / HD 7900 Series' (P:0 D:0)
[2017.02.21-23.22.51:760][  0]LogWindows:    5. 'AMD Radeon R9 200 / HD 7900 Series' (P:0 D:0)
[2017.02.21-23.22.51:760][  0]LogWindows:    6. 'Intel(R) HD Graphics 3000' (P:0 D:0)
[2017.02.21-23.22.51:761][  0]LogWindows:    7. 'Intel(R) HD Graphics 3000' (P:0 D:0)
[2017.02.21-23.22.51:761][  0]LogWindows: DebugString: PrimaryIsNotTheChoosenAdapter PrimaryIsNotTheChoosenAdapter FoundDriverCount:6 
[2017.02.21-23.22.51:761][  0]LogD3D11RHI:     Adapter Name: AMD Radeon R9 200 / HD 7900 Series
[2017.02.21-23.22.51:761][  0]LogD3D11RHI:   Driver Version: Crimson ReLive 17.1.2 (internal:21.19.413.0, unified:21.19.413.0)
[2017.02.21-23.22.51:761][  0]LogD3D11RHI:      Driver Date: 1-25-2017
[2017.02.21-23.22.51:761][  0]LogRHI: Texture pool is 1361 MB (70% of 1945 MB)
[2017.02.21-23.22.51:771][  0]LogD3D11RHI: Async texture creation enabled
[2017.02.21-23.22.51:783][  0]LogD3D11RHI: GPU Timing Frequency: 27.000000 (Debug: 2 1)
[2017.02.21-23.22.51:784][  0]LogShaderCompilers: Guid format shader working directory is -23 characters bigger than the processId version (C:/Users/rickb/OneDrive/Documents/GitHub/VIVE-Construction/VRBridgeSim/Intermediate/Shaders/WorkingDirectory/444/).
[2017.02.21-23.22.51:784][  0]LogShaderCompilers: Cleaned the shader compiler working directory 'C:/Users/rickb/AppData/Local/Temp/UnrealShaderWorkingDir/1D46F0F8496E463687141FBA793E77E8/'.
[2017.02.21-23.22.51:784][  0]LogShaderCompilers:Display: Using Local Shader Compiler.
[2017.02.21-23.22.53:024][  0]LogTemp:Display: Loaded TP AllDesktopTargetPlatform
[2017.02.21-23.22.53:095][  0]LogTemp:Display: Loaded TP MacClientTargetPlatform
[2017.02.21-23.22.53:166][  0]LogTemp:Display: Loaded TP MacNoEditorTargetPlatform
[2017.02.21-23.22.53:238][  0]LogTemp:Display: Loaded TP MacServerTargetPlatform
[2017.02.21-23.22.53:317][  0]LogTemp:Display: Loaded TP MacTargetPlatform
[2017.02.21-23.22.53:389][  0]LogTemp:Display: Loaded TP WindowsClientTargetPlatform
[2017.02.21-23.22.53:460][  0]LogTemp:Display: Loaded TP WindowsNoEditorTargetPlatform
[2017.02.21-23.22.53:532][  0]LogTemp:Display: Loaded TP WindowsServerTargetPlatform
[2017.02.21-23.22.53:592][  0]LogTemp:Display: Loaded TP WindowsTargetPlatform
[2017.02.21-23.22.53:661][  0]LogTemp:Display: Loaded TP AndroidTargetPlatform
[2017.02.21-23.22.53:730][  0]LogTemp:Display: Loaded TP Android_ASTCTargetPlatform
[2017.02.21-23.22.53:802][  0]LogTemp:Display: Loaded TP Android_ATCTargetPlatform
[2017.02.21-23.22.53:871][  0]LogTemp:Display: Loaded TP Android_DXTTargetPlatform
[2017.02.21-23.22.53:944][  0]LogTemp:Display: Loaded TP Android_ETC1TargetPlatform
[2017.02.21-23.22.54:013][  0]LogTemp:Display: Loaded TP Android_ETC2TargetPlatform
[2017.02.21-23.22.54:157][  0]LogTemp:Display: Loaded TP Android_MultiTargetPlatform
[2017.02.21-23.22.54:157][  0]LogTemp:Display: Loaded TP Android_PVRTCTargetPlatform
[2017.02.21-23.22.54:208][  0]LogTemp:Display: Loaded TP HTML5TargetPlatform
[2017.02.21-23.22.54:310][  0]LogTemp:Display: Loaded TP IOSTargetPlatform
[2017.02.21-23.22.54:350][  0]LogTemp:Display: Loaded TP TVOSTargetPlatform
[2017.02.21-23.22.54:419][  0]LogTemp:Display: Loaded TP LinuxClientTargetPlatform
[2017.02.21-23.22.54:489][  0]LogTemp:Display: Loaded TP LinuxNoEditorTargetPlatform
[2017.02.21-23.22.54:558][  0]LogTemp:Display: Loaded TP LinuxServerTargetPlatform
[2017.02.21-23.22.54:629][  0]LogTemp:Display: Loaded TP LinuxTargetPlatform
[2017.02.21-23.22.54:630][  0]LogTargetPlatformManager:Display: Building Assets For Windows
[2017.02.21-23.22.55:091][  0]LogDerivedDataCache:Display: Max Cache Size: 512 MB
[2017.02.21-23.22.55:163][  0]LogDerivedDataCache: Loaded boot cache 0.07s 61MB C:/Users/rickb/AppData/Local/UnrealEngine/4.14/DerivedDataCache/Boot.ddc.
[2017.02.21-23.22.55:165][  0]LogDerivedDataCache:Display: Loaded Boot cache: C:/Users/rickb/AppData/Local/UnrealEngine/4.14/DerivedDataCache/Boot.ddc
[2017.02.21-23.22.55:166][  0]LogDerivedDataCache: FDerivedDataBackendGraph:  Pak pak cache file C:/Users/rickb/OneDrive/Documents/GitHub/VIVE-Construction/VRBridgeSim/DerivedDataCache/DDC.ddp not found, will not use a pak cache.
[2017.02.21-23.22.55:166][  0]LogDerivedDataCache: Unable to find inner node Pak for hierarchical cache Hierarchy.
[2017.02.21-23.22.55:166][  0]LogDerivedDataCache: FDerivedDataBackendGraph:  CompressedPak pak cache file C:/Users/rickb/OneDrive/Documents/GitHub/VIVE-Construction/VRBridgeSim/DerivedDataCache/Compressed.ddp not found, will not use a pak cache.
[2017.02.21-23.22.55:166][  0]LogDerivedDataCache: Unable to find inner node CompressedPak for hierarchical cache Hierarchy.
[2017.02.21-23.22.55:184][  0]LogDerivedDataCache:Display: Pak cache opened for reading ../../../Engine/DerivedDataCache/Compressed.ddp.
[2017.02.21-23.22.55:196][  0]LogDerivedDataCache: Using Local data cache path C:/Users/rickb/AppData/Local/UnrealEngine/Common/DerivedDataCache: Writable
[2017.02.21-23.22.55:499][  0]LogInit: Selected Device Profile: [Windows]
[2017.02.21-23.22.55:502][  0]LogContentStreaming: Texture pool size is 0.00 MB
[2017.02.21-23.22.55:767][  0]LogMeshUtilities: Using QuadricMeshReduction for automatic static mesh reduction
[2017.02.21-23.22.55:823][  0]LogSimplygon: Simplygon DLL not present - disabling.
[2017.02.21-23.22.55:892][  0]LogMeshUtilities: Using SimplygonSwarm for distributed automatic mesh merging
[2017.02.21-23.22.55:892][  0]LogMeshUtilities: No automatic skeletal mesh reduction module available
[2017.02.21-23.22.55:892][  0]LogMeshUtilities: No automatic mesh merging module available
[2017.02.21-23.22.56:510][  0]LogNetVersion: GetLocalNetworkVersion: CL: 3195953, ProjectName: vrbridgesim, ProjectVersion: , EngineNetworkVersion: 2, GameNetworkVersion: 0, NetworkChecksum: 1168194767
[2017.02.21-23.22.56:574][  0]LogAssetRegistry: FAssetRegistry took 0.0218 seconds to start up
[2017.02.21-23.22.56:596][  0]LogDirectoryWatcher:Warning: Failed to begin reading directory changes for ../../../Engine/Plugins/Marketplace/RunebergVRPlugin/Content/. Error: The system cannot find the file specified. (0x00000002)
[2017.02.21-23.22.56:634][  0]LogPackageLocalizationCache: Processed 4 localized package path(s) for 2 prioritized culture(s) in 0.037357 seconds
[2017.02.21-23.22.56:640][  0]LogUObjectArray: 31946 objects as part of root set at end of initial load.
[2017.02.21-23.22.56:640][  0]LogUObjectAllocator: 6935840 out of 0 bytes used by permanent object pool.
[2017.02.21-23.22.56:640][  0]LogUObjectArray: CloseDisregardForGC: 0/0 objects in disregard for GC pool
[2017.02.21-23.22.56:703][  0]LogInit: WinSock: version 1.1 (2.2), MaxSocks=32767, MaxUdp=65467
[2017.02.21-23.22.57:620][  0]LogSlate: Using Freetype 2.6.0
[2017.02.21-23.22.57:622][  0]LogSlate: SlateFontCache - WITH_FREETYPE: 1, WITH_HARFBUZZ: 1
[2017.02.21-23.22.57:622][  0]LogSlate: SlateFontCache - WITH_FREETYPE: 1, WITH_HARFBUZZ: 1
[2017.02.21-23.22.59:049][  0]LogSubstanceCoreModule: Substance [CPU] Engine Loaded, Max Texture Size = 2048
[2017.02.21-23.22.59:086][  0]LogTcpMessaging: Initializing TcpMessaging bridge
[2017.02.21-23.22.59:134][  0]LogUdpMessaging: Initializing bridge on interface 0.0.0.0:0 to multicast group 230.0.0.1:6666.
[2017.02.21-23.22.59:521][  0]LogMaterial: Uniform references updated for custom material expression Custom.
[2017.02.21-23.23.00:033][  0]SourceControl: Info Source control is disabled
[2017.02.21-23.23.00:114][  0]SourceControl: Info Source control is disabled
[2017.02.21-23.23.00:185][  0]SourceControl: Info Source control is disabled
[2017.02.21-23.23.00:252][  0]SourceControl: Info Source control is disabled
[2017.02.21-23.23.02:145][  0]LogEngine: Initializing Engine...
[2017.02.21-23.23.02:750][  0]LogHMD: SteamVR initialized.  Driver: lighthouse  Display: LHR-B23D4E72
[2017.02.21-23.23.03:052][  0]LogAIModule: Creating AISystem for world Untitled
[2017.02.21-23.23.03:092][  0]LogInit: XAudio2 using 'Speakers (Realtek High Definition Audio)' : 2 channels at 48 kHz using 32 bits per sample (channel mask 0x3)
[2017.02.21-23.23.03:105][  0]LogInit: FAudioDevice initialized.
[2017.02.21-23.23.03:139][  0]LogDerivedDataCache: Saved boot cache 0.03s 61MB C:/Users/rickb/AppData/Local/UnrealEngine/4.14/DerivedDataCache/Boot.ddc.
[2017.02.21-23.23.03:151][  0]LogInit: Texture streaming: Enabled
[2017.02.21-23.23.03:364][  0]LogInit: Transaction tracking system initialized
[2017.02.21-23.23.03:815][  0]BlueprintLog: New page: Editor Load
[2017.02.21-23.23.04:920][  0]LocalizationService: Info Localization service is disabled
[2017.02.21-23.23.05:746][  0]LogConsoleResponse:Display: 
[2017.02.21-23.23.05:898][  0]LogCook:Display: Max memory allowance for cook 16384mb min free memory 0mb
[2017.02.21-23.23.05:898][  0]LogCook:Display: Mobile HDR setting 1
[2017.02.21-23.23.06:775][  0]LogFileCache: Scanning file cache for directory 'C:/Users/rickb/OneDrive/Documents/GitHub/VIVE-Construction/VRBridgeSim/Content/' took 0.01s
[2017.02.21-23.23.07:159][  0]SourceControl: Info Source control is disabled
[2017.02.21-23.23.07:159][  0]Cmd: MAP LOAD FILE="C:/Users/rickb/OneDrive/Documents/GitHub/VIVE-Construction/VRBridgeSim/Content/VirtualRealityBP/Maps/StartupMap.umap" TEMPLATE=0 SHOWPROGRESS=1 FEATURELEVEL=3
[2017.02.21-23.23.07:160][  0]LightingResults: New page: Lighting Build
[2017.02.21-23.23.07:215][  0]MapCheck: New page: Map Check
[2017.02.21-23.23.07:215][  0]LightingResults: New page: Lighting Build
[2017.02.21-23.23.07:295][  0]LogAIModule: Creating AISystem for world StartupMap
[2017.02.21-23.23.07:303][  0]LogEditorServer: Finished looking for orphan Actors (0.000 secs)
[2017.02.21-23.23.07:303][  0]Cmd: MAP CHECKDEP NOCLEARLOG
[2017.02.21-23.23.07:406][  0]MapCheck: Info Map check complete: 0 Error(s), 0 Warning(s), took 102.409ms to complete.
[2017.02.21-23.23.07:406][  0]LogFileHelpers: Loading map 'StartupMap' took 0.247
[2017.02.21-23.23.07:467][  0]LogWindowsTextInputMethodSystem:Display: IME system now deactivated.
[2017.02.21-23.23.07:554][  0]LogCollectionManager: Loaded 0 collections in 0.001588 seconds
[2017.02.21-23.23.07:646][  0]LogFileCache: Scanning file cache for directory 'C:/Users/rickb/OneDrive/Documents/GitHub/VIVE-Construction/VRBridgeSim/Saved/Collections/' took 0.01s
[2017.02.21-23.23.07:647][  0]LogFileCache: Scanning file cache for directory 'C:/Users/rickb/OneDrive/Documents/GitHub/VIVE-Construction/VRBridgeSim/Content/Developers/rickb/Collections/' took 0.01s
[2017.02.21-23.23.07:647][  0]LogFileCache: Scanning file cache for directory 'C:/Users/rickb/OneDrive/Documents/GitHub/VIVE-Construction/VRBridgeSim/Content/Collections/' took 0.01s
[2017.02.21-23.23.07:647][  0]LogCollectionManager: Rebuilt the GUID cache for 0 collections in 0.000002 seconds
[2017.02.21-23.23.07:657][  0]LogContentBrowser: Native class hierarchy populated in 0.0105 seconds. Added 2208 classes and 437 folders.
[2017.02.21-23.23.07:710][  0]LogStats: UGameplayTagsManager::ConstructGameplayTagTree: Construct from data asset -  0.000 s
[2017.02.21-23.23.07:710][  0]LogStats: UGameplayTagsManager::ConstructGameplayTagTree: GameplayTagTreeChangedEvent.Broadcast -  0.000 s
[2017.02.21-23.23.07:711][  0]LogContentBrowser: Native class hierarchy updated for 'GameplayTags' in 0.0006 seconds. Added 13 classes and 0 folders.
[2017.02.21-23.23.07:784][  0]LogContentBrowser: Native class hierarchy updated for 'WidgetCarousel' in 0.0005 seconds. Added 0 classes and 0 folders.
[2017.02.21-23.23.07:885][  0]LogContentBrowser: Native class hierarchy updated for 'AddContentDialog' in 0.0006 seconds. Added 0 classes and 0 folders.
[2017.02.21-23.23.07:943][  0]LogContentBrowser: Native class hierarchy updated for 'SceneOutliner' in 0.0007 seconds. Added 1 classes and 2 folders.
[2017.02.21-23.23.07:989][  0]LogCrashTracker: Crashtracker disabled due to settings.
[2017.02.21-23.23.07:994][  0]LogUObjectGlobals:Warning: Failed to find object 'Class None.'
[2017.02.21-23.23.08:069][  0]LogContentBrowser: Native class hierarchy updated for 'HierarchicalLODOutliner' in 0.0006 seconds. Added 1 classes and 2 folders.
[2017.02.21-23.23.08:070][  0]LogLoad: (Engine Initialization) Total time: 19.41 seconds
[2017.02.21-23.23.08:070][  0]LogLoad: (Engine Initialization) Total Blueprint compile time: 0.05 seconds
[2017.02.21-23.23.08:070][  0]LogExternalProfiler: Found external profiler: VSPerf
[2017.02.21-23.23.08:070][  0]LogExternalProfiler: Using external profiler: VSPerf
[2017.02.21-23.23.08:079][  0]LogOcInput: OculusInput pre-init called
[2017.02.21-23.23.08:098][  0]LogContentStreaming: Texture pool size now 1000 MB
[2017.02.21-23.23.08:280][  0]LogRenderer: Reallocating scene render targets to support 1124x576 NumSamples 1 (Frame:2).
[2017.02.21-23.23.08:367][  1]LogAssetRegistry: Asset discovery search completed in 11.8154 seconds
[2017.02.21-23.23.08:367][  1]LogCollectionManager: Rebuilt the object cache for 0 collections in 0.000001 seconds (found 0 objects)
[2017.02.21-23.23.08:367][  1]LogCollectionManager: Fixed up redirectors for 0 collections in 0.000018 seconds (updated 0 objects)
[2017.02.21-23.23.13:054][395]LogContentBrowser: Native class hierarchy updated for 'BlueprintGraph' in 0.0010 seconds. Added 111 classes and 0 folders.
[2017.02.21-23.23.13:161][395]LogBlueprintSupport:Warning: Editor config [EditoronlyBP] settings are DEPRECATED. You're not explicitly setting any, but they've been defaulting to off. If you are relying on this functionality, then please fix it up so your Blueprints don't break in a future release.
[2017.02.21-23.23.23:809][883]LogAIModule: Creating AISystem for world SimulationMap
[2017.02.21-23.23.23:863][883]Cmd: MAP LOAD FILE="C:/Users/rickb/OneDrive/Documents/GitHub/VIVE-Construction/VRBridgeSim/Content/SimulationMap.umap" TEMPLATE=0 SHOWPROGRESS=1 FEATURELEVEL=3
[2017.02.21-23.23.23:863][883]LightingResults: New page: Lighting Build
[2017.02.21-23.23.23:864][883]LoadErrors: New page: Loading map: SimulationMap.umap
[2017.02.21-23.23.23:865][883]MapCheck: New page: Map Check
[2017.02.21-23.23.23:865][883]LightingResults: New page: Lighting Build
[2017.02.21-23.23.23:892][883]LogEditorServer: Finished looking for orphan Actors (0.000 secs)
[2017.02.21-23.23.23:911][883]Cmd: MAP CHECKDEP NOCLEARLOG
[2017.02.21-23.23.24:032][883]MapCheck: Info Map check complete: 0 Error(s), 0 Warning(s), took 121.064ms to complete.
[2017.02.21-23.23.24:033][883]LogFileHelpers: Loading map 'SimulationMap' took 0.171
[2017.02.21-23.23.30:534][588]LogEditorViewport: Clicking on Actor (LMB): StaticMeshActor (Cube)
[2017.02.21-23.23.31:876][719]Cmd: EDIT COPY
[2017.02.21-23.23.32:377][769]Cmd: EDIT PASTE
[2017.02.21-23.23.38:900][368]LogEditorActor: Deleted Actor: Terrain_C
[2017.02.21-23.23.38:922][368]LogEditorActor: Deleted 1 Actors (0.022 secs)
[2017.02.21-23.23.44:174][981]LogEditorViewport: Clicking on Actor (LMB): StaticMeshActor (Cube3)
[2017.02.21-23.25.36:952][268]LogTemp: Repeting last play command: VR Preview
[2017.02.21-23.25.36:999][268]LogPlayLevel: PlayLevel: No blueprints needed recompiling
[2017.02.21-23.25.36:999][268]PIE: New page: PIE session: SimulationMap (Feb 21, 2017, 9:25:36 AM)
[2017.02.21-23.25.36:999][268]LogPlayLevel: Creating play world package: /Game/UEDPIE_0_SimulationMap
[2017.02.21-23.25.37:002][268]LogPlayLevel: PIE: StaticDuplicateObject took: (0.003001s)
[2017.02.21-23.25.37:003][268]LogAIModule: Creating AISystem for world SimulationMap
[2017.02.21-23.25.37:003][268]LogPlayLevel: PIE: World Init took: (0.001128s)
[2017.02.21-23.25.37:004][268]LogPlayLevel: PIE: Created PIE world by copying editor world from /Game/SimulationMap.SimulationMap to /Game/UEDPIE_0_SimulationMap.SimulationMap (0.004462s)
[2017.02.21-23.25.37:066][268]LogInit: XAudio2 using 'Speakers (Realtek High Definition Audio)' : 2 channels at 48 kHz using 32 bits per sample (channel mask 0x3)
[2017.02.21-23.25.37:074][268]LogInit: FAudioDevice initialized.
[2017.02.21-23.25.37:175][268]LogUObjectGlobals:Warning: Failed to find object 'Class None.'
[2017.02.21-23.25.37:175][268]LogLoad: Game class is 'GameModeBase'
[2017.02.21-23.25.37:178][268]LogWorld: Bringing World /Game/UEDPIE_0_SimulationMap.SimulationMap up for play (max tick rate 0) at 2017.02.21-16.25.37
[2017.02.21-23.25.37:178][268]LogWorld: Bringing up level for play took: 0.001649
[2017.02.21-23.25.37:238][268]LogContentBrowser: Native class hierarchy updated for 'MovieSceneCapture' in 0.0007 seconds. Added 11 classes and 0 folders.
[2017.02.21-23.25.37:251][268]PIE: Info Play in editor start time for /Game/UEDPIE_0_SimulationMap 0.97
[2017.02.21-23.25.37:305][269]LogRenderer: Reallocating scene render targets to support 3024x1680 NumSamples 1 (Frame:5663).
[2017.02.21-23.26.49:295][919]LogTemp: Repeting last play command: VR Preview
[2017.02.21-23.26.49:315][919]BlueprintLog: New page: Pre-Play auto-recompile
[2017.02.21-23.26.49:315][919]LogPlayLevel: [PlayLevel] Compiling LevelManager before play...
[2017.02.21-23.26.49:497][919]LogPlayLevel: PlayLevel: Blueprint regeneration took 182 ms (1 blueprints)
[2017.02.21-23.26.49:498][919]PIE: New page: PIE session: SimulationMap (Feb 21, 2017, 9:26:49 AM)
[2017.02.21-23.26.49:498][919]LogPlayLevel: Creating play world package: /Game/UEDPIE_0_SimulationMap
[2017.02.21-23.26.49:501][919]LogPlayLevel: PIE: StaticDuplicateObject took: (0.003010s)
[2017.02.21-23.26.49:501][919]LogAIModule: Creating AISystem for world SimulationMap
[2017.02.21-23.26.49:501][919]LogPlayLevel: PIE: World Init took: (0.000729s)
[2017.02.21-23.26.49:502][919]LogPlayLevel: PIE: Created PIE world by copying editor world from /Game/SimulationMap.SimulationMap to /Game/UEDPIE_0_SimulationMap.SimulationMap (0.004144s)
[2017.02.21-23.26.49:556][919]LogInit: XAudio2 using 'Speakers (Realtek High Definition Audio)' : 2 channels at 48 kHz using 32 bits per sample (channel mask 0x3)
[2017.02.21-23.26.49:564][919]LogInit: FAudioDevice initialized.
[2017.02.21-23.26.49:643][919]LogUObjectGlobals:Warning: Failed to find object 'Class None.'
[2017.02.21-23.26.49:643][919]LogLoad: Game class is 'GameModeBase'
[2017.02.21-23.26.49:645][919]LogWorld: Bringing World /Game/UEDPIE_0_SimulationMap.SimulationMap up for play (max tick rate 0) at 2017.02.21-16.26.49
[2017.02.21-23.26.49:645][919]LogWorld: Bringing up level for play took: 0.001455
[2017.02.21-23.26.49:646][919]LogGameMode: Warning - PATHS NOT DEFINED or NO PLAYERSTART with positive rating
[2017.02.21-23.26.49:656][919]PIE: Info Play in editor start time for /Game/UEDPIE_0_SimulationMap -0.625
[2017.02.21-23.30.19:091][895]LogPhysics:Warning: AddConvexElemsToRigidActor: [/Game/bridge_component_beam.bridge_component_beam] ConvexElem[0] invalid
[2017.02.21-23.30.19:092][895]LogPhysics:Warning: AddConvexElemsToRigidActor: [/Game/bridge_component_beam.bridge_component_beam] ConvexElem[0] invalid
[2017.02.21-23.30.19:093][895]LogPhysics:Warning: AddConvexElemsToRigidActor: [/Game/bridge_component_beam.bridge_component_beam] ConvexElem[0] invalid
[2017.02.21-23.30.19:093][895]LogPhysics:Warning: AddConvexElemsToRigidActor: [/Game/bridge_component_beam.bridge_component_beam] ConvexElem[0] invalid
[2017.02.21-23.30.19:094][895]LogPhysics:Warning: AddConvexElemsToRigidActor: [/Game/bridge_component_beam.bridge_component_beam] ConvexElem[0] invalid
[2017.02.21-23.30.19:094][895]LogPhysics:Warning: AddConvexElemsToRigidActor: [/Game/bridge_component_beam.bridge_component_beam] ConvexElem[0] invalid
[2017.02.21-23.30.19:516][927]LogPhysics:Warning: AddConvexElemsToRigidActor: [/Game/bridge_component_beam.bridge_component_beam] ConvexElem[0] invalid
[2017.02.21-23.30.19:516][927]LogPhysics:Warning: AddConvexElemsToRigidActor: [/Game/bridge_component_beam.bridge_component_beam] ConvexElem[0] invalid
[2017.02.21-23.30.19:517][927]LogPhysics:Warning: AddConvexElemsToRigidActor: [/Game/bridge_component_beam.bridge_component_beam] ConvexElem[0] invalid
[2017.02.21-23.30.19:517][927]LogPhysics:Warning: AddConvexElemsToRigidActor: [/Game/bridge_component_beam.bridge_component_beam] ConvexElem[0] invalid
[2017.02.21-23.30.20:518][ 15]LogPhysics:Warning: AddConvexElemsToRigidActor: [/Game/bridge_component_beam.bridge_component_beam] ConvexElem[0] invalid
[2017.02.21-23.30.20:519][ 15]LogPhysics:Warning: AddConvexElemsToRigidActor: [/Game/bridge_component_beam.bridge_component_beam] ConvexElem[0] invalid
[2017.02.21-23.30.20:520][ 15]LogPhysics:Warning: AddConvexElemsToRigidActor: [/Game/bridge_component_beam.bridge_component_beam] ConvexElem[0] invalid
[2017.02.21-23.30.20:520][ 15]LogPhysics:Warning: AddConvexElemsToRigidActor: [/Game/bridge_component_beam.bridge_component_beam] ConvexElem[0] invalid
[2017.02.21-23.30.20:521][ 15]LogPhysics:Warning: AddConvexElemsToRigidActor: [/Game/bridge_component_beam.bridge_component_beam] ConvexElem[0] invalid
[2017.02.21-23.30.20:521][ 15]LogPhysics:Warning: AddConvexElemsToRigidActor: [/Game/bridge_component_beam.bridge_component_beam] ConvexElem[0] invalid
[2017.02.21-23.30.21:292][ 87]LogPhysics:Warning: AddConvexElemsToRigidActor: [/Game/bridge_component_beam.bridge_component_beam] ConvexElem[0] invalid
[2017.02.21-23.30.21:292][ 87]LogPhysics:Warning: AddConvexElemsToRigidActor: [/Game/bridge_component_beam.bridge_component_beam] ConvexElem[0] invalid
[2017.02.21-23.30.21:293][ 87]LogPhysics:Warning: AddConvexElemsToRigidActor: [/Game/bridge_component_beam.bridge_component_beam] ConvexElem[0] invalid
[2017.02.21-23.30.21:294][ 87]LogPhysics:Warning: AddConvexElemsToRigidActor: [/Game/bridge_component_beam.bridge_component_beam] ConvexElem[0] invalid
[2017.02.21-23.30.21:294][ 87]LogPhysics:Warning: AddConvexElemsToRigidActor: [/Game/bridge_component_beam.bridge_component_beam] ConvexElem[0] invalid
[2017.02.21-23.30.21:294][ 87]LogPhysics:Warning: AddConvexElemsToRigidActor: [/Game/bridge_component_beam.bridge_component_beam] ConvexElem[0] invalid
[2017.02.21-23.30.21:405][ 97]LogPhysics:Warning: AddConvexElemsToRigidActor: [/Game/bridge_component_beam.bridge_component_beam] ConvexElem[0] invalid
[2017.02.21-23.30.21:405][ 97]LogPhysics:Warning: AddConvexElemsToRigidActor: [/Game/bridge_component_beam.bridge_component_beam] ConvexElem[0] invalid
[2017.02.21-23.30.21:406][ 97]LogPhysics:Warning: AddConvexElemsToRigidActor: [/Game/bridge_component_beam.bridge_component_beam] ConvexElem[0] invalid
[2017.02.21-23.30.21:406][ 97]LogPhysics:Warning: AddConvexElemsToRigidActor: [/Game/bridge_component_beam.bridge_component_beam] ConvexElem[0] invalid
[2017.02.21-23.30.21:407][ 97]LogPhysics:Warning: AddConvexElemsToRigidActor: [/Game/bridge_component_beam.bridge_component_beam] ConvexElem[0] invalid
[2017.02.21-23.30.21:407][ 97]LogPhysics:Warning: AddConvexElemsToRigidActor: [/Game/bridge_component_beam.bridge_component_beam] ConvexElem[0] invalid
[2017.02.21-23.30.22:121][149]LogPhysics:Warning: AddConvexElemsToRigidActor: [/Game/bridge_component_beam.bridge_component_beam] ConvexElem[0] invalid
[2017.02.21-23.30.22:122][149]LogPhysics:Warning: AddConvexElemsToRigidActor: [/Game/bridge_component_beam.bridge_component_beam] ConvexElem[0] invalid
[2017.02.21-23.30.22:123][149]LogPhysics:Warning: AddConvexElemsToRigidActor: [/Game/bridge_component_beam.bridge_component_beam] ConvexElem[0] invalid
[2017.02.21-23.30.22:123][149]LogPhysics:Warning: AddConvexElemsToRigidActor: [/Game/bridge_component_beam.bridge_component_beam] ConvexElem[0] invalid
[2017.02.21-23.30.22:602][188]Cmd: TRANSACTION UNDO
[2017.02.21-23.30.22:602][188]LogEditorTransaction: Undo Scale Actors
[2017.02.21-23.30.22:603][188]LogPhysics:Warning: AddConvexElemsToRigidActor: [/Game/bridge_component_beam.bridge_component_beam] ConvexElem[0] invalid
[2017.02.21-23.30.22:603][188]LogPhysics:Warning: AddConvexElemsToRigidActor: [/Game/bridge_component_beam.bridge_component_beam] ConvexElem[0] invalid
[2017.02.21-23.30.22:604][188]LogPhysics:Warning: AddConvexElemsToRigidActor: [/Game/bridge_component_beam.bridge_component_beam] ConvexElem[0] invalid
[2017.02.21-23.30.22:604][188]LogPhysics:Warning: AddConvexElemsToRigidActor: [/Game/bridge_component_beam.bridge_component_beam] ConvexElem[0] invalid
[2017.02.21-23.30.22:604][188]LogPhysics:Warning: AddConvexElemsToRigidActor: [/Game/bridge_component_beam.bridge_component_beam] ConvexElem[0] invalid
[2017.02.21-23.30.22:605][188]LogPhysics:Warning: AddConvexElemsToRigidActor: [/Game/bridge_component_beam.bridge_component_beam] ConvexElem[0] invalid
[2017.02.21-23.30.22:929][210]Cmd: TRANSACTION UNDO
[2017.02.21-23.30.22:929][210]LogEditorTransaction: Undo Scale Actors
[2017.02.21-23.30.25:345][425]LogPhysics:Warning: AddConvexElemsToRigidActor: [/Game/bridge_component_beam.bridge_component_beam] ConvexElem[0] invalid
[2017.02.21-23.30.25:346][425]LogPhysics:Warning: AddConvexElemsToRigidActor: [/Game/bridge_component_beam.bridge_component_beam] ConvexElem[0] invalid
[2017.02.21-23.30.25:347][425]LogPhysics:Warning: AddConvexElemsToRigidActor: [/Game/bridge_component_beam.bridge_component_beam] ConvexElem[0] invalid
[2017.02.21-23.30.25:347][425]LogPhysics:Warning: AddConvexElemsToRigidActor: [/Game/bridge_component_beam.bridge_component_beam] ConvexElem[0] invalid
[2017.02.21-23.30.25:347][425]LogPhysics:Warning: AddConvexElemsToRigidActor: [/Game/bridge_component_beam.bridge_component_beam] ConvexElem[0] invalid
[2017.02.21-23.30.25:348][425]LogPhysics:Warning: AddConvexElemsToRigidActor: [/Game/bridge_component_beam.bridge_component_beam] ConvexElem[0] invalid
[2017.02.21-23.30.47:623][530]LogEditorViewport: Clicking on Actor (LMB): BridgeComponent_C (BridgeComponent)
[2017.02.21-23.30.57:870][483]LogEditorViewport: Clicking on Component (LMB): StaticMeshComponent (NODE_AddStaticMeshComponent-0_1335)
[2017.02.21-23.30.58:787][568]LogEditorViewport: Clicking on Actor (LMB): StaticMeshActor (Cube2)
[2017.02.21-23.30.59:805][656]LogEditorViewport: Clicking on Actor (LMB): BridgeComponent_C (BridgeComponent)
[2017.02.21-23.31.03:765][  0]LogEditorViewport: Clicking on Actor (LMB): StaticMeshActor (Cube2)
[2017.02.21-23.31.05:730][185]Cmd: TRANSACTION UNDO
[2017.02.21-23.31.05:730][185]LogEditorTransaction: Undo Clicking on Actors
[2017.02.21-23.31.06:379][234]Cmd: TRANSACTION UNDO
[2017.02.21-23.31.06:379][234]LogEditorTransaction: Undo Move Components
[2017.02.21-23.33.21:187][837]LogActorComponent: UnregisterComponent: (/Engine/Transient.EditorFloorComp) Not registered. Aborting.
[2017.02.21-23.33.21:244][837]LogActorComponent: UnregisterComponent: (/Engine/Transient.EditorFloorComp) Not registered. Aborting.
[2017.02.21-23.33.21:295][837]LogActorComponent: UnregisterComponent: (/Engine/Transient.EditorFloorComp) Not registered. Aborting.
[2017.02.21-23.33.21:358][837]LogActorComponent: UnregisterComponent: (/Engine/Transient.EditorFloorComp) Not registered. Aborting.
[2017.02.21-23.33.21:417][837]LogActorComponent: UnregisterComponent: (/Engine/Transient.EditorFloorComp) Not registered. Aborting.
[2017.02.21-23.33.21:654][838]Cmd: QUIT_EDITOR
[2017.02.21-23.33.21:975][838]LogWindowsTextInputMethodSystem:Display: IME system now deactivated.
[2017.02.21-23.33.22:000][838]LogExit: Preparing to exit.
[2017.02.21-23.33.22:470][838]LogExit: Editor shut down
[2017.02.21-23.33.22:471][838]LogExit: Transaction tracking system shut down
[2017.02.21-23.33.22:580][838]LogObj: Freed 0b from 0 cluster array pools.
[2017.02.21-23.33.22:580][838]LogExit: Object subsystem successfully closed.
[2017.02.21-23.33.22:600][838]LogD3D11RHI: Shutdown
[2017.02.21-23.33.22:600][838]LogD3D11RHI: CleanupD3DDevice
[2017.02.21-23.33.22:604][838]LogD3D11RHI: ~FD3D11DynamicRHI
[2017.02.21-23.33.22:617][838]LogHttp:Display: Http module shutting down, but needs to wait on 1 outstanding Http requests:
[2017.02.21-23.33.22:617][838]LogHttp:Display: 	verb=[POST] url=[https://datarouter.ol.epicgames.com/datarouter/api/v1/public/data?SessionID=%7B9EED5821-400D-71F6-1E4C-2AB857EC4144%7D&AppID=UEEditor.Rocket.Release&AppVersion=4.14.3-3249277%2B%2B%2BUE4%2BRelease-4.14&UserID=6ca2c1cf41020fcfd4a7a2a7089d4e32%7C5a16155fc96d4a028764b29e41d32c56%7Ca8f17a68-bce5-46e3-871d-40611d4104bf&AppEnvironment=datacollector-binary&UploadType=eteventstream] status=Processing
[2017.02.21-23.33.22:635][838]LogModuleManager: Shutting down and abandoning module MovieSceneCapture (247)
[2017.02.21-23.33.22:635][838]LogModuleManager: Shutting down and abandoning module BlueprintGraph (246)
[2017.02.21-23.33.22:635][838]LogModuleManager: Shutting down and abandoning module BlueprintProfiler (245)
[2017.02.21-23.33.22:635][838]LogModuleManager: Shutting down and abandoning module HierarchicalLODOutliner (244)
[2017.02.21-23.33.22:635][838]LogModuleManager: Shutting down and abandoning module CrashTracker (243)
[2017.02.21-23.33.22:635][838]LogModuleManager: Shutting down and abandoning module SceneOutliner (242)
[2017.02.21-23.33.22:635][838]LogModuleManager: Shutting down and abandoning module WidgetCarousel (241)
[2017.02.21-23.33.22:635][838]LogModuleManager: Shutting down and abandoning module AddContentDialog (240)
[2017.02.21-23.33.22:635][838]LogDirectoryWatcher: A directory notification for 'D:/Programs/UE_4.14/FeaturePacks/' was aborted.
[2017.02.21-23.33.22:637][838]LogModuleManager: Shutting down and abandoning module GameplayTags (239)
[2017.02.21-23.33.22:637][838]LogModuleManager: Shutting down and abandoning module EditorWidgets (238)
[2017.02.21-23.33.22:637][838]LogModuleManager: Shutting down and abandoning module CollectionManager (237)
[2017.02.21-23.33.22:637][838]LogDirectoryWatcher: A directory notification for 'C:/Users/rickb/OneDrive/Documents/GitHub/VIVE-Construction/VRBridgeSim/Content/Collections/' was aborted.
[2017.02.21-23.33.22:637][838]LogDirectoryWatcher: A directory notification for 'C:/Users/rickb/OneDrive/Documents/GitHub/VIVE-Construction/VRBridgeSim/Content/Developers/rickb/Collections/' was aborted.
[2017.02.21-23.33.22:637][838]LogDirectoryWatcher: A directory notification for 'C:/Users/rickb/OneDrive/Documents/GitHub/VIVE-Construction/VRBridgeSim/Saved/Collections/' was aborted.
[2017.02.21-23.33.22:637][838]LogModuleManager: Shutting down and abandoning module StatsViewer (236)
[2017.02.21-23.33.22:637][838]LogModuleManager: Shutting down and abandoning module FoliageEdit (235)
[2017.02.21-23.33.22:637][838]LogModuleManager: Shutting down and abandoning module LandscapeEditor (234)
[2017.02.21-23.33.22:637][838]LogModuleManager: Shutting down and abandoning module SceneDepthPickerMode (233)
[2017.02.21-23.33.22:637][838]LogModuleManager: Shutting down and abandoning module ActorPickerMode (232)
[2017.02.21-23.33.22:637][838]LogModuleManager: Shutting down and abandoning module GeometryMode (231)
[2017.02.21-23.33.22:637][838]LogModuleManager: Shutting down and abandoning module TextureAlignMode (230)
[2017.02.21-23.33.22:637][838]LogModuleManager: Shutting down and abandoning module BspMode (229)
[2017.02.21-23.33.22:637][838]LogModuleManager: Shutting down and abandoning module HardwareSurvey (228)
[2017.02.21-23.33.22:637][838]LogModuleManager: Shutting down and abandoning module SequenceRecorderSections (227)
[2017.02.21-23.33.22:637][838]LogModuleManager: Shutting down and abandoning module AutomationWorker (226)
[2017.02.21-23.33.22:637][838]LogModuleManager: Shutting down and abandoning module MatineeToLevelSequence (225)
[2017.02.21-23.33.22:637][838]LogModuleManager: Shutting down and abandoning module PlacementMode (224)
[2017.02.21-23.33.22:637][838]LogModuleManager: Shutting down and abandoning module LevelSequenceEditor (223)
[2017.02.21-23.33.22:637][838]LogModuleManager: Shutting down and abandoning module WmfMediaFactory (222)
[2017.02.21-23.33.22:637][838]LogModuleManager: Shutting down and abandoning module WmfMediaEditor (221)
[2017.02.21-23.33.22:637][838]LogModuleManager: Shutting down and abandoning module AvfMediaFactory (220)
[2017.02.21-23.33.22:637][838]LogModuleManager: Shutting down and abandoning module AvfMediaEditor (219)
[2017.02.21-23.33.22:637][838]LogModuleManager: Shutting down and abandoning module Media (218)
[2017.02.21-23.33.22:637][838]LogModuleManager: Shutting down and abandoning module AndroidMediaFactory (217)
[2017.02.21-23.33.22:637][838]LogModuleManager: Shutting down and abandoning module AndroidMediaEditor (216)
[2017.02.21-23.33.22:637][838]LogModuleManager: Shutting down and abandoning module CharacterAI (215)
[2017.02.21-23.33.22:637][838]LogModuleManager: Shutting down and abandoning module SequenceRecorder (214)
[2017.02.21-23.33.22:637][838]LogModuleManager: Shutting down and abandoning module AudioCapture (213)
[2017.02.21-23.33.22:637][838]LogModuleManager: Shutting down and abandoning module SmartSnapping (212)
[2017.02.21-23.33.22:637][838]LogModuleManager: Shutting down and abandoning module SessionServices (211)
[2017.02.21-23.33.22:637][838]LogModuleManager: Shutting down and abandoning module ViewportSnapping (210)
[2017.02.21-23.33.22:637][838]LogModuleManager: Shutting down and abandoning module ViewportInteraction (209)
[2017.02.21-23.33.22:637][838]LogModuleManager: Shutting down and abandoning module LogVisualizer (208)
[2017.02.21-23.33.22:638][838]LogModuleManager: Shutting down and abandoning module GameProjectGeneration (207)
[2017.02.21-23.33.22:638][838]LogModuleManager: Shutting down and abandoning module IntroTutorials (206)
[2017.02.21-23.33.22:638][838]LogModuleManager: Shutting down and abandoning module EditorLiveStreaming (205)
[2017.02.21-23.33.22:638][838]LogModuleManager: Shutting down and abandoning module IOSPlatformEditor (204)
[2017.02.21-23.33.22:638][838]LogModuleManager: Shutting down and abandoning module HTML5PlatformEditor (203)
[2017.02.21-23.33.22:638][838]LogModuleManager: Shutting down and abandoning module AndroidDeviceDetection (202)
[2017.02.21-23.33.23:591][838]LogModuleManager: Shutting down and abandoning module AndroidPlatformEditor (201)
[2017.02.21-23.33.23:591][838]LogModuleManager: Shutting down and abandoning module IOSRuntimeSettings (200)
[2017.02.21-23.33.23:591][838]LogModuleManager: Shutting down and abandoning module AndroidRuntimeSettings (199)
[2017.02.21-23.33.23:591][838]LogModuleManager: Shutting down and abandoning module InputBindingEditor (198)
[2017.02.21-23.33.23:591][838]LogModuleManager: Shutting down and abandoning module NiagaraEditor (197)
[2017.02.21-23.33.23:591][838]LogModuleManager: Shutting down and abandoning module MergeActors (196)
[2017.02.21-23.33.23:591][838]LogModuleManager: Shutting down and abandoning module SizeMap (195)
[2017.02.21-23.33.23:591][838]LogModuleManager: Shutting down and abandoning module TreeMap (194)
[2017.02.21-23.33.23:591][838]LogModuleManager: Shutting down and abandoning module ReferenceViewer (193)
[2017.02.21-23.33.23:591][838]LogModuleManager: Shutting down and abandoning module LocalizationService (192)
[2017.02.21-23.33.23:591][838]LogModuleManager: Shutting down and abandoning module LocalizationDashboard (191)
[2017.02.21-23.33.23:591][838]LogModuleManager: Shutting down and abandoning module HardwareTargeting (190)
[2017.02.21-23.33.23:591][838]LogModuleManager: Shutting down and abandoning module DeviceProfileEditor (189)
[2017.02.21-23.33.23:591][838]LogModuleManager: Shutting down and abandoning module UndoHistory (188)
[2017.02.21-23.33.23:591][838]LogModuleManager: Shutting down and abandoning module UserFeedback (187)
[2017.02.21-23.33.23:591][838]LogModuleManager: Shutting down and abandoning module XmlParser (186)
[2017.02.21-23.33.23:591][838]LogModuleManager: Shutting down and abandoning module Blutility (185)
[2017.02.21-23.33.23:591][838]LogModuleManager: Shutting down and abandoning module ProjectTargetPlatformEditor (184)
[2017.02.21-23.33.23:592][838]LogModuleManager: Shutting down and abandoning module ProjectSettingsViewer (183)
[2017.02.21-23.33.23:592][838]LogModuleManager: Shutting down and abandoning module EditorSettingsViewer (182)
[2017.02.21-23.33.23:592][838]LogModuleManager: Shutting down and abandoning module SettingsEditor (181)
[2017.02.21-23.33.23:592][838]LogModuleManager: Shutting down and abandoning module ProjectLauncher (180)
[2017.02.21-23.33.23:592][838]LogModuleManager: Shutting down and abandoning module SessionFrontend (179)
[2017.02.21-23.33.23:592][838]LogModuleManager: Shutting down and abandoning module ProfilerClient (178)
[2017.02.21-23.33.23:592][838]LogModuleManager: Shutting down and abandoning module TargetDeviceServices (177)
[2017.02.21-23.33.23:592][838]LogModuleManager: Shutting down and abandoning module DeviceManager (176)
[2017.02.21-23.33.23:634][838]LogModuleManager: Shutting down and abandoning module AutomationController (175)
[2017.02.21-23.33.23:634][838]LogModuleManager: Shutting down and abandoning module AutomationWindow (174)
[2017.02.21-23.33.23:634][838]LogModuleManager: Shutting down and abandoning module Layers (173)
[2017.02.21-23.33.23:634][838]LogModuleManager: Shutting down and abandoning module ComponentVisualizers (172)
[2017.02.21-23.33.23:634][838]LogModuleManager: Shutting down and abandoning module DetailCustomizations (171)
[2017.02.21-23.33.23:634][838]LogModuleManager: Shutting down and abandoning module PackagesDialog (170)
[2017.02.21-23.33.23:635][838]LogModuleManager: Shutting down and abandoning module AnimGraph (169)
[2017.02.21-23.33.23:635][838]LogModuleManager: Shutting down and abandoning module Persona (168)
[2017.02.21-23.33.23:635][838]LogModuleManager: Shutting down and abandoning module Kismet (167)
[2017.02.21-23.33.23:642][838]LogModuleManager: Shutting down and abandoning module GraphEditor (166)
[2017.02.21-23.33.23:642][838]LogModuleManager: Shutting down and abandoning module ClassViewer (165)
[2017.02.21-23.33.23:643][838]LogModuleManager: Shutting down and abandoning module Toolbox (164)
[2017.02.21-23.33.23:643][838]LogModuleManager: Shutting down and abandoning module ModuleUI (163)
[2017.02.21-23.33.23:643][838]LogModuleManager: Shutting down and abandoning module MovieSceneTools (162)
[2017.02.21-23.33.23:643][838]LogModuleManager: Shutting down and abandoning module OutputLog (161)
[2017.02.21-23.33.23:643][838]LogModuleManager: Shutting down and abandoning module GammaUI (160)
[2017.02.21-23.33.23:643][838]LogModuleManager: Shutting down and abandoning module Documentation (159)
[2017.02.21-23.33.23:643][838]LogModuleManager: Shutting down and abandoning module Niagara (158)
[2017.02.21-23.33.23:643][838]LogModuleManager: Shutting down and abandoning module StreamingPauseRendering (157)
[2017.02.21-23.33.23:643][838]LogModuleManager: Shutting down and abandoning module AnalyticsET (156)
[2017.02.21-23.33.23:643][838]LogModuleManager: Shutting down and abandoning module PortalServices (155)
[2017.02.21-23.33.23:643][838]LogModuleManager: Shutting down and abandoning module PortalRpc (154)
[2017.02.21-23.33.23:643][838]LogModuleManager: Shutting down and abandoning module MessagingRpc (153)
[2017.02.21-23.33.23:643][838]LogModuleManager: Shutting down and abandoning module GameplayDebugger (152)
[2017.02.21-23.33.23:643][838]LogModuleManager: Shutting down and abandoning module AITestSuite (151)
[2017.02.21-23.33.23:643][838]LogModuleManager: Shutting down and abandoning module AIModule (150)
[2017.02.21-23.33.23:643][838]LogModuleManager: Shutting down and abandoning module ProfilerService (149)
[2017.02.21-23.33.23:713][838]LogModuleManager: Shutting down and abandoning module TaskGraph (148)
[2017.02.21-23.33.23:713][838]LogModuleManager: Shutting down and abandoning module SubstanceEditor (147)
[2017.02.21-23.33.23:713][838]LogModuleManager: Shutting down and abandoning module SlateRemote (146)
[2017.02.21-23.33.23:713][838]LogModuleManager: Shutting down and abandoning module SteamVRController (145)
[2017.02.21-23.33.23:713][838]LogModuleManager: Shutting down and abandoning module SteamVR (144)
[2017.02.21-23.33.23:713][838]LogModuleManager: Shutting down and abandoning module ProceduralMeshComponentEditor (143)
[2017.02.21-23.33.23:713][838]LogModuleManager: Shutting down and abandoning module ProceduralMeshComponent (142)
[2017.02.21-23.33.23:713][838]LogModuleManager: Shutting down and abandoning module OculusLibrary (141)
[2017.02.21-23.33.23:713][838]LogModuleManager: Shutting down and abandoning module OculusInput (140)
[2017.02.21-23.33.23:713][838]LogModuleManager: Shutting down and abandoning module MobilePatchingUtils (139)
[2017.02.21-23.33.23:713][838]LogModuleManager: Shutting down and abandoning module CustomMeshComponent (138)
[2017.02.21-23.33.23:713][838]LogModuleManager: Shutting down and abandoning module CableComponent (137)
[2017.02.21-23.33.23:713][838]LogModuleManager: Shutting down and abandoning module ArchVisCharacter (136)
[2017.02.21-23.33.23:713][838]LogModuleManager: Shutting down and abandoning module MediaPlayerEditor (134)
[2017.02.21-23.33.23:713][838]LogModuleManager: Shutting down and abandoning module RunebergVRPlugin (133)
[2017.02.21-23.33.23:713][838]LogModuleManager: Shutting down and abandoning module HTML5Networking (132)
[2017.02.21-23.33.23:713][838]LogModuleManager: Shutting down and abandoning module GeometryCacheEd (131)
[2017.02.21-23.33.23:713][838]LogModuleManager: Shutting down and abandoning module GeometryCache (130)
[2017.02.21-23.33.23:713][838]LogModuleManager: Shutting down and abandoning module AlembicLibrary (129)
[2017.02.21-23.33.23:713][838]LogModuleManager: Shutting down and abandoning module AlembicImporter (128)
[2017.02.21-23.33.23:713][838]LogModuleManager: Shutting down and abandoning module SuperSearch (127)
[2017.02.21-23.33.23:713][838]LogModuleManager: Shutting down and abandoning module SuperSearchEditor (126)
[2017.02.21-23.33.23:713][838]LogModuleManager: Shutting down and abandoning module SpeedTreeImporter (125)
[2017.02.21-23.33.23:713][838]LogModuleManager: Shutting down and abandoning module PluginBrowser (124)
[2017.02.21-23.33.23:713][838]LogModuleManager: Shutting down and abandoning module MobileLauncherProfileWizard (123)
[2017.02.21-23.33.23:713][838]LogModuleManager: Shutting down and abandoning module EpicSurvey (122)
[2017.02.21-23.33.23:713][838]LogModuleManager: Shutting down and abandoning module DesktopPlatform (121)
[2017.02.21-23.33.23:713][838]LogModuleManager: Shutting down and abandoning module VisualStudioSourceCodeAccess (120)
[2017.02.21-23.33.23:713][838]LogModuleManager: Shutting down and abandoning module UObjectPlugin (119)
[2017.02.21-23.33.23:713][838]LogModuleManager: Shutting down and abandoning module SubversionSourceControl (118)
[2017.02.21-23.33.23:713][838]LogModuleManager: Shutting down and abandoning module PerforceSourceControl (117)
[2017.02.21-23.33.23:713][838]LogModuleManager: Shutting down and abandoning module SourceControl (116)
[2017.02.21-23.33.23:713][838]LogModuleManager: Shutting down and abandoning module GitSourceControl (115)
[2017.02.21-23.33.23:713][838]LogModuleManager: Shutting down and abandoning module LightPropagationVolumeEditor (114)
[2017.02.21-23.33.23:713][838]LogModuleManager: Shutting down and abandoning module PaperTiledImporter (113)
[2017.02.21-23.33.23:713][838]LogModuleManager: Shutting down and abandoning module PaperSpriteSheetImporter (112)
[2017.02.21-23.33.23:713][838]LogModuleManager: Shutting down and abandoning module MeshPaint (111)
[2017.02.21-23.33.23:713][838]LogModuleManager: Shutting down and abandoning module PixelInspectorModule (110)
[2017.02.21-23.33.23:714][838]LogModuleManager: Shutting down and abandoning module HotReload (109)
[2017.02.21-23.33.23:714][838]LogModuleManager: Shutting down and abandoning module MainFrame (108)
[2017.02.21-23.33.23:714][838]LogModuleManager: Shutting down and abandoning module LevelEditor (107)
[2017.02.21-23.33.23:715][838]LogModuleManager: Shutting down and abandoning module ContentBrowser (106)
[2017.02.21-23.33.23:716][838]LogModuleManager: Shutting down and abandoning module Paper2DEditor (105)
[2017.02.21-23.33.23:716][838]LogModuleManager: Shutting down and abandoning module UdpMessaging (104)
[2017.02.21-23.33.23:816][838]LogModuleManager: Shutting down and abandoning module TcpMessaging (103)
[2017.02.21-23.33.23:917][838]LogModuleManager: Shutting down and abandoning module SubstanceCore (102)
[2017.02.21-23.33.23:917][838]LogModuleManager: Shutting down and abandoning module LightPropagationVolumeRuntime (101)
[2017.02.21-23.33.23:917][838]LogModuleManager: Shutting down and abandoning module Paper2D (100)
[2017.02.21-23.33.23:917][838]LogModuleManager: Shutting down and abandoning module WindowsMoviePlayer (99)
[2017.02.21-23.33.23:917][838]LogModuleManager: Shutting down and abandoning module WmfMedia (98)
[2017.02.21-23.33.23:917][838]LogModuleManager: Shutting down and abandoning module MediaAssets (97)
[2017.02.21-23.33.23:917][838]LogModuleManager: Shutting down and abandoning module GameLiveStreaming (96)
[2017.02.21-23.33.23:917][838]LogModuleManager: Shutting down and abandoning module GameplayTagsEditor (95)
[2017.02.21-23.33.23:917][838]LogModuleManager: Shutting down and abandoning module VREditor (94)
[2017.02.21-23.33.23:917][838]LogModuleManager: Shutting down and abandoning module GameplayTasksEditor (93)
[2017.02.21-23.33.23:917][838]LogModuleManager: Shutting down and abandoning module BehaviorTreeEditor (92)
[2017.02.21-23.33.23:917][838]LogModuleManager: Shutting down and abandoning module FunctionalTesting (91)
[2017.02.21-23.33.23:917][838]LogModuleManager: Shutting down and abandoning module CollisionAnalyzer (90)
[2017.02.21-23.33.23:917][838]LogModuleManager: Shutting down and abandoning module Sequencer (89)
[2017.02.21-23.33.23:917][838]LogModuleManager: Shutting down and abandoning module WorkspaceMenuStructure (88)
[2017.02.21-23.33.23:917][838]LogModuleManager: Shutting down and abandoning module MessageLog (87)
[2017.02.21-23.33.23:917][838]LogModuleManager: Shutting down and abandoning module AssetTools (86)
[2017.02.21-23.33.23:917][838]LogModuleManager: Shutting down and abandoning module UMGEditor (85)
[2017.02.21-23.33.23:917][838]LogModuleManager: Shutting down and abandoning module UMG (84)
[2017.02.21-23.33.23:917][838]LogModuleManager: Shutting down and abandoning module SlateReflector (83)
[2017.02.21-23.33.23:917][838]LogModuleManager: Shutting down and abandoning module Slate (82)
[2017.02.21-23.33.23:917][838]LogModuleManager: Shutting down and abandoning module EditorStyle (81)
[2017.02.21-23.33.23:919][838]LogModuleManager: Shutting down and abandoning module SourceCodeAccess (80)
[2017.02.21-23.33.23:919][838]LogModuleManager: Shutting down and abandoning module HeadMountedDisplay (79)
[2017.02.21-23.33.23:919][838]LogModuleManager: Shutting down and abandoning module XAudio2 (78)
[2017.02.21-23.33.23:919][838]LogModuleManager: Shutting down and abandoning module Networking (76)
[2017.02.21-23.33.23:919][838]LogModuleManager: Shutting down and abandoning module Core (75)
[2017.02.21-23.33.23:919][838]LogModuleManager: Shutting down and abandoning module DirectoryWatcher (74)
[2017.02.21-23.33.23:919][838]LogDirectoryWatcher: A directory notification for '../../../Engine/Content/' was aborted.
[2017.02.21-23.33.23:920][838]LogDirectoryWatcher: A directory notification for 'C:/Users/rickb/OneDrive/Documents/GitHub/VIVE-Construction/VRBridgeSim/Content/' was aborted.
[2017.02.21-23.33.23:920][838]LogDirectoryWatcher: A directory notification for '../../../Engine/Plugins/2D/Paper2D/Content/' was aborted.
[2017.02.21-23.33.23:920][838]LogModuleManager: Shutting down and abandoning module AssetRegistry (73)
[2017.02.21-23.33.24:063][838]LogModuleManager: Shutting down and abandoning module KismetCompiler (72)
[2017.02.21-23.33.24:063][838]LogModuleManager: Shutting down and abandoning module PhysXFormats (71)
[2017.02.21-23.33.24:063][838]LogModuleManager: Shutting down and abandoning module SimplygonSwarm (70)
[2017.02.21-23.33.24:063][838]LogModuleManager: Shutting down and abandoning module SimplygonMeshReduction (69)
[2017.02.21-23.33.24:063][838]LogModuleManager: Shutting down and abandoning module QuadricMeshReduction (68)
[2017.02.21-23.33.24:063][838]LogModuleManager: Shutting down and abandoning module PropertyEditor (67)
[2017.02.21-23.33.24:063][838]LogModuleManager: Shutting down and abandoning module MeshUtilities (66)
[2017.02.21-23.33.24:063][838]LogModuleManager: Shutting down and abandoning module DerivedDataCache (65)
[2017.02.21-23.33.24:087][838]LogDerivedDataCache: Shutdown
[2017.02.21-23.33.24:087][838]LogModuleManager: Shutting down and abandoning module VulkanShaderFormat (64)
[2017.02.21-23.33.24:087][838]LogModuleManager: Shutting down and abandoning module ShaderFormatOpenGL (63)
[2017.02.21-23.33.24:087][838]LogModuleManager: Shutting down and abandoning module ShaderFormatD3D (62)
[2017.02.21-23.33.24:087][838]LogModuleManager: Shutting down and abandoning module MetalShaderFormat (61)
[2017.02.21-23.33.24:087][838]LogModuleManager: Shutting down and abandoning module TextureFormatUncompressed (60)
[2017.02.21-23.33.24:087][838]LogModuleManager: Shutting down and abandoning module TextureFormatPVR (59)
[2017.02.21-23.33.24:087][838]LogModuleManager: Shutting down and abandoning module TextureFormatDXT (58)
[2017.02.21-23.33.24:087][838]LogModuleManager: Shutting down and abandoning module TextureFormatIntelISPCTexComp (57)
[2017.02.21-23.33.24:087][838]LogModuleManager: Shutting down and abandoning module ImageWrapper (56)
[2017.02.21-23.33.24:087][838]LogModuleManager: Shutting down and abandoning module TextureFormatASTC (55)
[2017.02.21-23.33.24:087][838]LogModuleManager: Shutting down and abandoning module TextureFormatAndroid (54)
[2017.02.21-23.33.24:088][838]LogModuleManager: Shutting down and abandoning module AudioFormatOpus (53)
[2017.02.21-23.33.24:088][838]LogModuleManager: Shutting down and abandoning module AudioFormatOgg (52)
[2017.02.21-23.33.24:088][838]LogModuleManager: Shutting down and abandoning module AudioFormatADPCM (51)
[2017.02.21-23.33.24:088][838]LogModuleManager: Shutting down and abandoning module LinuxTargetPlatform (50)
[2017.02.21-23.33.24:088][838]LogModuleManager: Shutting down and abandoning module LinuxServerTargetPlatform (49)
[2017.02.21-23.33.24:088][838]LogModuleManager: Shutting down and abandoning module LinuxNoEditorTargetPlatform (48)
[2017.02.21-23.33.24:088][838]LogModuleManager: Shutting down and abandoning module LinuxClientTargetPlatform (47)
[2017.02.21-23.33.24:088][838]LogModuleManager: Shutting down and abandoning module TVOSTargetPlatform (46)
[2017.02.21-23.33.24:088][838]LogModuleManager: Shutting down and abandoning module Messaging (45)
[2017.02.21-23.33.24:088][838]LogModuleManager: Shutting down and abandoning module IOSTargetPlatform (44)
[2017.02.21-23.33.24:088][838]LogModuleManager: Shutting down and abandoning module HTML5TargetPlatform (43)
[2017.02.21-23.33.24:088][838]LogModuleManager: Shutting down and abandoning module Android_PVRTCTargetPlatform (42)
[2017.02.21-23.33.24:088][838]LogModuleManager: Shutting down and abandoning module Android_MultiTargetPlatform (41)
[2017.02.21-23.33.24:088][838]LogModuleManager: Shutting down and abandoning module Android_ETC2TargetPlatform (40)
[2017.02.21-23.33.24:088][838]LogModuleManager: Shutting down and abandoning module Android_ETC1TargetPlatform (39)
[2017.02.21-23.33.24:088][838]LogModuleManager: Shutting down and abandoning module Android_DXTTargetPlatform (38)
[2017.02.21-23.33.24:088][838]LogModuleManager: Shutting down and abandoning module Android_ATCTargetPlatform (37)
[2017.02.21-23.33.24:088][838]LogModuleManager: Shutting down and abandoning module Android_ASTCTargetPlatform (36)
[2017.02.21-23.33.24:088][838]LogModuleManager: Shutting down and abandoning module AndroidTargetPlatform (35)
[2017.02.21-23.33.24:088][838]LogModuleManager: Shutting down and abandoning module WindowsTargetPlatform (34)
[2017.02.21-23.33.24:088][838]LogModuleManager: Shutting down and abandoning module WindowsServerTargetPlatform (33)
[2017.02.21-23.33.24:088][838]LogModuleManager: Shutting down and abandoning module WindowsNoEditorTargetPlatform (32)
[2017.02.21-23.33.24:088][838]LogModuleManager: Shutting down and abandoning module WindowsClientTargetPlatform (31)
[2017.02.21-23.33.24:088][838]LogModuleManager: Shutting down and abandoning module MacTargetPlatform (30)
[2017.02.21-23.33.24:088][838]LogModuleManager: Shutting down and abandoning module MacServerTargetPlatform (29)
[2017.02.21-23.33.24:088][838]LogModuleManager: Shutting down and abandoning module MacNoEditorTargetPlatform (28)
[2017.02.21-23.33.24:088][838]LogModuleManager: Shutting down and abandoning module MacClientTargetPlatform (27)
[2017.02.21-23.33.24:088][838]LogModuleManager: Shutting down and abandoning module AllDesktopTargetPlatform (26)
[2017.02.21-23.33.24:088][838]LogModuleManager: Shutting down and abandoning module TargetPlatform (25)
[2017.02.21-23.33.24:088][838]LogModuleManager: Shutting down and abandoning module InputCore (24)
[2017.02.21-23.33.24:088][838]LogModuleManager: Shutting down and abandoning module Settings (23)
[2017.02.21-23.33.24:088][838]LogModuleManager: Shutting down and abandoning module OculusRift (22)
[2017.02.21-23.33.24:088][838]LogModuleManager: Shutting down and abandoning module ExampleDeviceProfileSelector (21)
[2017.02.21-23.33.24:088][838]LogModuleManager: Shutting down and abandoning module OnlineBlueprintSupport (20)
[2017.02.21-23.33.24:088][838]LogModuleManager: Shutting down and abandoning module OnlineSubsystem (18)
[2017.02.21-23.33.24:088][838]LogOnline:Display: Unloading online subsystem: NULL
[2017.02.21-23.33.24:088][838]LogModuleManager: Shutting down and abandoning module SSL (17)
[2017.02.21-23.33.24:089][838]LogModuleManager: Shutting down and abandoning module HTTP (16)
[2017.02.21-23.33.24:089][838]LogModuleManager: Shutting down and abandoning module XMPP (15)
[2017.02.21-23.33.24:089][838]LogModuleManager: Shutting down and abandoning module TextureCompressor (14)
[2017.02.21-23.33.24:090][838]LogModuleManager: Shutting down and abandoning module ShaderCore (13)
[2017.02.21-23.33.24:090][838]LogModuleManager: Shutting down and abandoning module Landscape (12)
[2017.02.21-23.33.24:090][838]LogModuleManager: Shutting down and abandoning module SlateRHIRenderer (11)
[2017.02.21-23.33.24:092][838]LogModuleManager: Shutting down and abandoning module OpenGLDrv (10)
[2017.02.21-23.33.24:092][838]LogModuleManager: Shutting down and abandoning module D3D11RHI (9)
[2017.02.21-23.33.24:092][838]LogModuleManager: Shutting down and abandoning module AnimGraphRuntime (8)
[2017.02.21-23.33.24:092][838]LogModuleManager: Shutting down and abandoning module Renderer (7)
[2017.02.21-23.33.24:092][838]LogModuleManager: Shutting down and abandoning module Engine (6)
[2017.02.21-23.33.24:092][838]LogModuleManager: Shutting down and abandoning module CoreUObject (5)
[2017.02.21-23.33.24:092][838]LogModuleManager: Shutting down and abandoning module NetworkFile (4)
[2017.02.21-23.33.24:092][838]LogModuleManager: Shutting down and abandoning module StreamingFile (3)
[2017.02.21-23.33.24:092][838]LogModuleManager: Shutting down and abandoning module SandboxFile (2)
[2017.02.21-23.33.24:092][838]LogModuleManager: Shutting down and abandoning module PakFile (1)
[2017.02.21-23.33.24:094][838]LogExit: Exiting.
[2017.02.21-23.33.24:095][838]Log file closed, 02/21/17 16:33:24
