Log file open, 02/19/17 17:37:24
LogInit:Display: Running engine for game: VRBridgeSim
LogPlatformFile: Not using cached read wrapper
LogInit:Display: RandInit(430700309) SRandInit(430700309).
LogTaskGraph: Started task graph with 5 named threads and 8 total threads with 1 sets of task threads.
LogStats: Stats thread started at 0.098087
LogPluginManager: Loaded Plugin Paper2D, From D:/Programs/UE_4.14/Engine/Plugins/2D/Paper2D/Paper2D.uplugin
LogPluginManager: Loaded Plugin LightPropagationVolume, From D:/Programs/UE_4.14/Engine/Plugins/Blendables/LightPropagationVolume/LightPropagationVolume.uplugin
LogPluginManager: Loaded Plugin BlankPlugin, From D:/Programs/UE_4.14/Engine/Plugins/Developer/BlankPlugin/BlankPlugin.uplugin
LogPluginManager: Loaded Plugin CodeLiteSourceCodeAccess, From D:/Programs/UE_4.14/Engine/Plugins/Developer/CodeLiteSourceCodeAccess/CodeLiteSourceCodeAccess.uplugin
LogPluginManager: Loaded Plugin GitSourceControl, From D:/Programs/UE_4.14/Engine/Plugins/Developer/GitSourceControl/GitSourceControl.uplugin
LogPluginManager: Loaded Plugin KDevelopSourceCodeAccess, From D:/Programs/UE_4.14/Engine/Plugins/Developer/KDevelopSourceCodeAccess/KDevelopSourceCodeAccess.uplugin
LogPluginManager: Loaded Plugin NullSourceCodeAccess, From D:/Programs/UE_4.14/Engine/Plugins/Developer/NullSourceCodeAccess/NullSourceCodeAccess.uplugin
LogPluginManager: Loaded Plugin OneSkyLocalizationService, From D:/Programs/UE_4.14/Engine/Plugins/Developer/OneSkyLocalizationService/OneSkyLocalizationService.uplugin
LogPluginManager: Loaded Plugin PerforceSourceControl, From D:/Programs/UE_4.14/Engine/Plugins/Developer/PerforceSourceControl/PerforceSourceControl.uplugin
LogPluginManager: Loaded Plugin SubversionSourceControl, From D:/Programs/UE_4.14/Engine/Plugins/Developer/SubversionSourceControl/SubversionSourceControl.uplugin
LogPluginManager: Loaded Plugin UObjectPlugin, From D:/Programs/UE_4.14/Engine/Plugins/Developer/UObjectPlugin/UObjectPlugin.uplugin
LogPluginManager: Loaded Plugin VisualStudioSourceCodeAccess, From D:/Programs/UE_4.14/Engine/Plugins/Developer/VisualStudioSourceCodeAccess/VisualStudioSourceCodeAccess.uplugin
LogPluginManager: Loaded Plugin XCodeSourceCodeAccess, From D:/Programs/UE_4.14/Engine/Plugins/Developer/XCodeSourceCodeAccess/XCodeSourceCodeAccess.uplugin
LogPluginManager: Loaded Plugin AudioCapture, From D:/Programs/UE_4.14/Engine/Plugins/Editor/AudioCapture/AudioCapture.uplugin
LogPluginManager: Loaded Plugin EpicSurvey, From D:/Programs/UE_4.14/Engine/Plugins/Editor/EpicSurvey/EpicSurvey.uplugin
LogPluginManager: Loaded Plugin MacGraphicsSwitching, From D:/Programs/UE_4.14/Engine/Plugins/Editor/MacGraphicsSwitching/MacGraphicsSwitching.uplugin
LogPluginManager: Loaded Plugin MobileLauncherProfileWizard, From D:/Programs/UE_4.14/Engine/Plugins/Editor/MobileLauncherProfileWizard/MobileLauncherProfileWizard.uplugin
LogPluginManager: Loaded Plugin PluginBrowser, From D:/Programs/UE_4.14/Engine/Plugins/Editor/PluginBrowser/PluginBrowser.uplugin
LogPluginManager: Loaded Plugin SpeedTreeImporter, From D:/Programs/UE_4.14/Engine/Plugins/Editor/SpeedTreeImporter/SpeedTreeImporter.uplugin
LogPluginManager: Loaded Plugin SuperSearchEditor, From D:/Programs/UE_4.14/Engine/Plugins/Editor/SuperSearchEditor/SuperSearchEditor.uplugin
LogPluginManager: Loaded Plugin AlembicImporter, From D:/Programs/UE_4.14/Engine/Plugins/Experimental/AlembicImporter/AlembicImporter.uplugin
LogPluginManager: Loaded Plugin BlueprintStats, From D:/Programs/UE_4.14/Engine/Plugins/Experimental/BlueprintStats/BlueprintStats.uplugin
LogPluginManager: Loaded Plugin CharacterAI, From D:/Programs/UE_4.14/Engine/Plugins/Experimental/CharacterAI/CharacterAI.uplugin
LogPluginManager: Loaded Plugin CodeEditor, From D:/Programs/UE_4.14/Engine/Plugins/Experimental/CodeEditor/CodeEditor.uplugin
LogPluginManager: Loaded Plugin CodeView, From D:/Programs/UE_4.14/Engine/Plugins/Experimental/CodeView/CodeView.uplugin
LogPluginManager: Loaded Plugin HTML5Networking, From D:/Programs/UE_4.14/Engine/Plugins/Experimental/HTML5Networking/HTML5Networking.uplugin
LogPluginManager: Loaded Plugin OSVR, From D:/Programs/UE_4.14/Engine/Plugins/Experimental/OSVR/OSVR.uplugin
LogPluginManager: Loaded Plugin Phya, From D:/Programs/UE_4.14/Engine/Plugins/Experimental/Phya/Phya.uplugin
LogPluginManager: Loaded Plugin SignificanceManager, From D:/Programs/UE_4.14/Engine/Plugins/Experimental/SignificanceManager/SignificanceManager.uplugin
LogPluginManager: Loaded Plugin SimpleHMD, From D:/Programs/UE_4.14/Engine/Plugins/Experimental/SimpleHMD/SimpleHMD.uplugin
LogPluginManager: Loaded Plugin StereoPanorama, From D:/Programs/UE_4.14/Engine/Plugins/Experimental/StereoPanorama/StereoPanorama.uplugin
LogPluginManager: Loaded Plugin StructBox, From D:/Programs/UE_4.14/Engine/Plugins/Experimental/StructBox/StructBox.uplugin
LogPluginManager: Loaded Plugin RunebergVRPlugin, From D:/Programs/UE_4.14/Engine/Plugins/Marketplace/RunebergVRPlugin/RunebergVRPlugin.uplugin
LogPluginManager: Loaded Plugin Substance, From D:/Programs/UE_4.14/Engine/Plugins/Marketplace/Substance/Substance.uplugin
LogPluginManager: Loaded Plugin AndroidMedia, From D:/Programs/UE_4.14/Engine/Plugins/Media/AndroidMedia/AndroidMedia.uplugin
LogPluginManager: Loaded Plugin AvfMedia, From D:/Programs/UE_4.14/Engine/Plugins/Media/AvfMedia/AvfMedia.uplugin
LogPluginManager: Loaded Plugin MediaPlayerEditor, From D:/Programs/UE_4.14/Engine/Plugins/Media/MediaPlayerEditor/MediaPlayerEditor.uplugin
LogPluginManager: Loaded Plugin WmfMedia, From D:/Programs/UE_4.14/Engine/Plugins/Media/WmfMedia/WmfMedia.uplugin
LogPluginManager: Loaded Plugin MessagingDebugger, From D:/Programs/UE_4.14/Engine/Plugins/Messaging/MessagingDebugger/MessagingDebugger.uplugin
LogPluginManager: Loaded Plugin TcpMessaging, From D:/Programs/UE_4.14/Engine/Plugins/Messaging/TcpMessaging/TcpMessaging.uplugin
LogPluginManager: Loaded Plugin UdpMessaging, From D:/Programs/UE_4.14/Engine/Plugins/Messaging/UdpMessaging/UdpMessaging.uplugin
LogPluginManager: Loaded Plugin LevelSequenceEditor, From D:/Programs/UE_4.14/Engine/Plugins/MovieScene/LevelSequenceEditor/LevelSequenceEditor.uplugin
LogPluginManager: Loaded Plugin MatineeToLevelSequence, From D:/Programs/UE_4.14/Engine/Plugins/MovieScene/MatineeToLevelSequence/MatineeToLevelSequence.uplugin
LogPluginManager: Loaded Plugin NetcodeUnitTest, From D:/Programs/UE_4.14/Engine/Plugins/NetcodeUnitTest/NetcodeUnitTest/NetcodeUnitTest.uplugin
LogPluginManager: Loaded Plugin NUTUnrealEngine4, From D:/Programs/UE_4.14/Engine/Plugins/NetcodeUnitTest/NUTUnrealEngine4/NUTUnrealEngine4.uplugin
LogPluginManager: Loaded Plugin OnlineSubsystemGameCircle, From D:/Programs/UE_4.14/Engine/Plugins/Online/Android/OnlineSubsystemGameCircle/OnlineSubsystemGameCircle.uplugin
LogPluginManager: Loaded Plugin OnlineSubsystemGooglePlay, From D:/Programs/UE_4.14/Engine/Plugins/Online/Android/OnlineSubsystemGooglePlay/OnlineSubsystemGooglePlay.uplugin
LogPluginManager: Loaded Plugin OnlineSubsystemIOS, From D:/Programs/UE_4.14/Engine/Plugins/Online/IOS/OnlineSubsystemIOS/OnlineSubsystemIOS.uplugin
LogPluginManager: Loaded Plugin OnlineFramework, From D:/Programs/UE_4.14/Engine/Plugins/Online/OnlineFramework/OnlineFramework.uplugin
LogPluginManager: Loaded Plugin OnlineSubsystem, From D:/Programs/UE_4.14/Engine/Plugins/Online/OnlineSubsystem/OnlineSubsystem.uplugin
LogPluginManager: Loaded Plugin OnlineSubsystemAmazon, From D:/Programs/UE_4.14/Engine/Plugins/Online/OnlineSubsystemAmazon/OnlineSubsystemAmazon.uplugin
LogPluginManager: Loaded Plugin OnlineSubsystemFacebook, From D:/Programs/UE_4.14/Engine/Plugins/Online/OnlineSubsystemFacebook/OnlineSubsystemFacebook.uplugin
LogPluginManager: Loaded Plugin OnlineSubsystemNull, From D:/Programs/UE_4.14/Engine/Plugins/Online/OnlineSubsystemNull/OnlineSubsystemNull.uplugin
LogPluginManager: Loaded Plugin OnlineSubsystemOculus, From D:/Programs/UE_4.14/Engine/Plugins/Online/OnlineSubsystemOculus/OnlineSubsystemOculus.uplugin
LogPluginManager: Loaded Plugin OnlineSubsystemSteam, From D:/Programs/UE_4.14/Engine/Plugins/Online/OnlineSubsystemSteam/OnlineSubsystemSteam.uplugin
LogPluginManager: Loaded Plugin OnlineSubsystemUtils, From D:/Programs/UE_4.14/Engine/Plugins/Online/OnlineSubsystemUtils/OnlineSubsystemUtils.uplugin
LogPluginManager: Loaded Plugin IOSTapJoy, From D:/Programs/UE_4.14/Engine/Plugins/Runtime/Advertising/IOSTapJoy/IOSTapJoy.uplugin
LogPluginManager: Loaded Plugin AnalyticsBlueprintLibrary, From D:/Programs/UE_4.14/Engine/Plugins/Runtime/Analytics/AnalyticsBlueprintLibrary/AnalyticsBlueprintLibrary.uplugin
LogPluginManager: Loaded Plugin AnalyticsMulticast, From D:/Programs/UE_4.14/Engine/Plugins/Runtime/Analytics/AnalyticsMulticast/AnalyticsMulticast.uplugin
LogPluginManager: Loaded Plugin Apsalar, From D:/Programs/UE_4.14/Engine/Plugins/Runtime/Analytics/Apsalar/Apsalar.uplugin
LogPluginManager: Loaded Plugin FileLogging, From D:/Programs/UE_4.14/Engine/Plugins/Runtime/Analytics/FileLogging/FileLogging.uplugin
LogPluginManager: Loaded Plugin Flurry, From D:/Programs/UE_4.14/Engine/Plugins/Runtime/Analytics/Flurry/Flurry.uplugin
LogPluginManager: Loaded Plugin AndroidDeviceProfileSelector, From D:/Programs/UE_4.14/Engine/Plugins/Runtime/AndroidDeviceProfileSelector/AndroidDeviceProfileSelector.uplugin
LogPluginManager: Loaded Plugin AndroidMoviePlayer, From D:/Programs/UE_4.14/Engine/Plugins/Runtime/AndroidMoviePlayer/AndroidMoviePlayer.uplugin
LogPluginManager: Loaded Plugin AppleMoviePlayer, From D:/Programs/UE_4.14/Engine/Plugins/Runtime/AppleMoviePlayer/AppleMoviePlayer.uplugin
LogPluginManager: Loaded Plugin ArchVisCharacter, From D:/Programs/UE_4.14/Engine/Plugins/Runtime/ArchVisCharacter/ArchVisCharacter.uplugin
LogPluginManager: Loaded Plugin CableComponent, From D:/Programs/UE_4.14/Engine/Plugins/Runtime/CableComponent/CableComponent.uplugin
LogPluginManager: Loaded Plugin CustomMeshComponent, From D:/Programs/UE_4.14/Engine/Plugins/Runtime/CustomMeshComponent/CustomMeshComponent.uplugin
LogPluginManager: Loaded Plugin ExampleDeviceProfileSelector, From D:/Programs/UE_4.14/Engine/Plugins/Runtime/ExampleDeviceProfileSelector/ExampleDeviceProfileSelector.uplugin
LogPluginManager: Loaded Plugin GearVR, From D:/Programs/UE_4.14/Engine/Plugins/Runtime/GearVR/GearVR.uplugin
LogPluginManager: Loaded Plugin GoogleVRController, From D:/Programs/UE_4.14/Engine/Plugins/Runtime/GoogleVR/GoogleVRController/GoogleVRController.uplugin
LogPluginManager: Loaded Plugin GoogleVRHMD, From D:/Programs/UE_4.14/Engine/Plugins/Runtime/GoogleVR/GoogleVRHMD/GoogleVRHMD.uplugin
LogPluginManager: Loaded Plugin IOSDeviceProfileSelector, From D:/Programs/UE_4.14/Engine/Plugins/Runtime/IOSDeviceProfileSelector/IOSDeviceProfileSelector.uplugin
LogPluginManager: Loaded Plugin LeapMotion, From D:/Programs/UE_4.14/Engine/Plugins/Runtime/LeapMotion/LeapMotion.uplugin
LogPluginManager: Loaded Plugin LinuxDeviceProfileSelector, From D:/Programs/UE_4.14/Engine/Plugins/Runtime/LinuxDeviceProfileSelector/LinuxDeviceProfileSelector.uplugin
LogPluginManager: Loaded Plugin MIDIDevice, From D:/Programs/UE_4.14/Engine/Plugins/Runtime/MIDIDevice/MIDIDevice.uplugin
LogPluginManager: Loaded Plugin MobilePatchingUtils, From D:/Programs/UE_4.14/Engine/Plugins/Runtime/MobilePatchingUtils/MobilePatchingUtils.uplugin
LogPluginManager: Loaded Plugin Ansel, From D:/Programs/UE_4.14/Engine/Plugins/Runtime/Nvidia/Ansel/Ansel.uplugin
LogPluginManager: Loaded Plugin OculusAudio, From D:/Programs/UE_4.14/Engine/Plugins/Runtime/OculusAudio/OculusAudio.uplugin
LogPluginManager: Loaded Plugin OculusInput, From D:/Programs/UE_4.14/Engine/Plugins/Runtime/OculusInput/OculusInput.uplugin
LogPluginManager: Loaded Plugin OculusLibrary, From D:/Programs/UE_4.14/Engine/Plugins/Runtime/OculusLibrary/OculusLibrary.uplugin
LogPluginManager: Loaded Plugin OculusRift, From D:/Programs/UE_4.14/Engine/Plugins/Runtime/OculusRift/OculusRift.uplugin
LogPluginManager: Loaded Plugin Oodle, From D:/Programs/UE_4.14/Engine/Plugins/Runtime/PacketHandlers/CompressionComponents/Oodle/Oodle.uplugin
LogPluginManager: Loaded Plugin ProceduralMeshComponent, From D:/Programs/UE_4.14/Engine/Plugins/Runtime/ProceduralMeshComponent/ProceduralMeshComponent.uplugin
LogPluginManager: Loaded Plugin SoundMod, From D:/Programs/UE_4.14/Engine/Plugins/Runtime/SoundMod/SoundMod.uplugin
LogPluginManager: Loaded Plugin SoundVisualizations, From D:/Programs/UE_4.14/Engine/Plugins/Runtime/SoundVisualizations/SoundVisualizations.uplugin
LogPluginManager: Loaded Plugin SteamController, From D:/Programs/UE_4.14/Engine/Plugins/Runtime/Steam/SteamController/SteamController.uplugin
LogPluginManager: Loaded Plugin SteamVR, From D:/Programs/UE_4.14/Engine/Plugins/Runtime/Steam/SteamVR/SteamVR.uplugin
LogPluginManager: Loaded Plugin WebBrowserWidget, From D:/Programs/UE_4.14/Engine/Plugins/Runtime/WebBrowserWidget/WebBrowserWidget.uplugin
LogPluginManager: Loaded Plugin WindowsDeviceProfileSelector, From D:/Programs/UE_4.14/Engine/Plugins/Runtime/WindowsDeviceProfileSelector/WindowsDeviceProfileSelector.uplugin
LogPluginManager: Loaded Plugin WindowsMoviePlayer, From D:/Programs/UE_4.14/Engine/Plugins/Runtime/WindowsMoviePlayer/WindowsMoviePlayer.uplugin
LogPluginManager: Loaded Plugin ScriptPlugin, From D:/Programs/UE_4.14/Engine/Plugins/ScriptPlugin/ScriptPlugin.uplugin
LogPluginManager: Loaded Plugin SlateRemote, From D:/Programs/UE_4.14/Engine/Plugins/Slate/SlateRemote/SlateRemote.uplugin
LogPluginManager: Loaded Plugin EditorTests, From D:/Programs/UE_4.14/Engine/Plugins/Tests/EditorTests/EditorTests.uplugin
LogPluginManager: Loaded Plugin FbxAutomationTestBuilder, From D:/Programs/UE_4.14/Engine/Plugins/Tests/FbxAutomationTestBuilder/FbxAutomationTestBuilder.uplugin
LogPluginManager: Loaded Plugin FunctionalTestingEditor, From D:/Programs/UE_4.14/Engine/Plugins/Tests/FunctionalTestingEditor/FunctionalTestingEditor.uplugin
LogPluginManager: Loaded Plugin RuntimeTests, From D:/Programs/UE_4.14/Engine/Plugins/Tests/RuntimeTests/RuntimeTests.uplugin
LogPluginManager: Loaded Plugin ScreenshotTools, From D:/Programs/UE_4.14/Engine/Plugins/Tests/ScreenshotTools/ScreenshotTools.uplugin
LogInit: Using libcurl 7.47.1
LogInit:  - built for x86_64-pc-win32
LogInit:  - supports SSL with OpenSSL/1.0.2g
LogInit:  - supports HTTP deflate (compression) using libz 1.2.8
LogInit:  - other features:
LogInit:      CURL_VERSION_SSL
LogInit:      CURL_VERSION_LIBZ
LogInit:      CURL_VERSION_IPV6
LogInit:      CURL_VERSION_ASYNCHDNS
LogInit:      CURL_VERSION_LARGEFILE
LogInit:      CURL_VERSION_IDN
LogInit:  CurlRequestOptions (configurable via config and command line):
LogInit:  - bVerifyPeer = false  - Libcurl will NOT verify peer certificate
LogInit:  - bUseHttpProxy = false  - Libcurl will NOT use HTTP proxy
LogInit:  - bDontReuseConnections = false  - Libcurl will reuse connections
LogInit:  - CertBundlePath = nullptr  - Libcurl will use whatever was configured at build time.
LogInit: Build: ++UE4+Release-4.14-CL-3249277
LogInit: Engine Version: 4.14.3-3249277+++UE4+Release-4.14
LogInit: Compatible Engine Version: 4.14.0-3195953+++UE4+Release-4.14
LogInit: Net CL: 3195953
LogDevObjectVersion: Number of dev versions registered: 13
LogDevObjectVersion:   Dev-Blueprints (B0D832E4-1F89-4F0D-ACCF-7EB736FD4AA2): 7
LogDevObjectVersion:   Dev-Build (E1C64328-A22C-4D53-A36C-8E866417BD8C): 0
LogDevObjectVersion:   Dev-Core (375EC13C-06E4-48FB-B500-84F0262A717E): 1
LogDevObjectVersion:   Dev-Editor (E4B068ED-F494-42E9-A231-DA0B2E46BB41): 8
LogDevObjectVersion:   Dev-Framework (CFFC743F-43B0-4480-9391-14DF171D2073): 17
LogDevObjectVersion:   Dev-Mobile (B02B49B5-BB20-44E9-A304-32B752E40360): 0
LogDevObjectVersion:   Dev-Networking (A4E4105C-59A1-49B5-A7C5-40C4547EDFEE): 0
LogDevObjectVersion:   Dev-Online (39C831C9-5AE6-47DC-9A44-9C173E1C8E7C): 0
LogDevObjectVersion:   Dev-Physics (78F01B33-EBEA-4F98-B9B4-84EACCB95AA2): 0
LogDevObjectVersion:   Dev-Platform (6631380F-2D4D-43E0-8009-CF276956A95A): 0
LogDevObjectVersion:   Dev-Rendering (12F88B9F-8875-4AFC-A67C-D90C383ABD29): 12
LogDevObjectVersion:   Dev-Sequencer (7B5AE74C-D270-4C10-A958-57980B212A5A): 1
LogDevObjectVersion:   Dev-VR (D7296918-1DD6-4BDD-9DE2-64A83CC13884): 0
LogInit: Compiled (64-bit): Jan  6 2017 10:49:43
LogInit: Compiled with Visual C++: 19.00.23026.00
LogInit: Build Configuration: Development
LogInit: Branch Name: ++UE4+Release-4.14
LogInit: Command line:  
LogInit: Base directory: D:/Programs/UE_4.14/Engine/Binaries/Win64/
LogInit: Installed Engine Build: 1
LogInit: Presizing for max 8388607 objects, including 0 objects not considered by GC, pre-allocating 0 bytes for permanent pool.
LogInit: Object subsystem initialized
[2017.02.20-00.37.24:817][  0]LogConsoleManager:Display: Setting the console variable 'r.RHICmdBypass' with 'SetByProjectSetting' was ignored as it is lower priority than the previous 'SetBySystemSettingsIni'
[2017.02.20-00.37.24:821][  0]LogInit: Selected Device Profile: [Windows]
[2017.02.20-00.37.24:821][  0]LogInit: Applying CVar settings loaded from the selected device profile: [Windows]
[2017.02.20-00.37.24:834][  0]LogInit: Computer: DESKTOP-SA90QCC
[2017.02.20-00.37.24:834][  0]LogInit: User: rickb
[2017.02.20-00.37.24:834][  0]LogInit: CPU Page size=65536, Cores=4
[2017.02.20-00.37.24:834][  0]LogInit: High frequency timer resolution =3.215367 MHz
[2017.02.20-00.37.24:834][  0]LogMemory: Memory total: Physical=15.9GB (16GB approx)
[2017.02.20-00.37.24:834][  0]LogMemory: Platform Memory Stats for Windows
[2017.02.20-00.37.24:834][  0]LogMemory: Process Physical Memory: 264.09 MB used, 264.09 MB peak
[2017.02.20-00.37.24:834][  0]LogMemory: Process Virtual Memory: 262.58 MB used, 262.58 MB peak
[2017.02.20-00.37.24:834][  0]LogMemory: Physical Memory: 6159.93 MB used,  10117.99 MB free, 16277.92 MB total
[2017.02.20-00.37.24:834][  0]LogMemory: Virtual Memory: 675.55 MB used,  10117.99 MB free, 134217728.00 MB total
[2017.02.20-00.37.24:874][  0]LogTextLocalizationManager: No specific translations for ('en-US') exist, so ('en') translations will be used.
[2017.02.20-00.37.26:100][  0]LogD3D11RHI: D3D11 adapters:
[2017.02.20-00.37.26:114][  0]LogD3D11RHI:    0. 'AMD Radeon R9 200 / HD 7900 Series' (Feature Level 11_0)
[2017.02.20-00.37.26:115][  0]LogD3D11RHI:       3053/0/8138 MB DedicatedVideo/DedicatedSystem/SharedSystem, Outputs:1, VendorId:0x1002
[2017.02.20-00.37.26:118][  0]LogD3D11RHI:    1. 'Intel(R) HD Graphics 3000' (Feature Level 10_0)
[2017.02.20-00.37.26:118][  0]LogD3D11RHI:       32/0/1632 MB DedicatedVideo/DedicatedSystem/SharedSystem, Outputs:0, VendorId:0x8086
[2017.02.20-00.37.26:120][  0]LogD3D11RHI:    2. 'Microsoft Basic Render Driver' (Feature Level 11_0)
[2017.02.20-00.37.26:120][  0]LogD3D11RHI:       0/0/8138 MB DedicatedVideo/DedicatedSystem/SharedSystem, Outputs:0, VendorId:0x1414
[2017.02.20-00.37.26:120][  0]LogD3D11RHI: Chosen D3D11 Adapter: 0
[2017.02.20-00.37.26:125][  0]LogD3D11RHI: Creating new Direct3DDevice
[2017.02.20-00.37.26:125][  0]LogD3D11RHI:     GPU DeviceId: 0x6798 (for the marketing name, search the web for "GPU Device Id")
[2017.02.20-00.37.26:125][  0]LogWindows: EnumDisplayDevices:
[2017.02.20-00.37.26:126][  0]LogWindows:    0. 'AMD Radeon R9 200 / HD 7900 Series' (P:1 D:1)
[2017.02.20-00.37.26:126][  0]LogWindows:    1. 'AMD Radeon R9 200 / HD 7900 Series' (P:0 D:0)
[2017.02.20-00.37.26:127][  0]LogWindows:    2. 'AMD Radeon R9 200 / HD 7900 Series' (P:0 D:0)
[2017.02.20-00.37.26:127][  0]LogWindows:    3. 'AMD Radeon R9 200 / HD 7900 Series' (P:0 D:0)
[2017.02.20-00.37.26:128][  0]LogWindows:    4. 'AMD Radeon R9 200 / HD 7900 Series' (P:0 D:0)
[2017.02.20-00.37.26:128][  0]LogWindows:    5. 'AMD Radeon R9 200 / HD 7900 Series' (P:0 D:0)
[2017.02.20-00.37.26:128][  0]LogWindows:    6. 'Intel(R) HD Graphics 3000' (P:0 D:0)
[2017.02.20-00.37.26:129][  0]LogWindows:    7. 'Intel(R) HD Graphics 3000' (P:0 D:0)
[2017.02.20-00.37.26:129][  0]LogWindows: DebugString: PrimaryIsNotTheChoosenAdapter PrimaryIsNotTheChoosenAdapter FoundDriverCount:6 
[2017.02.20-00.37.26:129][  0]LogD3D11RHI:     Adapter Name: AMD Radeon R9 200 / HD 7900 Series
[2017.02.20-00.37.26:129][  0]LogD3D11RHI:   Driver Version: Crimson ReLive 17.1.2 (internal:21.19.413.0, unified:21.19.413.0)
[2017.02.20-00.37.26:129][  0]LogD3D11RHI:      Driver Date: 1-25-2017
[2017.02.20-00.37.26:129][  0]LogRHI: Texture pool is 1361 MB (70% of 1945 MB)
[2017.02.20-00.37.26:143][  0]LogD3D11RHI: Async texture creation enabled
[2017.02.20-00.37.26:156][  0]LogD3D11RHI: GPU Timing Frequency: 27.000000 (Debug: 2 1)
[2017.02.20-00.37.26:158][  0]LogShaderCompilers: Guid format shader working directory is -24 characters bigger than the processId version (C:/Users/rickb/OneDrive/Documents/GitHub/VIVE-Construction/VRBridgeSim/Intermediate/Shaders/WorkingDirectory/7140/).
[2017.02.20-00.37.26:158][  0]LogShaderCompilers: Cleaned the shader compiler working directory 'C:/Users/rickb/AppData/Local/Temp/UnrealShaderWorkingDir/F5218E834F5134FF10159B98EB63AE15/'.
[2017.02.20-00.37.26:158][  0]LogShaderCompilers:Display: Using Local Shader Compiler.
[2017.02.20-00.37.27:656][  0]LogTemp:Display: Loaded TP AllDesktopTargetPlatform
[2017.02.20-00.37.27:739][  0]LogTemp:Display: Loaded TP MacClientTargetPlatform
[2017.02.20-00.37.27:820][  0]LogTemp:Display: Loaded TP MacNoEditorTargetPlatform
[2017.02.20-00.37.27:901][  0]LogTemp:Display: Loaded TP MacServerTargetPlatform
[2017.02.20-00.37.27:987][  0]LogTemp:Display: Loaded TP MacTargetPlatform
[2017.02.20-00.37.28:075][  0]LogTemp:Display: Loaded TP WindowsClientTargetPlatform
[2017.02.20-00.37.28:164][  0]LogTemp:Display: Loaded TP WindowsNoEditorTargetPlatform
[2017.02.20-00.37.28:247][  0]LogTemp:Display: Loaded TP WindowsServerTargetPlatform
[2017.02.20-00.37.28:324][  0]LogTemp:Display: Loaded TP WindowsTargetPlatform
[2017.02.20-00.37.28:407][  0]LogTemp:Display: Loaded TP AndroidTargetPlatform
[2017.02.20-00.37.28:491][  0]LogTemp:Display: Loaded TP Android_ASTCTargetPlatform
[2017.02.20-00.37.28:587][  0]LogTemp:Display: Loaded TP Android_ATCTargetPlatform
[2017.02.20-00.37.28:668][  0]LogTemp:Display: Loaded TP Android_DXTTargetPlatform
[2017.02.20-00.37.28:751][  0]LogTemp:Display: Loaded TP Android_ETC1TargetPlatform
[2017.02.20-00.37.28:830][  0]LogTemp:Display: Loaded TP Android_ETC2TargetPlatform
[2017.02.20-00.37.28:993][  0]LogTemp:Display: Loaded TP Android_MultiTargetPlatform
[2017.02.20-00.37.28:993][  0]LogTemp:Display: Loaded TP Android_PVRTCTargetPlatform
[2017.02.20-00.37.29:060][  0]LogTemp:Display: Loaded TP HTML5TargetPlatform
[2017.02.20-00.37.29:180][  0]LogTemp:Display: Loaded TP IOSTargetPlatform
[2017.02.20-00.37.29:221][  0]LogTemp:Display: Loaded TP TVOSTargetPlatform
[2017.02.20-00.37.29:305][  0]LogTemp:Display: Loaded TP LinuxClientTargetPlatform
[2017.02.20-00.37.29:391][  0]LogTemp:Display: Loaded TP LinuxNoEditorTargetPlatform
[2017.02.20-00.37.29:480][  0]LogTemp:Display: Loaded TP LinuxServerTargetPlatform
[2017.02.20-00.37.29:564][  0]LogTemp:Display: Loaded TP LinuxTargetPlatform
[2017.02.20-00.37.29:564][  0]LogTargetPlatformManager:Display: Building Assets For Windows
[2017.02.20-00.37.30:096][  0]LogDerivedDataCache:Display: Max Cache Size: 512 MB
[2017.02.20-00.37.30:183][  0]LogDerivedDataCache: Loaded boot cache 0.09s 61MB C:/Users/rickb/AppData/Local/UnrealEngine/4.14/DerivedDataCache/Boot.ddc.
[2017.02.20-00.37.30:183][  0]LogDerivedDataCache:Display: Loaded Boot cache: C:/Users/rickb/AppData/Local/UnrealEngine/4.14/DerivedDataCache/Boot.ddc
[2017.02.20-00.37.30:183][  0]LogDerivedDataCache: FDerivedDataBackendGraph:  Pak pak cache file C:/Users/rickb/OneDrive/Documents/GitHub/VIVE-Construction/VRBridgeSim/DerivedDataCache/DDC.ddp not found, will not use a pak cache.
[2017.02.20-00.37.30:183][  0]LogDerivedDataCache: Unable to find inner node Pak for hierarchical cache Hierarchy.
[2017.02.20-00.37.30:183][  0]LogDerivedDataCache: FDerivedDataBackendGraph:  CompressedPak pak cache file C:/Users/rickb/OneDrive/Documents/GitHub/VIVE-Construction/VRBridgeSim/DerivedDataCache/Compressed.ddp not found, will not use a pak cache.
[2017.02.20-00.37.30:183][  0]LogDerivedDataCache: Unable to find inner node CompressedPak for hierarchical cache Hierarchy.
[2017.02.20-00.37.30:206][  0]LogDerivedDataCache:Display: Pak cache opened for reading ../../../Engine/DerivedDataCache/Compressed.ddp.
[2017.02.20-00.37.30:218][  0]LogDerivedDataCache: Using Local data cache path C:/Users/rickb/AppData/Local/UnrealEngine/Common/DerivedDataCache: Writable
[2017.02.20-00.37.30:569][  0]LogInit: Selected Device Profile: [Windows]
[2017.02.20-00.37.30:574][  0]LogContentStreaming: Texture pool size is 0.00 MB
[2017.02.20-00.37.30:890][  0]LogMeshUtilities: Using QuadricMeshReduction for automatic static mesh reduction
[2017.02.20-00.37.30:960][  0]LogSimplygon: Simplygon DLL not present - disabling.
[2017.02.20-00.37.31:046][  0]LogMeshUtilities: Using SimplygonSwarm for distributed automatic mesh merging
[2017.02.20-00.37.31:046][  0]LogMeshUtilities: No automatic skeletal mesh reduction module available
[2017.02.20-00.37.31:046][  0]LogMeshUtilities: No automatic mesh merging module available
[2017.02.20-00.37.31:821][  0]LogNetVersion: GetLocalNetworkVersion: CL: 3195953, ProjectName: vrbridgesim, ProjectVersion: , EngineNetworkVersion: 2, GameNetworkVersion: 0, NetworkChecksum: 1168194767
[2017.02.20-00.37.31:890][  0]LogAssetRegistry: FAssetRegistry took 0.0224 seconds to start up
[2017.02.20-00.37.31:919][  0]LogDirectoryWatcher:Warning: Failed to begin reading directory changes for ../../../Engine/Plugins/Marketplace/RunebergVRPlugin/Content/. Error: The system cannot find the file specified. (0x00000002)
[2017.02.20-00.37.31:964][  0]LogPackageLocalizationCache: Processed 4 localized package path(s) for 2 prioritized culture(s) in 0.045529 seconds
[2017.02.20-00.37.31:977][  0]LogUObjectArray: 31946 objects as part of root set at end of initial load.
[2017.02.20-00.37.31:977][  0]LogUObjectAllocator: 6935840 out of 0 bytes used by permanent object pool.
[2017.02.20-00.37.31:977][  0]LogUObjectArray: CloseDisregardForGC: 0/0 objects in disregard for GC pool
[2017.02.20-00.37.32:052][  0]LogInit: WinSock: version 1.1 (2.2), MaxSocks=32767, MaxUdp=65467
[2017.02.20-00.37.33:181][  0]LogSlate: Using Freetype 2.6.0
[2017.02.20-00.37.33:191][  0]LogSlate: SlateFontCache - WITH_FREETYPE: 1, WITH_HARFBUZZ: 1
[2017.02.20-00.37.33:191][  0]LogSlate: SlateFontCache - WITH_FREETYPE: 1, WITH_HARFBUZZ: 1
[2017.02.20-00.37.34:975][  0]LogSubstanceCoreModule: Substance [CPU] Engine Loaded, Max Texture Size = 2048
[2017.02.20-00.37.35:016][  0]LogTcpMessaging: Initializing TcpMessaging bridge
[2017.02.20-00.37.35:065][  0]LogUdpMessaging: Initializing bridge on interface 0.0.0.0:0 to multicast group 230.0.0.1:6666.
[2017.02.20-00.37.35:541][  0]LogMaterial: Uniform references updated for custom material expression Custom.
[2017.02.20-00.37.36:157][  0]SourceControl: Info Source control is disabled
[2017.02.20-00.37.36:257][  0]SourceControl: Info Source control is disabled
[2017.02.20-00.37.36:353][  0]SourceControl: Info Source control is disabled
[2017.02.20-00.37.36:438][  0]SourceControl: Info Source control is disabled
[2017.02.20-00.37.38:733][  0]LogEngine: Initializing Engine...
[2017.02.20-00.37.39:422][  0]LogHMD: SteamVR initialized.  Driver: lighthouse  Display: LHR-B23D4E72
[2017.02.20-00.37.39:788][  0]LogAIModule: Creating AISystem for world Untitled
[2017.02.20-00.37.39:837][  0]LogInit: XAudio2 using 'Speakers (Turtle Beach Z22 Chat)' : 2 channels at 48 kHz using 16 bits per sample (channel mask 0x3)
[2017.02.20-00.37.39:871][  0]LogInit: FAudioDevice initialized.
[2017.02.20-00.37.39:908][  0]LogDerivedDataCache: Saved boot cache 0.04s 61MB C:/Users/rickb/AppData/Local/UnrealEngine/4.14/DerivedDataCache/Boot.ddc.
[2017.02.20-00.37.39:926][  0]LogInit: Texture streaming: Enabled
[2017.02.20-00.37.40:382][  0]LogInit: Transaction tracking system initialized
[2017.02.20-00.37.41:016][  0]BlueprintLog: New page: Editor Load
[2017.02.20-00.37.42:727][  0]LocalizationService: Info Localization service is disabled
[2017.02.20-00.37.43:998][  0]LogConsoleResponse:Display: 
[2017.02.20-00.37.44:188][  0]LogCook:Display: Max memory allowance for cook 16384mb min free memory 0mb
[2017.02.20-00.37.44:188][  0]LogCook:Display: Mobile HDR setting 1
[2017.02.20-00.37.45:228][  0]LogFileCache: Scanning file cache for directory 'C:/Users/rickb/OneDrive/Documents/GitHub/VIVE-Construction/VRBridgeSim/Content/' took 0.01s
[2017.02.20-00.37.46:177][  0]SourceControl: Info Source control is disabled
[2017.02.20-00.37.46:177][  0]Cmd: MAP LOAD FILE="C:/Users/rickb/OneDrive/Documents/GitHub/VIVE-Construction/VRBridgeSim/Content/VirtualRealityBP/Maps/StartupMap.umap" TEMPLATE=0 SHOWPROGRESS=1 FEATURELEVEL=3
[2017.02.20-00.37.46:178][  0]LightingResults: New page: Lighting Build
[2017.02.20-00.37.46:252][  0]MapCheck: New page: Map Check
[2017.02.20-00.37.46:252][  0]LightingResults: New page: Lighting Build
[2017.02.20-00.37.46:360][  0]LogAIModule: Creating AISystem for world StartupMap
[2017.02.20-00.37.46:371][  0]LogEditorServer: Finished looking for orphan Actors (0.000 secs)
[2017.02.20-00.37.46:371][  0]Cmd: MAP CHECKDEP NOCLEARLOG
[2017.02.20-00.37.46:525][  0]MapCheck: Info Map check complete: 0 Error(s), 0 Warning(s), took 153.76ms to complete.
[2017.02.20-00.37.46:525][  0]LogFileHelpers: Loading map 'StartupMap' took 0.349
[2017.02.20-00.37.46:699][  0]LogCollectionManager: Loaded 0 collections in 0.001744 seconds
[2017.02.20-00.37.46:815][  0]LogFileCache: Scanning file cache for directory 'C:/Users/rickb/OneDrive/Documents/GitHub/VIVE-Construction/VRBridgeSim/Saved/Collections/' took 0.01s
[2017.02.20-00.37.46:815][  0]LogFileCache: Scanning file cache for directory 'C:/Users/rickb/OneDrive/Documents/GitHub/VIVE-Construction/VRBridgeSim/Content/Developers/rickb/Collections/' took 0.01s
[2017.02.20-00.37.46:815][  0]LogFileCache: Scanning file cache for directory 'C:/Users/rickb/OneDrive/Documents/GitHub/VIVE-Construction/VRBridgeSim/Content/Collections/' took 0.01s
[2017.02.20-00.37.46:815][  0]LogCollectionManager: Rebuilt the GUID cache for 0 collections in 0.000002 seconds
[2017.02.20-00.37.46:827][  0]LogContentBrowser: Native class hierarchy populated in 0.0112 seconds. Added 2208 classes and 437 folders.
[2017.02.20-00.37.46:901][  0]LogStats: UGameplayTagsManager::ConstructGameplayTagTree: Construct from data asset -  0.000 s
[2017.02.20-00.37.46:901][  0]LogStats: UGameplayTagsManager::ConstructGameplayTagTree: GameplayTagTreeChangedEvent.Broadcast -  0.000 s
[2017.02.20-00.37.46:901][  0]LogContentBrowser: Native class hierarchy updated for 'GameplayTags' in 0.0006 seconds. Added 13 classes and 0 folders.
[2017.02.20-00.37.46:996][  0]LogContentBrowser: Native class hierarchy updated for 'WidgetCarousel' in 0.0007 seconds. Added 0 classes and 0 folders.
[2017.02.20-00.37.47:109][  0]LogContentBrowser: Native class hierarchy updated for 'AddContentDialog' in 0.0006 seconds. Added 0 classes and 0 folders.
[2017.02.20-00.37.47:176][  0]LogContentBrowser: Native class hierarchy updated for 'SceneOutliner' in 0.0009 seconds. Added 1 classes and 2 folders.
[2017.02.20-00.37.47:230][  0]LogCrashTracker: Crashtracker disabled due to settings.
[2017.02.20-00.37.47:236][  0]LogUObjectGlobals:Warning: Failed to find object 'Class None.'
[2017.02.20-00.37.47:330][  0]LogContentBrowser: Native class hierarchy updated for 'HierarchicalLODOutliner' in 0.0014 seconds. Added 1 classes and 2 folders.
[2017.02.20-00.37.47:331][  0]LogLoad: (Engine Initialization) Total time: 24.95 seconds
[2017.02.20-00.37.47:331][  0]LogLoad: (Engine Initialization) Total Blueprint compile time: 0.06 seconds
[2017.02.20-00.37.47:331][  0]LogExternalProfiler: Found external profiler: VSPerf
[2017.02.20-00.37.47:331][  0]LogExternalProfiler: Using external profiler: VSPerf
[2017.02.20-00.37.47:343][  0]LogOcInput: OculusInput pre-init called
[2017.02.20-00.37.47:362][  0]LogContentStreaming: Texture pool size now 1000 MB
[2017.02.20-00.37.47:585][  0]LogRenderer: Reallocating scene render targets to support 1208x576 NumSamples 1 (Frame:2).
[2017.02.20-00.37.47:706][  1]LogAssetRegistry: Asset discovery search completed in 15.8378 seconds
[2017.02.20-00.37.47:706][  1]LogCollectionManager: Rebuilt the object cache for 0 collections in 0.000001 seconds (found 0 objects)
[2017.02.20-00.37.47:706][  1]LogCollectionManager: Fixed up redirectors for 0 collections in 0.000022 seconds (updated 0 objects)
[2017.02.20-00.37.53:619][513]Cmd: MAP LOAD FILE="C:/Users/rickb/OneDrive/Documents/GitHub/VIVE-Construction/VRBridgeSim/Content/SimulationMap.umap" TEMPLATE=0 SHOWPROGRESS=1 FEATURELEVEL=3
[2017.02.20-00.37.53:634][513]LightingResults: New page: Lighting Build
[2017.02.20-00.37.53:636][513]LoadErrors: New page: Loading map: SimulationMap.umap
[2017.02.20-00.37.53:639][513]MapCheck: New page: Map Check
[2017.02.20-00.37.53:639][513]LightingResults: New page: Lighting Build
[2017.02.20-00.37.53:980][513]LogBlueprint:Warning: [LevelManager] 'Root Object' variable not found. Base class was probably changed.
[2017.02.20-00.37.53:981][513]LogBlueprint:Warning: [LevelManager] 'Root Object' variable not found. Base class was probably changed.
[2017.02.20-00.37.53:985][513]LogBlueprint:Warning: [Compiler LevelManager] Warning Could not find a variable named "Root Object" in 'BP_MotionController_C'.
Make sure 'BP_MotionController_C' has been compiled for  K2Node_VariableGet_83
[2017.02.20-00.37.53:987][513]LogBlueprint:Warning: [Compiler LevelManager] Warning Could not find a variable named "Root Object" in 'BP_MotionController_C'.
Make sure 'BP_MotionController_C' has been compiled for  K2Node_VariableGet_2
[2017.02.20-00.37.53:988][513]LogBlueprint:Error: [Compiler LevelManager] Error The property associated with  Root Object  could not be found
[2017.02.20-00.37.53:989][513]LogBlueprint:Error: [Compiler LevelManager] Error The property associated with  Root Object  could not be found
[2017.02.20-00.37.53:994][513]LogBlueprint:Warning: [Compiler LevelManager] Warning [0031.61] Compile of LevelManager failed. 2 Fatal Issue(s) 2 Warning(s) [in 12 ms] (/Game/LevelManager.LevelManager)
[2017.02.20-00.37.53:995][513]LogBlueprint:Warning: [Compiler LevelManager] Warning [0031.62] Compile of LevelManager failed. 2 Fatal Issue(s) 3 Warning(s) [in 0 ms] (/Game/LevelManager.LevelManager)
[2017.02.20-00.37.53:995][513]LogBlueprint:Warning: [Compiler LevelManager] Warning [0031.62] Compile of LevelManager failed. 2 Fatal Issue(s) 4 Warning(s) [in 0 ms] (/Game/LevelManager.LevelManager)
[2017.02.20-00.37.54:648][513]LogAIModule: Creating AISystem for world SimulationMap
[2017.02.20-00.37.54:658][513]LogEditorServer: Finished looking for orphan Actors (0.000 secs)
[2017.02.20-00.37.54:682][513]Cmd: MAP CHECKDEP NOCLEARLOG
[2017.02.20-00.37.54:827][513]MapCheck: Info Map check complete: 0 Error(s), 0 Warning(s), took 144.393ms to complete.
[2017.02.20-00.37.54:827][513]LogFileHelpers: Loading map 'SimulationMap' took 1.210
[2017.02.20-00.37.57:851][811]LogPlayLevel: PlayLevel: No blueprints needed recompiling
[2017.02.20-00.37.57:851][811]PIE: New page: PIE session: SimulationMap (Feb 19, 2017, 10:37:57 AM)
[2017.02.20-00.37.57:851][811]LogPlayLevel: Creating play world package: /Game/UEDPIE_0_SimulationMap
[2017.02.20-00.37.57:855][811]LogPlayLevel: PIE: StaticDuplicateObject took: (0.003485s)
[2017.02.20-00.37.57:855][811]LogAIModule: Creating AISystem for world SimulationMap
[2017.02.20-00.37.57:856][811]LogPlayLevel: PIE: World Init took: (0.001005s)
[2017.02.20-00.37.57:856][811]LogPlayLevel: PIE: Created PIE world by copying editor world from /Game/SimulationMap.SimulationMap to /Game/UEDPIE_0_SimulationMap.SimulationMap (0.004892s)
[2017.02.20-00.37.57:924][811]LogInit: XAudio2 using 'Speakers (Turtle Beach Z22 Chat)' : 2 channels at 48 kHz using 16 bits per sample (channel mask 0x3)
[2017.02.20-00.37.57:937][811]LogInit: FAudioDevice initialized.
[2017.02.20-00.37.58:047][811]LogUObjectGlobals:Warning: Failed to find object 'Class None.'
[2017.02.20-00.37.58:047][811]LogLoad: Game class is 'GameModeBase'
[2017.02.20-00.37.58:051][811]LogWorld: Bringing World /Game/UEDPIE_0_SimulationMap.SimulationMap up for play (max tick rate 0) at 2017.02.19-17.37.58
[2017.02.20-00.37.58:052][811]LogWorld: Bringing up level for play took: 0.002283
[2017.02.20-00.37.58:122][811]LogContentBrowser: Native class hierarchy updated for 'MovieSceneCapture' in 0.0011 seconds. Added 11 classes and 0 folders.
[2017.02.20-00.37.58:128][811]LogUnrealMath:Error: FMatrix::InverseFast(), trying to invert a NIL matrix, this results in NaNs! Use Inverse() instead.
[2017.02.20-00.37.58:128][811]LogOutputDevice:Warning: 

Script Stack:
BP_MotionController_C.SetupRoomScaleOutline
BP_MotionController_C.ExecuteUbergraph_BP_MotionController
BP_MotionController_C.ReceiveBeginPlay

[2017.02.20-00.37.58:148][811]LogStats: FPlatformStackWalk::StackWalkAndDump -  0.019 s
[2017.02.20-00.37.58:148][811]LogOutputDevice:Error: === Handled ensure: ===
[2017.02.20-00.37.58:148][811]LogOutputDevice:Error: 
[2017.02.20-00.37.58:148][811]LogOutputDevice:Error: Ensure condition failed: false [File:D:\Build\++UE4+Release-4.14+Compile\Sync\Engine\Source\Runtime\Core\Private\Math\Matrix.cpp] [Line: 9]
[2017.02.20-00.37.58:148][811]LogOutputDevice:Error: FMatrix::InverseFast(), trying to invert a NIL matrix, this results in NaNs! Use Inverse() instead.
[2017.02.20-00.37.58:148][811]LogOutputDevice:Error: Stack: 
[2017.02.20-00.37.58:148][811]LogOutputDevice:Error: UE4Editor-Core.dll
[2017.02.20-00.37.58:148][811]LogOutputDevice:Error: UE4Editor-Core.dll
[2017.02.20-00.37.58:148][811]LogOutputDevice:Error: UE4Editor-Core.dll
[2017.02.20-00.37.58:148][811]LogOutputDevice:Error: UE4Editor-Core.dll
[2017.02.20-00.37.58:148][811]LogOutputDevice:Error: UE4Editor-Engine.dll
[2017.02.20-00.37.58:148][811]LogOutputDevice:Error: UE4Editor-Engine.dll
[2017.02.20-00.37.58:148][811]LogOutputDevice:Error: UE4Editor-Engine.dll
[2017.02.20-00.37.58:148][811]LogOutputDevice:Error: UE4Editor-CoreUObject.dll
[2017.02.20-00.37.58:148][811]LogOutputDevice:Error: UE4Editor-CoreUObject.dll
[2017.02.20-00.37.58:148][811]LogOutputDevice:Error: UE4Editor-CoreUObject.dll
[2017.02.20-00.37.58:148][811]LogOutputDevice:Error: UE4Editor-CoreUObject.dll
[2017.02.20-00.37.58:148][811]LogOutputDevice:Error: UE4Editor-CoreUObject.dll
[2017.02.20-00.37.58:148][811]LogOutputDevice:Error: UE4Editor-CoreUObject.dll
[2017.02.20-00.37.58:148][811]LogOutputDevice:Error: UE4Editor-CoreUObject.dll
[2017.02.20-00.37.58:148][811]LogOutputDevice:Error: UE4Editor-CoreUObject.dll
[2017.02.20-00.37.58:148][811]LogOutputDevice:Error: UE4Editor-CoreUObject.dll
[2017.02.20-00.37.58:148][811]LogOutputDevice:Error: UE4Editor-CoreUObject.dll
[2017.02.20-00.37.58:148][811]LogOutputDevice:Error: UE4Editor-CoreUObject.dll
[2017.02.20-00.37.58:148][811]LogOutputDevice:Error: UE4Editor-CoreUObject.dll
[2017.02.20-00.37.58:148][811]LogOutputDevice:Error: UE4Editor-Engine.dll
[2017.02.20-00.37.58:148][811]LogOutputDevice:Error: UE4Editor-Engine.dll
[2017.02.20-00.37.58:148][811]LogOutputDevice:Error: UE4Editor-Engine.dll
[2017.02.20-00.37.58:148][811]LogOutputDevice:Error: UE4Editor-Engine.dll
[2017.02.20-00.37.58:148][811]LogOutputDevice:Error: UE4Editor-Engine.dll
[2017.02.20-00.37.58:148][811]LogOutputDevice:Error: UE4Editor-Engine.dll
[2017.02.20-00.37.58:148][811]LogOutputDevice:Error: UE4Editor-UnrealEd.dll
[2017.02.20-00.37.58:148][811]LogOutputDevice:Error: UE4Editor-UnrealEd.dll
[2017.02.20-00.37.58:148][811]LogOutputDevice:Error: UE4Editor-UnrealEd.dll
[2017.02.20-00.37.58:148][811]LogOutputDevice:Error: UE4Editor-UnrealEd.dll
[2017.02.20-00.37.58:148][811]LogOutputDevice:Error: UE4Editor-UnrealEd.dll
[2017.02.20-00.37.58:148][811]LogOutputDevice:Error: UE4Editor.exe
[2017.02.20-00.37.58:148][811]LogOutputDevice:Error: UE4Editor.exe
[2017.02.20-00.37.58:148][811]LogOutputDevice:Error: UE4Editor.exe
[2017.02.20-00.37.58:148][811]LogOutputDevice:Error: UE4Editor.exe
[2017.02.20-00.37.58:148][811]LogOutputDevice:Error: UE4Editor.exe
[2017.02.20-00.37.58:148][811]LogOutputDevice:Error: KERNEL32.DLL
[2017.02.20-00.37.58:148][811]LogOutputDevice:Error: ntdll.dll
[2017.02.20-00.37.58:148][811]LogOutputDevice:Error: 
[2017.02.20-00.37.58:163][811]LogStats:                SubmitErrorReport -  0.000 s
