Log file open, 02/14/17 15:54:22
LogInit:Display: Running engine for game: BridgeVR
LogPlatformFile: Not using cached read wrapper
LogInit:Display: RandInit(1029494588) SRandInit(1029494588).
LogTaskGraph: Started task graph with 5 named threads and 8 total threads with 1 sets of task threads.
LogStats: Stats thread started at 0.084299
LogPluginManager: Loaded Plugin Paper2D, From D:/Programs/Epic Games/4.13/Engine/Plugins/2D/Paper2D/Paper2D.uplugin
LogPluginManager: Loaded Plugin LightPropagationVolume, From D:/Programs/Epic Games/4.13/Engine/Plugins/Blendables/LightPropagationVolume/LightPropagationVolume.uplugin
LogPluginManager: Loaded Plugin BlankPlugin, From D:/Programs/Epic Games/4.13/Engine/Plugins/Developer/BlankPlugin/BlankPlugin.uplugin
LogPluginManager: Loaded Plugin CodeLiteSourceCodeAccess, From D:/Programs/Epic Games/4.13/Engine/Plugins/Developer/CodeLiteSourceCodeAccess/CodeLiteSourceCodeAccess.uplugin
LogPluginManager: Loaded Plugin GitSourceControl, From D:/Programs/Epic Games/4.13/Engine/Plugins/Developer/GitSourceControl/GitSourceControl.uplugin
LogPluginManager: Loaded Plugin KDevelopSourceCodeAccess, From D:/Programs/Epic Games/4.13/Engine/Plugins/Developer/KDevelopSourceCodeAccess/KDevelopSourceCodeAccess.uplugin
LogPluginManager: Loaded Plugin NullSourceCodeAccess, From D:/Programs/Epic Games/4.13/Engine/Plugins/Developer/NullSourceCodeAccess/NullSourceCodeAccess.uplugin
LogPluginManager: Loaded Plugin OneSkyLocalizationService, From D:/Programs/Epic Games/4.13/Engine/Plugins/Developer/OneSkyLocalizationService/OneSkyLocalizationService.uplugin
LogPluginManager: Loaded Plugin PerforceSourceControl, From D:/Programs/Epic Games/4.13/Engine/Plugins/Developer/PerforceSourceControl/PerforceSourceControl.uplugin
LogPluginManager: Loaded Plugin SubversionSourceControl, From D:/Programs/Epic Games/4.13/Engine/Plugins/Developer/SubversionSourceControl/SubversionSourceControl.uplugin
LogPluginManager: Loaded Plugin UObjectPlugin, From D:/Programs/Epic Games/4.13/Engine/Plugins/Developer/UObjectPlugin/UObjectPlugin.uplugin
LogPluginManager: Loaded Plugin VisualStudioSourceCodeAccess, From D:/Programs/Epic Games/4.13/Engine/Plugins/Developer/VisualStudioSourceCodeAccess/VisualStudioSourceCodeAccess.uplugin
LogPluginManager: Loaded Plugin XCodeSourceCodeAccess, From D:/Programs/Epic Games/4.13/Engine/Plugins/Developer/XCodeSourceCodeAccess/XCodeSourceCodeAccess.uplugin
LogPluginManager: Loaded Plugin EpicSurvey, From D:/Programs/Epic Games/4.13/Engine/Plugins/Editor/EpicSurvey/EpicSurvey.uplugin
LogPluginManager: Loaded Plugin MacGraphicsSwitching, From D:/Programs/Epic Games/4.13/Engine/Plugins/Editor/MacGraphicsSwitching/MacGraphicsSwitching.uplugin
LogPluginManager: Loaded Plugin MobileLauncherProfileWizard, From D:/Programs/Epic Games/4.13/Engine/Plugins/Editor/MobileLauncherProfileWizard/MobileLauncherProfileWizard.uplugin
LogPluginManager: Loaded Plugin PluginBrowser, From D:/Programs/Epic Games/4.13/Engine/Plugins/Editor/PluginBrowser/PluginBrowser.uplugin
LogPluginManager: Loaded Plugin SpeedTreeImporter, From D:/Programs/Epic Games/4.13/Engine/Plugins/Editor/SpeedTreeImporter/SpeedTreeImporter.uplugin
LogPluginManager: Loaded Plugin SuperSearchEditor, From D:/Programs/Epic Games/4.13/Engine/Plugins/Editor/SuperSearchEditor/SuperSearchEditor.uplugin
LogPluginManager: Loaded Plugin AlembicImporter, From D:/Programs/Epic Games/4.13/Engine/Plugins/Experimental/AlembicImporter/AlembicImporter.uplugin
LogPluginManager: Loaded Plugin BlueprintStats, From D:/Programs/Epic Games/4.13/Engine/Plugins/Experimental/BlueprintStats/BlueprintStats.uplugin
LogPluginManager: Loaded Plugin CharacterAI, From D:/Programs/Epic Games/4.13/Engine/Plugins/Experimental/CharacterAI/CharacterAI.uplugin
LogPluginManager: Loaded Plugin CodeEditor, From D:/Programs/Epic Games/4.13/Engine/Plugins/Experimental/CodeEditor/CodeEditor.uplugin
LogPluginManager: Loaded Plugin CodeView, From D:/Programs/Epic Games/4.13/Engine/Plugins/Experimental/CodeView/CodeView.uplugin
LogPluginManager: Loaded Plugin HTML5Networking, From D:/Programs/Epic Games/4.13/Engine/Plugins/Experimental/HTML5Networking/HTML5Networking.uplugin
LogPluginManager: Loaded Plugin LiveEditor, From D:/Programs/Epic Games/4.13/Engine/Plugins/Experimental/LiveEditor/LiveEditor.uplugin
LogPluginManager: Loaded Plugin OSVR, From D:/Programs/Epic Games/4.13/Engine/Plugins/Experimental/OSVR/OSVR.uplugin
LogPluginManager: Loaded Plugin Phya, From D:/Programs/Epic Games/4.13/Engine/Plugins/Experimental/Phya/Phya.uplugin
LogPluginManager: Loaded Plugin SignificanceManager, From D:/Programs/Epic Games/4.13/Engine/Plugins/Experimental/SignificanceManager/SignificanceManager.uplugin
LogPluginManager: Loaded Plugin SimpleHMD, From D:/Programs/Epic Games/4.13/Engine/Plugins/Experimental/SimpleHMD/SimpleHMD.uplugin
LogPluginManager: Loaded Plugin StereoPanorama, From D:/Programs/Epic Games/4.13/Engine/Plugins/Experimental/StereoPanorama/StereoPanorama.uplugin
LogPluginManager: Loaded Plugin StructBox, From D:/Programs/Epic Games/4.13/Engine/Plugins/Experimental/StructBox/StructBox.uplugin
LogPluginManager: Loaded Plugin RunebergVRPlugin, From D:/Programs/Epic Games/4.13/Engine/Plugins/Marketplace/RunebergVRPlugin/RunebergVRPlugin.uplugin
LogPluginManager: Loaded Plugin AndroidMedia, From D:/Programs/Epic Games/4.13/Engine/Plugins/Media/AndroidMedia/AndroidMedia.uplugin
LogPluginManager: Loaded Plugin AvfMedia, From D:/Programs/Epic Games/4.13/Engine/Plugins/Media/AvfMedia/AvfMedia.uplugin
LogPluginManager: Loaded Plugin MediaPlayerEditor, From D:/Programs/Epic Games/4.13/Engine/Plugins/Media/MediaPlayerEditor/MediaPlayerEditor.uplugin
LogPluginManager: Loaded Plugin WmfMedia, From D:/Programs/Epic Games/4.13/Engine/Plugins/Media/WmfMedia/WmfMedia.uplugin
LogPluginManager: Loaded Plugin MessagingDebugger, From D:/Programs/Epic Games/4.13/Engine/Plugins/Messaging/MessagingDebugger/MessagingDebugger.uplugin
LogPluginManager: Loaded Plugin TcpMessaging, From D:/Programs/Epic Games/4.13/Engine/Plugins/Messaging/TcpMessaging/TcpMessaging.uplugin
LogPluginManager: Loaded Plugin UdpMessaging, From D:/Programs/Epic Games/4.13/Engine/Plugins/Messaging/UdpMessaging/UdpMessaging.uplugin
LogPluginManager: Loaded Plugin LevelSequenceEditor, From D:/Programs/Epic Games/4.13/Engine/Plugins/MovieScene/LevelSequenceEditor/LevelSequenceEditor.uplugin
LogPluginManager: Loaded Plugin MatineeToLevelSequence, From D:/Programs/Epic Games/4.13/Engine/Plugins/MovieScene/MatineeToLevelSequence/MatineeToLevelSequence.uplugin
LogPluginManager: Loaded Plugin NetcodeUnitTest, From D:/Programs/Epic Games/4.13/Engine/Plugins/NetcodeUnitTest/NetcodeUnitTest/NetcodeUnitTest.uplugin
LogPluginManager: Loaded Plugin NUTUnrealEngine4, From D:/Programs/Epic Games/4.13/Engine/Plugins/NetcodeUnitTest/NUTUnrealEngine4/NUTUnrealEngine4.uplugin
LogPluginManager: Loaded Plugin OnlineSubsystemGooglePlay, From D:/Programs/Epic Games/4.13/Engine/Plugins/Online/Android/OnlineSubsystemGooglePlay/OnlineSubsystemGooglePlay.uplugin
LogPluginManager: Loaded Plugin OnlineSubsystemIOS, From D:/Programs/Epic Games/4.13/Engine/Plugins/Online/IOS/OnlineSubsystemIOS/OnlineSubsystemIOS.uplugin
LogPluginManager: Loaded Plugin OnlineFramework, From D:/Programs/Epic Games/4.13/Engine/Plugins/Online/OnlineFramework/OnlineFramework.uplugin
LogPluginManager: Loaded Plugin OnlineSubsystem, From D:/Programs/Epic Games/4.13/Engine/Plugins/Online/OnlineSubsystem/OnlineSubsystem.uplugin
LogPluginManager: Loaded Plugin OnlineSubsystemAmazon, From D:/Programs/Epic Games/4.13/Engine/Plugins/Online/OnlineSubsystemAmazon/OnlineSubsystemAmazon.uplugin
LogPluginManager: Loaded Plugin OnlineSubsystemFacebook, From D:/Programs/Epic Games/4.13/Engine/Plugins/Online/OnlineSubsystemFacebook/OnlineSubsystemFacebook.uplugin
LogPluginManager: Loaded Plugin OnlineSubsystemNull, From D:/Programs/Epic Games/4.13/Engine/Plugins/Online/OnlineSubsystemNull/OnlineSubsystemNull.uplugin
LogPluginManager: Loaded Plugin OnlineSubsystemOculus, From D:/Programs/Epic Games/4.13/Engine/Plugins/Online/OnlineSubsystemOculus/OnlineSubsystemOculus.uplugin
LogPluginManager: Loaded Plugin OnlineSubsystemSteam, From D:/Programs/Epic Games/4.13/Engine/Plugins/Online/OnlineSubsystemSteam/OnlineSubsystemSteam.uplugin
LogPluginManager: Loaded Plugin OnlineSubsystemUtils, From D:/Programs/Epic Games/4.13/Engine/Plugins/Online/OnlineSubsystemUtils/OnlineSubsystemUtils.uplugin
LogPluginManager: Loaded Plugin IOSTapJoy, From D:/Programs/Epic Games/4.13/Engine/Plugins/Runtime/Advertising/IOSTapJoy/IOSTapJoy.uplugin
LogPluginManager: Loaded Plugin AnalyticsBlueprintLibrary, From D:/Programs/Epic Games/4.13/Engine/Plugins/Runtime/Analytics/AnalyticsBlueprintLibrary/AnalyticsBlueprintLibrary.uplugin
LogPluginManager: Loaded Plugin AnalyticsMulticast, From D:/Programs/Epic Games/4.13/Engine/Plugins/Runtime/Analytics/AnalyticsMulticast/AnalyticsMulticast.uplugin
LogPluginManager: Loaded Plugin Apsalar, From D:/Programs/Epic Games/4.13/Engine/Plugins/Runtime/Analytics/Apsalar/Apsalar.uplugin
LogPluginManager: Loaded Plugin FileLogging, From D:/Programs/Epic Games/4.13/Engine/Plugins/Runtime/Analytics/FileLogging/FileLogging.uplugin
LogPluginManager: Loaded Plugin Flurry, From D:/Programs/Epic Games/4.13/Engine/Plugins/Runtime/Analytics/Flurry/Flurry.uplugin
LogPluginManager: Loaded Plugin AndroidDeviceProfileSelector, From D:/Programs/Epic Games/4.13/Engine/Plugins/Runtime/AndroidDeviceProfileSelector/AndroidDeviceProfileSelector.uplugin
LogPluginManager: Loaded Plugin AndroidMoviePlayer, From D:/Programs/Epic Games/4.13/Engine/Plugins/Runtime/AndroidMoviePlayer/AndroidMoviePlayer.uplugin
LogPluginManager: Loaded Plugin AppleMoviePlayer, From D:/Programs/Epic Games/4.13/Engine/Plugins/Runtime/AppleMoviePlayer/AppleMoviePlayer.uplugin
LogPluginManager: Loaded Plugin ArchVisCharacter, From D:/Programs/Epic Games/4.13/Engine/Plugins/Runtime/ArchVisCharacter/ArchVisCharacter.uplugin
LogPluginManager: Loaded Plugin CableComponent, From D:/Programs/Epic Games/4.13/Engine/Plugins/Runtime/CableComponent/CableComponent.uplugin
LogPluginManager: Loaded Plugin CustomMeshComponent, From D:/Programs/Epic Games/4.13/Engine/Plugins/Runtime/CustomMeshComponent/CustomMeshComponent.uplugin
LogPluginManager: Loaded Plugin ExampleDeviceProfileSelector, From D:/Programs/Epic Games/4.13/Engine/Plugins/Runtime/ExampleDeviceProfileSelector/ExampleDeviceProfileSelector.uplugin
LogPluginManager: Loaded Plugin GearVR, From D:/Programs/Epic Games/4.13/Engine/Plugins/Runtime/GearVR/GearVR.uplugin
LogPluginManager: Loaded Plugin GoogleVRController, From D:/Programs/Epic Games/4.13/Engine/Plugins/Runtime/GoogleVR/GoogleVRController/GoogleVRController.uplugin
LogPluginManager: Loaded Plugin GoogleVRHMD, From D:/Programs/Epic Games/4.13/Engine/Plugins/Runtime/GoogleVR/GoogleVRHMD/GoogleVRHMD.uplugin
LogPluginManager: Loaded Plugin IOSDeviceProfileSelector, From D:/Programs/Epic Games/4.13/Engine/Plugins/Runtime/IOSDeviceProfileSelector/IOSDeviceProfileSelector.uplugin
LogPluginManager: Loaded Plugin LeapMotion, From D:/Programs/Epic Games/4.13/Engine/Plugins/Runtime/LeapMotion/LeapMotion.uplugin
LogPluginManager: Loaded Plugin LinuxDeviceProfileSelector, From D:/Programs/Epic Games/4.13/Engine/Plugins/Runtime/LinuxDeviceProfileSelector/LinuxDeviceProfileSelector.uplugin
LogPluginManager: Loaded Plugin LiveEditorListenServer, From D:/Programs/Epic Games/4.13/Engine/Plugins/Runtime/LiveEditorListenServer/LiveEditorListenServer.uplugin
LogPluginManager: Loaded Plugin OculusAudio, From D:/Programs/Epic Games/4.13/Engine/Plugins/Runtime/OculusAudio/OculusAudio.uplugin
LogPluginManager: Loaded Plugin OculusInput, From D:/Programs/Epic Games/4.13/Engine/Plugins/Runtime/OculusInput/OculusInput.uplugin
LogPluginManager: Loaded Plugin OculusLibrary, From D:/Programs/Epic Games/4.13/Engine/Plugins/Runtime/OculusLibrary/OculusLibrary.uplugin
LogPluginManager: Loaded Plugin OculusRift, From D:/Programs/Epic Games/4.13/Engine/Plugins/Runtime/OculusRift/OculusRift.uplugin
LogPluginManager: Loaded Plugin Oodle, From D:/Programs/Epic Games/4.13/Engine/Plugins/Runtime/PacketHandlers/CompressionComponents/Oodle/Oodle.uplugin
LogPluginManager: Loaded Plugin ProceduralMeshComponent, From D:/Programs/Epic Games/4.13/Engine/Plugins/Runtime/ProceduralMeshComponent/ProceduralMeshComponent.uplugin
LogPluginManager: Loaded Plugin SoundMod, From D:/Programs/Epic Games/4.13/Engine/Plugins/Runtime/SoundMod/SoundMod.uplugin
LogPluginManager: Loaded Plugin SoundVisualizations, From D:/Programs/Epic Games/4.13/Engine/Plugins/Runtime/SoundVisualizations/SoundVisualizations.uplugin
LogPluginManager: Loaded Plugin SteamController, From D:/Programs/Epic Games/4.13/Engine/Plugins/Runtime/Steam/SteamController/SteamController.uplugin
LogPluginManager: Loaded Plugin SteamVR, From D:/Programs/Epic Games/4.13/Engine/Plugins/Runtime/Steam/SteamVR/SteamVR.uplugin
LogPluginManager: Loaded Plugin WebBrowserWidget, From D:/Programs/Epic Games/4.13/Engine/Plugins/Runtime/WebBrowserWidget/WebBrowserWidget.uplugin
LogPluginManager: Loaded Plugin WindowsDeviceProfileSelector, From D:/Programs/Epic Games/4.13/Engine/Plugins/Runtime/WindowsDeviceProfileSelector/WindowsDeviceProfileSelector.uplugin
LogPluginManager: Loaded Plugin WindowsMoviePlayer, From D:/Programs/Epic Games/4.13/Engine/Plugins/Runtime/WindowsMoviePlayer/WindowsMoviePlayer.uplugin
LogPluginManager: Loaded Plugin ScriptPlugin, From D:/Programs/Epic Games/4.13/Engine/Plugins/ScriptPlugin/ScriptPlugin.uplugin
LogPluginManager: Loaded Plugin SlateRemote, From D:/Programs/Epic Games/4.13/Engine/Plugins/Slate/SlateRemote/SlateRemote.uplugin
LogInit: Using libcurl 7.47.1
LogInit:  - built for x86_64-pc-win32
LogInit:  - supports SSL with WinSSL
LogInit:  - other features:
LogInit:      CURL_VERSION_SSL
LogInit:      CURL_VERSION_IPV6
LogInit:      CURL_VERSION_ASYNCHDNS
LogInit:      CURL_VERSION_LARGEFILE
LogInit:      CURL_VERSION_IDN
LogInit:  CurlRequestOptions (configurable via config and command line):
LogInit:  - bVerifyPeer = false  - Libcurl will NOT verify peer certificate
LogInit:  - bUseHttpProxy = false  - Libcurl will NOT use HTTP proxy
LogInit:  - bDontReuseConnections = false  - Libcurl will reuse connections
LogInit:  - CertBundlePath = nullptr  - Libcurl will use whatever was configured at build time.
LogInit: Build: ++UE4+Release-4.13-CL-3172292
LogInit: Engine Version: 4.13.2-3172292+++UE4+Release-4.13
LogInit: Compatible Engine Version: 4.13.0-3106830+++UE4+Release-4.13
LogInit: Net CL: 3172292
LogDevObjectVersion: Number of dev versions registered: 13
LogDevObjectVersion:   Dev-Blueprints (B0D832E4-1F89-4F0D-ACCF-7EB736FD4AA2): 5
LogDevObjectVersion:   Dev-Build (E1C64328-A22C-4D53-A36C-8E866417BD8C): 0
LogDevObjectVersion:   Dev-Core (375EC13C-06E4-48FB-B500-84F0262A717E): 1
LogDevObjectVersion:   Dev-Editor (E4B068ED-F494-42E9-A231-DA0B2E46BB41): 6
LogDevObjectVersion:   Dev-Framework (CFFC743F-43B0-4480-9391-14DF171D2073): 12
LogDevObjectVersion:   Dev-Mobile (B02B49B5-BB20-44E9-A304-32B752E40360): 0
LogDevObjectVersion:   Dev-Networking (A4E4105C-59A1-49B5-A7C5-40C4547EDFEE): 0
LogDevObjectVersion:   Dev-Online (39C831C9-5AE6-47DC-9A44-9C173E1C8E7C): 0
LogDevObjectVersion:   Dev-Physics (78F01B33-EBEA-4F98-B9B4-84EACCB95AA2): 0
LogDevObjectVersion:   Dev-Platform (6631380F-2D4D-43E0-8009-CF276956A95A): 0
LogDevObjectVersion:   Dev-Rendering (12F88B9F-8875-4AFC-A67C-D90C383ABD29): 4
LogDevObjectVersion:   Dev-Sequencer (7B5AE74C-D270-4C10-A958-57980B212A5A): 0
LogDevObjectVersion:   Dev-VR (D7296918-1DD6-4BDD-9DE2-64A83CC13884): 0
LogInit: Compiled (64-bit): Oct 24 2016 14:29:06
LogInit: Compiled with Visual C++: 19.00.23026.00
LogInit: Build Configuration: Development
LogInit: Branch Name: ++UE4+Release-4.13
LogInit: Command line: -EpicPortal 
LogInit: Base directory: D:/Programs/Epic Games/4.13/Engine/Binaries/Win64/
LogInit: Installed Engine Build: 1
LogInit: Presizing for max 8388607 objects, including 0 objects not considered by GC, pre-allocating 0 bytes for permanent pool.
LogInit: Object subsystem initialized
[2017.02.14-22.54.23:096][  0]LogConsoleManager:Display: Setting the console variable 'r.RHICmdBypass' with 'SetByProjectSetting' was ignored as it is lower priority than the previous 'SetBySystemSettingsIni'
[2017.02.14-22.54.23:100][  0]LogInit: Selected Device Profile: [Windows]
[2017.02.14-22.54.23:100][  0]LogInit: Applying CVar settings loaded from the selected device profile: [Windows]
[2017.02.14-22.54.23:109][  0]LogInit: Computer: DESKTOP-SA90QCC
[2017.02.14-22.54.23:109][  0]LogInit: User: rickb
[2017.02.14-22.54.23:109][  0]LogInit: CPU Page size=65536, Cores=4
[2017.02.14-22.54.23:109][  0]LogInit: High frequency timer resolution =3.215363 MHz
[2017.02.14-22.54.23:110][  0]LogMemory: Memory total: Physical=15.9GB (16GB approx)
[2017.02.14-22.54.23:110][  0]LogMemory: Platform Memory Stats for Windows
[2017.02.14-22.54.23:110][  0]LogMemory: Process Physical Memory: 255.51 MB used, 255.51 MB peak
[2017.02.14-22.54.23:110][  0]LogMemory: Process Virtual Memory: 259.81 MB used, 259.81 MB peak
[2017.02.14-22.54.23:110][  0]LogMemory: Physical Memory: 6386.28 MB used, 16277.92 MB total
[2017.02.14-22.54.23:110][  0]LogMemory: Virtual Memory: 620.85 MB used, 134217728.00 MB total
[2017.02.14-22.54.23:145][  0]LogTextLocalizationManager: No specific translations for ('en-US') exist, so ('en') translations will be used.
[2017.02.14-22.54.24:138][  0]LogD3D11RHI: D3D11 adapters:
[2017.02.14-22.54.24:156][  0]LogD3D11RHI:    0. 'AMD Radeon R9 200 / HD 7900 Series' (Feature Level 11_0)
[2017.02.14-22.54.24:156][  0]LogD3D11RHI:       3053/0/8138 MB DedicatedVideo/DedicatedSystem/SharedSystem, Outputs:1, VendorId:0x1002
[2017.02.14-22.54.24:159][  0]LogD3D11RHI:    1. 'Intel(R) HD Graphics 3000' (Feature Level 10_0)
[2017.02.14-22.54.24:159][  0]LogD3D11RHI:       32/0/1632 MB DedicatedVideo/DedicatedSystem/SharedSystem, Outputs:0, VendorId:0x8086
[2017.02.14-22.54.24:161][  0]LogD3D11RHI:    2. 'Microsoft Basic Render Driver' (Feature Level 11_0)
[2017.02.14-22.54.24:161][  0]LogD3D11RHI:       0/0/8138 MB DedicatedVideo/DedicatedSystem/SharedSystem, Outputs:0, VendorId:0x1414
[2017.02.14-22.54.24:161][  0]LogD3D11RHI: Chosen D3D11 Adapter: 0
[2017.02.14-22.54.24:166][  0]LogD3D11RHI: Creating new Direct3DDevice
[2017.02.14-22.54.24:166][  0]LogD3D11RHI:     GPU DeviceId: 0x6798 (for the marketing name, search the web for "GPU Device Id")
[2017.02.14-22.54.24:166][  0]LogWindows: EnumDisplayDevices:
[2017.02.14-22.54.24:166][  0]LogWindows:    0. 'AMD Radeon R9 200 / HD 7900 Series' (P:1 D:1)
[2017.02.14-22.54.24:166][  0]LogWindows:    1. 'AMD Radeon R9 200 / HD 7900 Series' (P:0 D:0)
[2017.02.14-22.54.24:167][  0]LogWindows:    2. 'AMD Radeon R9 200 / HD 7900 Series' (P:0 D:0)
[2017.02.14-22.54.24:167][  0]LogWindows:    3. 'AMD Radeon R9 200 / HD 7900 Series' (P:0 D:0)
[2017.02.14-22.54.24:168][  0]LogWindows:    4. 'AMD Radeon R9 200 / HD 7900 Series' (P:0 D:0)
[2017.02.14-22.54.24:168][  0]LogWindows:    5. 'AMD Radeon R9 200 / HD 7900 Series' (P:0 D:0)
[2017.02.14-22.54.24:168][  0]LogWindows:    6. 'Intel(R) HD Graphics 3000' (P:0 D:0)
[2017.02.14-22.54.24:169][  0]LogWindows:    7. 'Intel(R) HD Graphics 3000' (P:0 D:0)
[2017.02.14-22.54.24:169][  0]LogWindows: DebugString: PrimaryIsNotTheChoosenAdapter PrimaryIsNotTheChoosenAdapter FoundDriverCount:6 
[2017.02.14-22.54.24:169][  0]LogD3D11RHI:     Adapter Name: AMD Radeon R9 200 / HD 7900 Series
[2017.02.14-22.54.24:169][  0]LogD3D11RHI:   Driver Version: Crimson ReLive 17.1.2 (internal:21.19.413.0, unified:21.19.413.0)
[2017.02.14-22.54.24:169][  0]LogD3D11RHI:      Driver Date: 1-25-2017
[2017.02.14-22.54.24:169][  0]LogRHI: Texture pool is 1361 MB (70% of 1945 MB)
[2017.02.14-22.54.24:181][  0]LogD3D11RHI: Async texture creation enabled
[2017.02.14-22.54.24:193][  0]LogD3D11RHI: GPU Timing Frequency: 27.000000 (Debug: 2 1)
[2017.02.14-22.54.24:194][  0]LogShaderCompilers: Guid format shader working directory is 7 characters bigger than the processId version (C:/Users/rickb/OneDrive/Games/BridgeVR/Intermediate/Shaders/WorkingDirectory/12740/).
[2017.02.14-22.54.24:195][  0]LogShaderCompilers: Cleaned the shader compiler working directory 'C:/Users/rickb/AppData/Local/Temp/UnrealShaderWorkingDir/E6E2FD1047AA4A827EEBA8AEA770D998/'.
[2017.02.14-22.54.24:195][  0]LogShaderCompilers:Display: Using Local Shader Compiler.
[2017.02.14-22.54.25:368][  0]LogTemp:Display: Loaded TP AllDesktopTargetPlatform
[2017.02.14-22.54.25:379][  0]LogTemp:Display: Loaded TP WindowsClientTargetPlatform
[2017.02.14-22.54.25:389][  0]LogTemp:Display: Loaded TP WindowsNoEditorTargetPlatform
[2017.02.14-22.54.25:398][  0]LogTemp:Display: Loaded TP WindowsServerTargetPlatform
[2017.02.14-22.54.25:408][  0]LogTemp:Display: Loaded TP WindowsTargetPlatform
[2017.02.14-22.54.25:416][  0]LogTemp:Display: Loaded TP AndroidTargetPlatform
[2017.02.14-22.54.25:424][  0]LogTemp:Display: Loaded TP Android_ASTCTargetPlatform
[2017.02.14-22.54.25:432][  0]LogTemp:Display: Loaded TP Android_ATCTargetPlatform
[2017.02.14-22.54.25:439][  0]LogTemp:Display: Loaded TP Android_DXTTargetPlatform
[2017.02.14-22.54.25:448][  0]LogTemp:Display: Loaded TP Android_ETC1TargetPlatform
[2017.02.14-22.54.25:455][  0]LogTemp:Display: Loaded TP Android_ETC2TargetPlatform
[2017.02.14-22.54.25:471][  0]LogTemp:Display: Loaded TP Android_MultiTargetPlatform
[2017.02.14-22.54.25:471][  0]LogTemp:Display: Loaded TP Android_PVRTCTargetPlatform
[2017.02.14-22.54.25:473][  0]LogTemp:Display: Loaded TP HTML5TargetPlatform
[2017.02.14-22.54.25:495][  0]LogTemp:Display: Loaded TP IOSTargetPlatform
[2017.02.14-22.54.25:502][  0]LogTemp:Display: Loaded TP TVOSTargetPlatform
[2017.02.14-22.54.25:509][  0]LogTemp:Display: Loaded TP LinuxClientTargetPlatform
[2017.02.14-22.54.25:517][  0]LogTemp:Display: Loaded TP LinuxNoEditorTargetPlatform
[2017.02.14-22.54.25:525][  0]LogTemp:Display: Loaded TP LinuxServerTargetPlatform
[2017.02.14-22.54.25:533][  0]LogTemp:Display: Loaded TP LinuxTargetPlatform
[2017.02.14-22.54.25:533][  0]LogTargetPlatformManager:Display: Building Assets For Windows
[2017.02.14-22.54.25:654][  0]LogDerivedDataCache:Display: Max Cache Size: 512 MB
[2017.02.14-22.54.25:754][  0]LogDerivedDataCache: Loaded boot cache 0.10s 88MB C:/Users/rickb/AppData/Local/UnrealEngine/4.13/DerivedDataCache/Boot.ddc.
[2017.02.14-22.54.25:754][  0]LogDerivedDataCache:Display: Loaded Boot cache: C:/Users/rickb/AppData/Local/UnrealEngine/4.13/DerivedDataCache/Boot.ddc
[2017.02.14-22.54.25:754][  0]LogDerivedDataCache: FDerivedDataBackendGraph:  Pak pak cache file C:/Users/rickb/OneDrive/Games/BridgeVR/DerivedDataCache/DDC.ddp not found, will not use a pak cache.
[2017.02.14-22.54.25:754][  0]LogDerivedDataCache: Unable to find inner node Pak for hierarchical cache Hierarchy.
[2017.02.14-22.54.25:754][  0]LogDerivedDataCache: FDerivedDataBackendGraph:  CompressedPak pak cache file C:/Users/rickb/OneDrive/Games/BridgeVR/DerivedDataCache/Compressed.ddp not found, will not use a pak cache.
[2017.02.14-22.54.25:754][  0]LogDerivedDataCache: Unable to find inner node CompressedPak for hierarchical cache Hierarchy.
[2017.02.14-22.54.25:773][  0]LogDerivedDataCache:Display: Pak cache opened for reading ../../../Engine/DerivedDataCache/Compressed.ddp.
[2017.02.14-22.54.25:785][  0]LogDerivedDataCache: Using Local data cache path C:/Users/rickb/AppData/Local/UnrealEngine/Common/DerivedDataCache: Writable
[2017.02.14-22.54.26:080][  0]LogInit: Selected Device Profile: [Windows]
[2017.02.14-22.54.26:083][  0]LogContentStreaming: Texture pool size is 0.00 MB
[2017.02.14-22.54.26:212][  0]LogMeshUtilities: No automatic mesh reduction module available
[2017.02.14-22.54.26:212][  0]LogMeshUtilities: No automatic mesh merging module available
[2017.02.14-22.54.26:212][  0]LogMeshUtilities: No distributed automatic mesh merging module available
[2017.02.14-22.54.26:304][  0]LogMaterial: Uniform references updated for custom material expression Custom.
[2017.02.14-22.54.26:652][  0]LogNetVersion: GetLocalNetworkVersion: CL: 3106830, ProjectName: bridgevr, ProjectVersion: , EngineNetworkVersion: 1, GameNetworkVersion: 0, NetworkChecksum: 2238875110
[2017.02.14-22.54.26:691][  0]LogAssetRegistry: FAssetRegistry took 0.0214 seconds to start up
[2017.02.14-22.54.26:695][  0]LogDirectoryWatcher:Warning: Failed to begin reading directory changes for ../../../Engine/Plugins/Marketplace/RunebergVRPlugin/Content/. Error: The system cannot find the file specified. (0x00000002)
[2017.02.14-22.54.26:725][  0]LogPackageLocalizationCache: Processed 4 localized package path(s) for 2 prioritized culture(s) in 0.030249 seconds
[2017.02.14-22.54.26:731][  0]LogUObjectArray: 29738 objects as part of root set at end of initial load.
[2017.02.14-22.54.26:731][  0]LogUObjectAllocator: 6114920 out of 0 bytes used by permanent object pool.
[2017.02.14-22.54.26:731][  0]LogUObjectArray: CloseDisregardForGC: 0/0 objects in disregard for GC pool
[2017.02.14-22.54.26:743][  0]LogInit: WinSock: version 1.1 (2.2), MaxSocks=32767, MaxUdp=65467
[2017.02.14-22.54.27:007][  0]LogSlate: SlateFontCache - WITH_FREETYPE: 1, WITH_HARFBUZZ: 1
[2017.02.14-22.54.27:007][  0]LogSlate: SlateFontCache - WITH_FREETYPE: 1, WITH_HARFBUZZ: 1
[2017.02.14-22.54.28:215][  0]LogTcpMessaging: Initializing TcpMessaging bridge
[2017.02.14-22.54.28:247][  0]LogUdpMessaging: Initializing bridge on interface 0.0.0.0:0 to multicast group 230.0.0.1:6666.
[2017.02.14-22.54.28:567][  0]SourceControl: Info Source control is disabled
[2017.02.14-22.54.28:646][  0]SourceControl: Info Source control is disabled
[2017.02.14-22.54.28:669][  0]SourceControl: Info Source control is disabled
[2017.02.14-22.54.28:689][  0]SourceControl: Info Source control is disabled
[2017.02.14-22.54.29:204][  0]LogEngine: Initializing Engine...
[2017.02.14-22.54.29:852][  0]LogHMD: SteamVR initialized.  Driver: lighthouse  Display: LHR-B23D4E72
[2017.02.14-22.54.30:025][  0]LogAIModule: Creating AISystem for world Untitled
[2017.02.14-22.54.30:065][  0]LogInit: XAudio2 using 'Speakers (Realtek High Definition Audio)' : 2 channels at 48 kHz using 32 bits per sample (channel mask 0x3)
[2017.02.14-22.54.30:078][  0]LogInit: FAudioDevice initialized.
[2017.02.14-22.54.30:138][  0]LogDerivedDataCache: Saved boot cache 0.06s 88MB C:/Users/rickb/AppData/Local/UnrealEngine/4.13/DerivedDataCache/Boot.ddc.
[2017.02.14-22.54.30:155][  0]LogInit: Texture streaming: Enabled
[2017.02.14-22.54.30:184][  0]LogInit: Transaction tracking system initialized
[2017.02.14-22.54.30:214][  0]BlueprintLog: New page: Editor Load
[2017.02.14-22.54.30:314][  0]LocalizationService: Info Localization service is disabled
[2017.02.14-22.54.30:425][  0]LogConsoleResponse:Display: 
[2017.02.14-22.54.30:554][  0]LogCook:Display: Max memory allowance for cook 16384mb min free memory 0mb
[2017.02.14-22.54.30:554][  0]LogCook:Display: Mobile HDR setting 1
[2017.02.14-22.54.30:848][  0]LogFileCache: Scanning file cache for directory 'C:/Users/rickb/OneDrive/Games/BridgeVR/Content/' took 0.02s
[2017.02.14-22.54.30:848][  0]SourceControl: Info Source control is disabled
[2017.02.14-22.54.30:848][  0]Cmd: MAP LOAD FILE="C:/Users/rickb/OneDrive/Games/BridgeVR/Content/VirtualRealityBP/Maps/StartupMap.umap" TEMPLATE=0 SHOWPROGRESS=1 FEATURELEVEL=3
[2017.02.14-22.54.30:849][  0]LightingResults: New page: Lighting Build
[2017.02.14-22.54.30:853][  0]MapCheck: New page: Map Check
[2017.02.14-22.54.30:853][  0]LightingResults: New page: Lighting Build
[2017.02.14-22.54.30:928][  0]LogAIModule: Creating AISystem for world StartupMap
[2017.02.14-22.54.30:936][  0]LogEditorServer: Finished looking for orphan Actors (0.000 secs)
[2017.02.14-22.54.30:937][  0]Cmd: MAP CHECKDEP NOCLEARLOG
[2017.02.14-22.54.31:041][  0]MapCheck: Info Map check complete: 0 Error(s), 0 Warning(s), took 103.979ms to complete.
[2017.02.14-22.54.31:041][  0]LogFileHelpers: Loading map 'StartupMap' took 0.193
[2017.02.14-22.54.31:220][  0]LogCollectionManager: Loaded 0 collections in 0.002240 seconds
[2017.02.14-22.54.31:262][  0]LogFileCache: Scanning file cache for directory 'C:/Users/rickb/OneDrive/Games/BridgeVR/Saved/Collections/' took 0.01s
[2017.02.14-22.54.31:262][  0]LogFileCache: Scanning file cache for directory 'C:/Users/rickb/OneDrive/Games/BridgeVR/Content/Developers/rickb/Collections/' took 0.01s
[2017.02.14-22.54.31:262][  0]LogFileCache: Scanning file cache for directory 'C:/Users/rickb/OneDrive/Games/BridgeVR/Content/Collections/' took 0.01s
[2017.02.14-22.54.31:262][  0]LogCollectionManager: Rebuilt the GUID cache for 0 collections in 0.000003 seconds
[2017.02.14-22.54.31:272][  0]LogContentBrowser: Native class hierarchy populated in 0.0101 seconds. Added 2143 classes and 411 folders.
[2017.02.14-22.54.31:276][  0]LogStats: UGameplayTagsManager::ConstructGameplayTagTree: Construct from data asset -  0.000 s
[2017.02.14-22.54.31:276][  0]LogStats: UGameplayTagsManager::ConstructGameplayTagTree: GameplayTagTreeChangedEvent.Broadcast -  0.000 s
[2017.02.14-22.54.31:277][  0]LogContentBrowser: Native class hierarchy updated for 'GameplayTags' in 0.0006 seconds. Added 12 classes and 0 folders.
[2017.02.14-22.54.31:282][  0]LogContentBrowser: Native class hierarchy updated for 'WidgetCarousel' in 0.0006 seconds. Added 0 classes and 0 folders.
[2017.02.14-22.54.31:383][  0]LogContentBrowser: Native class hierarchy updated for 'AddContentDialog' in 0.0005 seconds. Added 0 classes and 0 folders.
[2017.02.14-22.54.31:387][  0]LogCrashTracker: Crashtracker disabled due to settings.
[2017.02.14-22.54.31:392][  0]LogUObjectGlobals:Warning: Failed to find object 'Class None.'
[2017.02.14-22.54.31:420][  0]LogContentBrowser: Native class hierarchy updated for 'HierarchicalLODOutliner' in 0.0006 seconds. Added 1 classes and 2 folders.
[2017.02.14-22.54.31:420][  0]LogLoad: (Engine Initialization) Total time: 9.56 seconds
[2017.02.14-22.54.31:420][  0]LogLoad: (Engine Initialization) Total Blueprint compile time: 0.01 seconds
[2017.02.14-22.54.31:420][  0]LogExternalProfiler: Found external profiler: VSPerf
[2017.02.14-22.54.31:420][  0]LogExternalProfiler: Using external profiler: VSPerf
[2017.02.14-22.54.31:429][  0]LogWindowsTextInputMethodSystem:Display: IME system now deactivated.
[2017.02.14-22.54.31:448][  0]LogContentStreaming: Texture pool size now 800 MB
[2017.02.14-22.54.31:606][  0]LogRenderer: Reallocating scene render targets to support 852x600 (Frame:2).
[2017.02.14-22.54.31:782][  2]LogAssetRegistry: Asset discovery search completed in 5.1119 seconds
[2017.02.14-22.54.31:782][  2]LogCollectionManager: Rebuilt the object cache for 0 collections in 0.000001 seconds (found 0 objects)
[2017.02.14-22.54.31:782][  2]LogCollectionManager: Fixed up redirectors for 0 collections in 0.000045 seconds (updated 0 objects)
[2017.02.14-22.54.38:270][660]LogContentBrowser: Native class hierarchy updated for 'BlueprintGraph' in 0.0010 seconds. Added 112 classes and 0 folders.
[2017.02.14-22.54.39:133][660]PIE:Warning: Warning Constraint BP_Steel_C_0 attempting to create a joint between two null actors.
[2017.02.14-22.54.39:135][660]PIE:Warning: Warning Constraint BP_Steel_C_1 attempting to create a joint between two null actors.
[2017.02.14-22.54.39:135][660]LogBlueprintUserMessages: [BP_Steel_C_1] SetWorkd
[2017.02.14-22.54.39:135][660]LogBlueprintUserMessages: [BP_Steel_C_1] SetWorkd
[2017.02.14-22.55.58:094][227]Cmd: MAP LOAD FILE="C:/Users/rickb/OneDrive/Games/BridgeVR/Content/VirtualRealityBP/Maps/MotionControllerMap.umap" TEMPLATE=0 SHOWPROGRESS=1 FEATURELEVEL=3
[2017.02.14-22.55.58:108][227]LightingResults: New page: Lighting Build
[2017.02.14-22.55.58:109][227]LoadErrors: New page: Loading map: MotionControllerMap.umap
[2017.02.14-22.55.58:112][227]MapCheck: New page: Map Check
[2017.02.14-22.55.58:112][227]LightingResults: New page: Lighting Build
[2017.02.14-22.55.58:918][227]LogAIModule: Creating AISystem for world MotionControllerMap
[2017.02.14-22.55.59:014][227]LogEditorServer: Finished looking for orphan Actors (0.000 secs)
[2017.02.14-22.55.59:034][227]Cmd: MAP CHECKDEP NOCLEARLOG
[2017.02.14-22.55.59:166][227]MapCheck: Info Map check complete: 0 Error(s), 0 Warning(s), took 131.517ms to complete.
[2017.02.14-22.55.59:166][227]LogFileHelpers: Loading map 'MotionControllerMap' took 1.073
[2017.02.14-22.56.07:308][974]LogEditorViewport: Clicking on Actor (LMB): BP_Steel_C (BP_Steel5)
[2017.02.14-22.56.09:717][178]LogEditorViewport: Clicking on Actor (LMB): BP_TestSteel_C (BP_TestSteel)
[2017.02.14-22.56.17:910][140]LogEditorViewport: Clicking on Actor (LMB): BP_TestSteel_C (BP_TestSteel)
[2017.02.14-22.56.35:281][ 63]LogEditorViewport: Clicking on Component (LMB): StaticMeshComponent (Cube)
[2017.02.14-22.59.46:641][456]LogEditorTransaction: Undo Create Pin Link
[2017.02.14-22.59.47:040][496]LogEditorTransaction: Undo Move Node
[2017.02.14-22.59.47:641][560]LogEditorTransaction: Undo Delete current selection
[2017.02.14-23.03.35:178][402]LogEditorViewport: Clicking on Component (LMB): StaticMeshComponent (Cube)
[2017.02.14-23.03.38:469][765]Cmd: EDIT COPY
[2017.02.14-23.03.38:794][800]Cmd: EDIT PASTE
[2017.02.14-23.03.46:632][594]LogEditorViewport: Clicking on Component (LMB): StaticMeshComponent (Cube)
[2017.02.14-23.03.47:096][643]LogEditorViewport: Clicking on Component (LMB): StaticMeshComponent (StaticMesh)
[2017.02.14-23.03.47:388][672]LogEditorViewport: Clicking on Component (LMB): StaticMeshComponent (StaticMesh)
[2017.02.14-23.03.47:835][722]LogEditorViewport: Clicking on Component (LMB): StaticMeshComponent (StaticMesh)
[2017.02.14-23.03.51:688][ 84]LogEditorViewport: Clicking on Component (LMB): StaticMeshComponent (StaticMesh)
[2017.02.14-23.03.52:062][126]LogEditorViewport: Clicking on Component (LMB): StaticMeshComponent (StaticMesh)
[2017.02.14-23.03.54:685][425]LogEditorViewport: Clicking on Actor (LMB): BP_TestSteel_C (BP_TestSteel)
[2017.02.14-23.03.57:665][770]LogEditorViewport: Clicking on Actor (LMB): BP_TestSteel_C (BP_TestSteel)
[2017.02.14-23.03.58:077][816]LogEditorViewport: Clicking on Actor (LMB): BP_TestSteel_C (BP_TestSteel)
[2017.02.14-23.03.58:430][855]LogEditorViewport: Clicking on Actor (LMB): BP_TestSteel_C (BP_TestSteel)
[2017.02.14-23.03.59:280][945]LogEditorViewport: Clicking on Actor (LMB): BP_TestSteel_C (BP_TestSteel)
[2017.02.14-23.04.00:595][ 93]LogEditorViewport: Clicking on Actor (LMB): BP_TestSteel_C (BP_TestSteel)
[2017.02.14-23.04.00:644][ 95]LogEditorViewport: Clicking on Component (LMB): StaticMeshComponent (Cube)
[2017.02.14-23.04.01:426][183]Cmd: TRANSACTION UNDO
[2017.02.14-23.04.01:426][183]LogEditorTransaction: Undo Clicking on Components
[2017.02.14-23.04.01:766][211]Cmd: TRANSACTION UNDO
[2017.02.14-23.04.01:766][211]LogEditorTransaction: Undo Clicking on Actors
[2017.02.14-23.04.02:127][247]Cmd: TRANSACTION UNDO
[2017.02.14-23.04.02:127][247]LogEditorTransaction: Undo Clicking on Actors
[2017.02.14-23.04.02:622][299]Cmd: TRANSACTION UNDO
[2017.02.14-23.04.02:622][299]LogEditorTransaction: Undo Select Brush Surface
[2017.02.14-23.04.02:983][336]Cmd: TRANSACTION UNDO
[2017.02.14-23.04.02:983][336]LogEditorTransaction: Undo Clicking on Actors
[2017.02.14-23.04.03:319][373]Cmd: TRANSACTION UNDO
[2017.02.14-23.04.03:319][373]LogEditorTransaction: Undo Clicking on Actors
[2017.02.14-23.04.03:707][417]Cmd: TRANSACTION UNDO
[2017.02.14-23.04.03:707][417]LogEditorTransaction: Undo Clicking on Actors
[2017.02.14-23.04.04:142][466]Cmd: TRANSACTION UNDO
[2017.02.14-23.04.04:142][466]LogEditorTransaction: Undo Clicking on Actors
[2017.02.14-23.04.04:715][531]Cmd: TRANSACTION UNDO
[2017.02.14-23.04.04:715][531]LogEditorTransaction: Undo Clicking on Actors
[2017.02.14-23.04.05:090][569]Cmd: TRANSACTION UNDO
[2017.02.14-23.04.05:090][569]LogEditorTransaction: Undo Clicking on Components
[2017.02.14-23.04.05:423][605]Cmd: TRANSACTION UNDO
[2017.02.14-23.04.05:423][605]LogEditorTransaction: Undo Clicking on Components
[2017.02.14-23.04.05:745][641]Cmd: TRANSACTION UNDO
[2017.02.14-23.04.05:745][641]LogEditorTransaction: Undo Clicking on Components
[2017.02.14-23.04.06:100][681]Cmd: TRANSACTION UNDO
[2017.02.14-23.04.06:100][681]LogEditorTransaction: Undo Clicking on Components
[2017.02.14-23.04.06:459][721]Cmd: TRANSACTION UNDO
[2017.02.14-23.04.06:459][721]LogEditorTransaction: Undo Clicking on Components
[2017.02.14-23.04.06:947][774]Cmd: TRANSACTION UNDO
[2017.02.14-23.04.06:947][774]LogEditorTransaction: Undo Clicking on Components
[2017.02.14-23.04.07:350][816]Cmd: TRANSACTION UNDO
[2017.02.14-23.04.07:350][816]LogEditorTransaction: Undo Move Components
[2017.02.14-23.04.07:757][861]Cmd: TRANSACTION UNDO
[2017.02.14-23.04.07:757][861]LogEditorTransaction: Undo Move Components
[2017.02.14-23.04.08:683][968]Cmd: TRANSACTION UNDO
[2017.02.14-23.04.08:683][968]LogEditorTransaction: Undo Move Components
[2017.02.14-23.04.09:189][ 25]Cmd: TRANSACTION UNDO
[2017.02.14-23.04.09:189][ 25]LogEditorTransaction: Undo Move Components
[2017.02.14-23.04.10:940][230]Cmd: TRANSACTION UNDO
[2017.02.14-23.04.10:941][230]LogEditorTransaction: Undo Paste Components
[2017.02.14-23.04.10:941][230]LogWindows: Windows GetLastError: The operation completed successfully. (0)
[2017.02.14-23.04.13:452][230]LogCrashTracker: 


[2017.02.14-23.04.13:452][230]LogCrashTracker: 


[2017.02.14-23.04.13:452][230]LogWindows:Error: === Critical error: ===
[2017.02.14-23.04.13:452][230]LogWindows:Error: 
[2017.02.14-23.04.13:452][230]LogWindows:Error: Assertion failed: Obj [File:D:\Build\++UE4+Release-4.13+Compile\Sync\Engine\Source\Editor\UnrealEd\Classes/Editor/Transactor.h] [Line: 107] 
[2017.02.14-23.04.13:452][230]LogWindows:Error: 
[2017.02.14-23.04.13:452][230]LogWindows:Error: 
[2017.02.14-23.04.13:452][230]LogWindows:Error: 
[2017.02.14-23.04.13:452][230]LogWindows:Error: KERNELBASE.dll
[2017.02.14-23.04.13:452][230]LogWindows:Error: UE4Editor-Core.dll!FOutputDeviceWindowsError::Serialize() [d:\build\++ue4+release-4.13+compile\sync\engine\source\runtime\core\private\windows\windowsplatformoutputdevices.cpp:103]
[2017.02.14-23.04.13:452][230]LogWindows:Error: UE4Editor-Core.dll!FOutputDevice::Logf__VA() [d:\build\++ue4+release-4.13+compile\sync\engine\source\runtime\core\private\misc\outputdevice.cpp:94]
[2017.02.14-23.04.13:452][230]LogWindows:Error: UE4Editor-Core.dll!FDebug::AssertFailed() [d:\build\++ue4+release-4.13+compile\sync\engine\source\runtime\core\private\misc\outputdevice.cpp:421]
[2017.02.14-23.04.13:452][230]LogWindows:Error: UE4Editor-UnrealEd.dll!FTransaction::FObjectRecord::FPersistentObjectRef::operator->() [d:\build\++ue4+release-4.13+compile\sync\engine\source\editor\unrealed\classes\editor\transactor.h:108]
[2017.02.14-23.04.13:452][230]LogWindows:Error: UE4Editor-UnrealEd.dll!FTransaction::FObjectRecord::Save() [d:\build\++ue4+release-4.13+compile\sync\engine\source\editor\unrealed\private\editortransaction.cpp:163]
[2017.02.14-23.04.13:452][230]LogWindows:Error: UE4Editor-UnrealEd.dll!FTransaction::Apply() [d:\build\++ue4+release-4.13+compile\sync\engine\source\editor\unrealed\private\editortransaction.cpp:440]
[2017.02.14-23.04.13:452][230]LogWindows:Error: UE4Editor-UnrealEd.dll!UTransBuffer::Undo() [d:\build\++ue4+release-4.13+compile\sync\engine\source\editor\unrealed\private\editortransaction.cpp:855]
[2017.02.14-23.04.13:452][230]LogWindows:Error: UE4Editor-UnrealEd.dll!UEditorEngine::Exec_Transaction() [d:\build\++ue4+release-4.13+compile\sync\engine\source\editor\unrealed\private\editorserver.cpp:5081]
[2017.02.14-23.04.13:452][230]LogWindows:Error: UE4Editor-UnrealEd.dll!UEditorEngine::Exec() [d:\build\++ue4+release-4.13+compile\sync\engine\source\editor\unrealed\private\editorserver.cpp:5527]
[2017.02.14-23.04.13:452][230]LogWindows:Error: UE4Editor-UnrealEd.dll!UUnrealEdEngine::Exec() [d:\build\++ue4+release-4.13+compile\sync\engine\source\editor\unrealed\private\unrealedsrv.cpp:624]
[2017.02.14-23.04.13:452][230]LogWindows:Error: UE4Editor-MainFrame.dll!FMainFrameActionCallbacks::ExecuteExecCommand() [d:\build\++ue4+release-4.13+compile\sync\engine\source\editor\mainframe\private\frame\mainframeactions.cpp:930]
[2017.02.14-23.04.13:452][230]LogWindows:Error: UE4Editor-MainFrame.dll!TBaseStaticDelegateInstance<void __cdecl(void),FString>::ExecuteIfSafe() [d:\build\++ue4+release-4.13+compile\sync\engine\source\runtime\core\public\delegates\delegateinstancesimpl.h:1017]
[2017.02.14-23.04.13:452][230]LogWindows:Error: UE4Editor-Slate.dll!FUICommandList::ConditionalProcessCommandBindings() [d:\build\++ue4+release-4.13+compile\sync\engine\source\runtime\slate\private\framework\commands\uicommandlist.cpp:211]
[2017.02.14-23.04.13:453][230]LogWindows:Error: UE4Editor-Slate.dll!FUICommandList::ProcessCommandBindings() [d:\build\++ue4+release-4.13+compile\sync\engine\source\runtime\slate\private\framework\commands\uicommandlist.cpp:155]
[2017.02.14-23.04.13:453][230]LogWindows:Error: UE4Editor-MainFrame.dll!FMainFrameActionCallbacks::OnUnhandledKeyDownEvent() [d:\build\++ue4+release-4.13+compile\sync\engine\source\editor\mainframe\private\frame\mainframeactions.cpp:176]
[2017.02.14-23.04.13:453][230]LogWindows:Error: UE4Editor-MainFrame.dll!TTupleImpl<TIntegerSequence<unsigned int> >::ApplyAfter<FReply (__cdecl*const & __ptr64)(FKeyEvent const & __ptr64),FKeyEvent const & __ptr64>() [d:\build\++ue4+release-4.13+compile\sync\engine\source\runtime\core\public\delegates\tuple.h:115]
[2017.02.14-23.04.13:453][230]LogWindows:Error: UE4Editor-MainFrame.dll!TBaseStaticDelegateInstance<FReply __cdecl(FKeyEvent const & __ptr64)>::Execute() [d:\build\++ue4+release-4.13+compile\sync\engine\source\runtime\core\public\delegates\delegateinstancesimpl.h:948]
[2017.02.14-23.04.13:453][230]LogWindows:Error: UE4Editor-Slate.dll!TBaseDelegate<FReply,FKeyEvent const & __ptr64>::Execute() [d:\build\++ue4+release-4.13+compile\sync\engine\source\runtime\core\public\delegates\delegatesignatureimpl.inl:521]
[2017.02.14-23.04.13:453][230]LogWindows:Error: UE4Editor-Slate.dll!FSlateApplication::ProcessKeyDownEvent() [d:\build\++ue4+release-4.13+compile\sync\engine\source\runtime\slate\private\framework\application\slateapplication.cpp:4528]
[2017.02.14-23.04.13:453][230]LogWindows:Error: UE4Editor-Slate.dll!FSlateApplication::OnKeyDown() [d:\build\++ue4+release-4.13+compile\sync\engine\source\runtime\slate\private\framework\application\slateapplication.cpp:4430]
[2017.02.14-23.04.13:453][230]LogWindows:Error: UE4Editor-Core.dll!FWindowsApplication::ProcessDeferredMessage() [d:\build\++ue4+release-4.13+compile\sync\engine\source\runtime\core\private\windows\windowsapplication.cpp:1419]
[2017.02.14-23.04.13:453][230]LogWindows:Error: UE4Editor-Core.dll!FWindowsApplication::DeferMessage() [d:\build\++ue4+release-4.13+compile\sync\engine\source\runtime\core\private\windows\windowsapplication.cpp:1930]
[2017.02.14-23.04.13:453][230]LogWindows:Error: UE4Editor-Core.dll!FWindowsApplication::ProcessMessage() [d:\build\++ue4+release-4.13+compile\sync\engine\source\runtime\core\private\windows\windowsapplication.cpp:747]
[2017.02.14-23.04.13:453][230]LogWindows:Error: UE4Editor-Core.dll!FWindowsApplication::AppWndProc() [d:\build\++ue4+release-4.13+compile\sync\engine\source\runtime\core\private\windows\windowsapplication.cpp:669]
[2017.02.14-23.04.13:453][230]LogWindows:Error: USER32.dll
[2017.02.14-23.04.13:453][230]LogWindows:Error: USER32.dll
[2017.02.14-23.04.13:453][230]LogWindows:Error: UE4Editor-Core.dll!FWindowsPlatformMisc::PumpMessages() [d:\build\++ue4+release-4.13+compile\sync\engine\source\runtime\core\private\windows\windowsplatformmisc.cpp:905]
[2017.02.14-23.04.13:453][230]LogWindows:Error: UE4Editor.exe!FEngineLoop::Tick() [d:\build\++ue4+release-4.13+compile\sync\engine\source\runtime\launch\private\launchengineloop.cpp:2788]
[2017.02.14-23.04.13:453][230]LogWindows:Error: UE4Editor.exe!GuardedMain() [d:\build\++ue4+release-4.13+compile\sync\engine\source\runtime\launch\private\launch.cpp:156]
[2017.02.14-23.04.13:453][230]LogWindows:Error: UE4Editor.exe!GuardedMainWrapper() [d:\build\++ue4+release-4.13+compile\sync\engine\source\runtime\launch\private\windows\launchwindows.cpp:126]
[2017.02.14-23.04.13:453][230]LogWindows:Error: UE4Editor.exe!WinMain() [d:\build\++ue4+release-4.13+compile\sync\engine\source\runtime\launch\private\windows\launchwindows.cpp:202]
[2017.02.14-23.04.13:453][230]LogWindows:Error: UE4Editor.exe!__scrt_common_main_seh() [f:\dd\vctools\crt\vcstartup\src\startup\exe_common.inl:264]
[2017.02.14-23.04.13:453][230]LogWindows:Error: KERNEL32.DLL
[2017.02.14-23.04.13:453][230]LogWindows:Error: ntdll.dll
[2017.02.14-23.04.13:453][230]LogWindows:Error: ntdll.dll
[2017.02.14-23.04.13:453][230]LogWindows:Error: 
[2017.02.14-23.04.13:476][230]LogExit: Executing StaticShutdownAfterError
[2017.02.14-23.04.13:483][230]LogWindows: FPlatformMisc::RequestExit(1)
[2017.02.14-23.04.13:483][230]Log file closed, 02/14/17 16:04:13
