Log file open, 02/13/17 20:44:08
LogInit:Display: Running engine for game: BridgeVR
LogPlatformFile: Not using cached read wrapper
LogInit:Display: RandInit(789875232) SRandInit(789875232).
LogTaskGraph: Started task graph with 5 named threads and 8 total threads with 1 sets of task threads.
LogStats: Stats thread started at 0.086559
LogPluginManager: Loaded Plugin Paper2D, From D:/Programs/Epic Games/4.13/Engine/Plugins/2D/Paper2D/Paper2D.uplugin
LogPluginManager: Loaded Plugin LightPropagationVolume, From D:/Programs/Epic Games/4.13/Engine/Plugins/Blendables/LightPropagationVolume/LightPropagationVolume.uplugin
LogPluginManager: Loaded Plugin BlankPlugin, From D:/Programs/Epic Games/4.13/Engine/Plugins/Developer/BlankPlugin/BlankPlugin.uplugin
LogPluginManager: Loaded Plugin CodeLiteSourceCodeAccess, From D:/Programs/Epic Games/4.13/Engine/Plugins/Developer/CodeLiteSourceCodeAccess/CodeLiteSourceCodeAccess.uplugin
LogPluginManager: Loaded Plugin GitSourceControl, From D:/Programs/Epic Games/4.13/Engine/Plugins/Developer/GitSourceControl/GitSourceControl.uplugin
LogPluginManager: Loaded Plugin KDevelopSourceCodeAccess, From D:/Programs/Epic Games/4.13/Engine/Plugins/Developer/KDevelopSourceCodeAccess/KDevelopSourceCodeAccess.uplugin
LogPluginManager: Loaded Plugin NullSourceCodeAccess, From D:/Programs/Epic Games/4.13/Engine/Plugins/Developer/NullSourceCodeAccess/NullSourceCodeAccess.uplugin
LogPluginManager: Loaded Plugin OneSkyLocalizationService, From D:/Programs/Epic Games/4.13/Engine/Plugins/Developer/OneSkyLocalizationService/OneSkyLocalizationService.uplugin
LogPluginManager: Loaded Plugin PerforceSourceControl, From D:/Programs/Epic Games/4.13/Engine/Plugins/Developer/PerforceSourceControl/PerforceSourceControl.uplugin
LogPluginManager: Loaded Plugin SubversionSourceControl, From D:/Programs/Epic Games/4.13/Engine/Plugins/Developer/SubversionSourceControl/SubversionSourceControl.uplugin
LogPluginManager: Loaded Plugin UObjectPlugin, From D:/Programs/Epic Games/4.13/Engine/Plugins/Developer/UObjectPlugin/UObjectPlugin.uplugin
LogPluginManager: Loaded Plugin VisualStudioSourceCodeAccess, From D:/Programs/Epic Games/4.13/Engine/Plugins/Developer/VisualStudioSourceCodeAccess/VisualStudioSourceCodeAccess.uplugin
LogPluginManager: Loaded Plugin XCodeSourceCodeAccess, From D:/Programs/Epic Games/4.13/Engine/Plugins/Developer/XCodeSourceCodeAccess/XCodeSourceCodeAccess.uplugin
LogPluginManager: Loaded Plugin EpicSurvey, From D:/Programs/Epic Games/4.13/Engine/Plugins/Editor/EpicSurvey/EpicSurvey.uplugin
LogPluginManager: Loaded Plugin MacGraphicsSwitching, From D:/Programs/Epic Games/4.13/Engine/Plugins/Editor/MacGraphicsSwitching/MacGraphicsSwitching.uplugin
LogPluginManager: Loaded Plugin MobileLauncherProfileWizard, From D:/Programs/Epic Games/4.13/Engine/Plugins/Editor/MobileLauncherProfileWizard/MobileLauncherProfileWizard.uplugin
LogPluginManager: Loaded Plugin PluginBrowser, From D:/Programs/Epic Games/4.13/Engine/Plugins/Editor/PluginBrowser/PluginBrowser.uplugin
LogPluginManager: Loaded Plugin SpeedTreeImporter, From D:/Programs/Epic Games/4.13/Engine/Plugins/Editor/SpeedTreeImporter/SpeedTreeImporter.uplugin
LogPluginManager: Loaded Plugin SuperSearchEditor, From D:/Programs/Epic Games/4.13/Engine/Plugins/Editor/SuperSearchEditor/SuperSearchEditor.uplugin
LogPluginManager: Loaded Plugin AlembicImporter, From D:/Programs/Epic Games/4.13/Engine/Plugins/Experimental/AlembicImporter/AlembicImporter.uplugin
LogPluginManager: Loaded Plugin BlueprintStats, From D:/Programs/Epic Games/4.13/Engine/Plugins/Experimental/BlueprintStats/BlueprintStats.uplugin
LogPluginManager: Loaded Plugin CharacterAI, From D:/Programs/Epic Games/4.13/Engine/Plugins/Experimental/CharacterAI/CharacterAI.uplugin
LogPluginManager: Loaded Plugin CodeEditor, From D:/Programs/Epic Games/4.13/Engine/Plugins/Experimental/CodeEditor/CodeEditor.uplugin
LogPluginManager: Loaded Plugin CodeView, From D:/Programs/Epic Games/4.13/Engine/Plugins/Experimental/CodeView/CodeView.uplugin
LogPluginManager: Loaded Plugin HTML5Networking, From D:/Programs/Epic Games/4.13/Engine/Plugins/Experimental/HTML5Networking/HTML5Networking.uplugin
LogPluginManager: Loaded Plugin LiveEditor, From D:/Programs/Epic Games/4.13/Engine/Plugins/Experimental/LiveEditor/LiveEditor.uplugin
LogPluginManager: Loaded Plugin OSVR, From D:/Programs/Epic Games/4.13/Engine/Plugins/Experimental/OSVR/OSVR.uplugin
LogPluginManager: Loaded Plugin Phya, From D:/Programs/Epic Games/4.13/Engine/Plugins/Experimental/Phya/Phya.uplugin
LogPluginManager: Loaded Plugin SignificanceManager, From D:/Programs/Epic Games/4.13/Engine/Plugins/Experimental/SignificanceManager/SignificanceManager.uplugin
LogPluginManager: Loaded Plugin SimpleHMD, From D:/Programs/Epic Games/4.13/Engine/Plugins/Experimental/SimpleHMD/SimpleHMD.uplugin
LogPluginManager: Loaded Plugin StereoPanorama, From D:/Programs/Epic Games/4.13/Engine/Plugins/Experimental/StereoPanorama/StereoPanorama.uplugin
LogPluginManager: Loaded Plugin StructBox, From D:/Programs/Epic Games/4.13/Engine/Plugins/Experimental/StructBox/StructBox.uplugin
LogPluginManager: Loaded Plugin RunebergVRPlugin, From D:/Programs/Epic Games/4.13/Engine/Plugins/Marketplace/RunebergVRPlugin/RunebergVRPlugin.uplugin
LogPluginManager: Loaded Plugin AndroidMedia, From D:/Programs/Epic Games/4.13/Engine/Plugins/Media/AndroidMedia/AndroidMedia.uplugin
LogPluginManager: Loaded Plugin AvfMedia, From D:/Programs/Epic Games/4.13/Engine/Plugins/Media/AvfMedia/AvfMedia.uplugin
LogPluginManager: Loaded Plugin MediaPlayerEditor, From D:/Programs/Epic Games/4.13/Engine/Plugins/Media/MediaPlayerEditor/MediaPlayerEditor.uplugin
LogPluginManager: Loaded Plugin WmfMedia, From D:/Programs/Epic Games/4.13/Engine/Plugins/Media/WmfMedia/WmfMedia.uplugin
LogPluginManager: Loaded Plugin MessagingDebugger, From D:/Programs/Epic Games/4.13/Engine/Plugins/Messaging/MessagingDebugger/MessagingDebugger.uplugin
LogPluginManager: Loaded Plugin TcpMessaging, From D:/Programs/Epic Games/4.13/Engine/Plugins/Messaging/TcpMessaging/TcpMessaging.uplugin
LogPluginManager: Loaded Plugin UdpMessaging, From D:/Programs/Epic Games/4.13/Engine/Plugins/Messaging/UdpMessaging/UdpMessaging.uplugin
LogPluginManager: Loaded Plugin LevelSequenceEditor, From D:/Programs/Epic Games/4.13/Engine/Plugins/MovieScene/LevelSequenceEditor/LevelSequenceEditor.uplugin
LogPluginManager: Loaded Plugin MatineeToLevelSequence, From D:/Programs/Epic Games/4.13/Engine/Plugins/MovieScene/MatineeToLevelSequence/MatineeToLevelSequence.uplugin
LogPluginManager: Loaded Plugin NetcodeUnitTest, From D:/Programs/Epic Games/4.13/Engine/Plugins/NetcodeUnitTest/NetcodeUnitTest/NetcodeUnitTest.uplugin
LogPluginManager: Loaded Plugin NUTUnrealEngine4, From D:/Programs/Epic Games/4.13/Engine/Plugins/NetcodeUnitTest/NUTUnrealEngine4/NUTUnrealEngine4.uplugin
LogPluginManager: Loaded Plugin OnlineSubsystemGooglePlay, From D:/Programs/Epic Games/4.13/Engine/Plugins/Online/Android/OnlineSubsystemGooglePlay/OnlineSubsystemGooglePlay.uplugin
LogPluginManager: Loaded Plugin OnlineSubsystemIOS, From D:/Programs/Epic Games/4.13/Engine/Plugins/Online/IOS/OnlineSubsystemIOS/OnlineSubsystemIOS.uplugin
LogPluginManager: Loaded Plugin OnlineFramework, From D:/Programs/Epic Games/4.13/Engine/Plugins/Online/OnlineFramework/OnlineFramework.uplugin
LogPluginManager: Loaded Plugin OnlineSubsystem, From D:/Programs/Epic Games/4.13/Engine/Plugins/Online/OnlineSubsystem/OnlineSubsystem.uplugin
LogPluginManager: Loaded Plugin OnlineSubsystemAmazon, From D:/Programs/Epic Games/4.13/Engine/Plugins/Online/OnlineSubsystemAmazon/OnlineSubsystemAmazon.uplugin
LogPluginManager: Loaded Plugin OnlineSubsystemFacebook, From D:/Programs/Epic Games/4.13/Engine/Plugins/Online/OnlineSubsystemFacebook/OnlineSubsystemFacebook.uplugin
LogPluginManager: Loaded Plugin OnlineSubsystemNull, From D:/Programs/Epic Games/4.13/Engine/Plugins/Online/OnlineSubsystemNull/OnlineSubsystemNull.uplugin
LogPluginManager: Loaded Plugin OnlineSubsystemOculus, From D:/Programs/Epic Games/4.13/Engine/Plugins/Online/OnlineSubsystemOculus/OnlineSubsystemOculus.uplugin
LogPluginManager: Loaded Plugin OnlineSubsystemSteam, From D:/Programs/Epic Games/4.13/Engine/Plugins/Online/OnlineSubsystemSteam/OnlineSubsystemSteam.uplugin
LogPluginManager: Loaded Plugin OnlineSubsystemUtils, From D:/Programs/Epic Games/4.13/Engine/Plugins/Online/OnlineSubsystemUtils/OnlineSubsystemUtils.uplugin
LogPluginManager: Loaded Plugin IOSTapJoy, From D:/Programs/Epic Games/4.13/Engine/Plugins/Runtime/Advertising/IOSTapJoy/IOSTapJoy.uplugin
LogPluginManager: Loaded Plugin AnalyticsBlueprintLibrary, From D:/Programs/Epic Games/4.13/Engine/Plugins/Runtime/Analytics/AnalyticsBlueprintLibrary/AnalyticsBlueprintLibrary.uplugin
LogPluginManager: Loaded Plugin AnalyticsMulticast, From D:/Programs/Epic Games/4.13/Engine/Plugins/Runtime/Analytics/AnalyticsMulticast/AnalyticsMulticast.uplugin
LogPluginManager: Loaded Plugin Apsalar, From D:/Programs/Epic Games/4.13/Engine/Plugins/Runtime/Analytics/Apsalar/Apsalar.uplugin
LogPluginManager: Loaded Plugin FileLogging, From D:/Programs/Epic Games/4.13/Engine/Plugins/Runtime/Analytics/FileLogging/FileLogging.uplugin
LogPluginManager: Loaded Plugin Flurry, From D:/Programs/Epic Games/4.13/Engine/Plugins/Runtime/Analytics/Flurry/Flurry.uplugin
LogPluginManager: Loaded Plugin AndroidDeviceProfileSelector, From D:/Programs/Epic Games/4.13/Engine/Plugins/Runtime/AndroidDeviceProfileSelector/AndroidDeviceProfileSelector.uplugin
LogPluginManager: Loaded Plugin AndroidMoviePlayer, From D:/Programs/Epic Games/4.13/Engine/Plugins/Runtime/AndroidMoviePlayer/AndroidMoviePlayer.uplugin
LogPluginManager: Loaded Plugin AppleMoviePlayer, From D:/Programs/Epic Games/4.13/Engine/Plugins/Runtime/AppleMoviePlayer/AppleMoviePlayer.uplugin
LogPluginManager: Loaded Plugin ArchVisCharacter, From D:/Programs/Epic Games/4.13/Engine/Plugins/Runtime/ArchVisCharacter/ArchVisCharacter.uplugin
LogPluginManager: Loaded Plugin CableComponent, From D:/Programs/Epic Games/4.13/Engine/Plugins/Runtime/CableComponent/CableComponent.uplugin
LogPluginManager: Loaded Plugin CustomMeshComponent, From D:/Programs/Epic Games/4.13/Engine/Plugins/Runtime/CustomMeshComponent/CustomMeshComponent.uplugin
LogPluginManager: Loaded Plugin ExampleDeviceProfileSelector, From D:/Programs/Epic Games/4.13/Engine/Plugins/Runtime/ExampleDeviceProfileSelector/ExampleDeviceProfileSelector.uplugin
LogPluginManager: Loaded Plugin GearVR, From D:/Programs/Epic Games/4.13/Engine/Plugins/Runtime/GearVR/GearVR.uplugin
LogPluginManager: Loaded Plugin GoogleVRController, From D:/Programs/Epic Games/4.13/Engine/Plugins/Runtime/GoogleVR/GoogleVRController/GoogleVRController.uplugin
LogPluginManager: Loaded Plugin GoogleVRHMD, From D:/Programs/Epic Games/4.13/Engine/Plugins/Runtime/GoogleVR/GoogleVRHMD/GoogleVRHMD.uplugin
LogPluginManager: Loaded Plugin IOSDeviceProfileSelector, From D:/Programs/Epic Games/4.13/Engine/Plugins/Runtime/IOSDeviceProfileSelector/IOSDeviceProfileSelector.uplugin
LogPluginManager: Loaded Plugin LeapMotion, From D:/Programs/Epic Games/4.13/Engine/Plugins/Runtime/LeapMotion/LeapMotion.uplugin
LogPluginManager: Loaded Plugin LinuxDeviceProfileSelector, From D:/Programs/Epic Games/4.13/Engine/Plugins/Runtime/LinuxDeviceProfileSelector/LinuxDeviceProfileSelector.uplugin
LogPluginManager: Loaded Plugin LiveEditorListenServer, From D:/Programs/Epic Games/4.13/Engine/Plugins/Runtime/LiveEditorListenServer/LiveEditorListenServer.uplugin
LogPluginManager: Loaded Plugin OculusAudio, From D:/Programs/Epic Games/4.13/Engine/Plugins/Runtime/OculusAudio/OculusAudio.uplugin
LogPluginManager: Loaded Plugin OculusInput, From D:/Programs/Epic Games/4.13/Engine/Plugins/Runtime/OculusInput/OculusInput.uplugin
LogPluginManager: Loaded Plugin OculusLibrary, From D:/Programs/Epic Games/4.13/Engine/Plugins/Runtime/OculusLibrary/OculusLibrary.uplugin
LogPluginManager: Loaded Plugin OculusRift, From D:/Programs/Epic Games/4.13/Engine/Plugins/Runtime/OculusRift/OculusRift.uplugin
LogPluginManager: Loaded Plugin Oodle, From D:/Programs/Epic Games/4.13/Engine/Plugins/Runtime/PacketHandlers/CompressionComponents/Oodle/Oodle.uplugin
LogPluginManager: Loaded Plugin ProceduralMeshComponent, From D:/Programs/Epic Games/4.13/Engine/Plugins/Runtime/ProceduralMeshComponent/ProceduralMeshComponent.uplugin
LogPluginManager: Loaded Plugin SoundMod, From D:/Programs/Epic Games/4.13/Engine/Plugins/Runtime/SoundMod/SoundMod.uplugin
LogPluginManager: Loaded Plugin SoundVisualizations, From D:/Programs/Epic Games/4.13/Engine/Plugins/Runtime/SoundVisualizations/SoundVisualizations.uplugin
LogPluginManager: Loaded Plugin SteamController, From D:/Programs/Epic Games/4.13/Engine/Plugins/Runtime/Steam/SteamController/SteamController.uplugin
LogPluginManager: Loaded Plugin SteamVR, From D:/Programs/Epic Games/4.13/Engine/Plugins/Runtime/Steam/SteamVR/SteamVR.uplugin
LogPluginManager: Loaded Plugin WebBrowserWidget, From D:/Programs/Epic Games/4.13/Engine/Plugins/Runtime/WebBrowserWidget/WebBrowserWidget.uplugin
LogPluginManager: Loaded Plugin WindowsDeviceProfileSelector, From D:/Programs/Epic Games/4.13/Engine/Plugins/Runtime/WindowsDeviceProfileSelector/WindowsDeviceProfileSelector.uplugin
LogPluginManager: Loaded Plugin WindowsMoviePlayer, From D:/Programs/Epic Games/4.13/Engine/Plugins/Runtime/WindowsMoviePlayer/WindowsMoviePlayer.uplugin
LogPluginManager: Loaded Plugin ScriptPlugin, From D:/Programs/Epic Games/4.13/Engine/Plugins/ScriptPlugin/ScriptPlugin.uplugin
LogPluginManager: Loaded Plugin SlateRemote, From D:/Programs/Epic Games/4.13/Engine/Plugins/Slate/SlateRemote/SlateRemote.uplugin
LogInit: Using libcurl 7.47.1
LogInit:  - built for x86_64-pc-win32
LogInit:  - supports SSL with WinSSL
LogInit:  - other features:
LogInit:      CURL_VERSION_SSL
LogInit:      CURL_VERSION_IPV6
LogInit:      CURL_VERSION_ASYNCHDNS
LogInit:      CURL_VERSION_LARGEFILE
LogInit:      CURL_VERSION_IDN
LogInit:  CurlRequestOptions (configurable via config and command line):
LogInit:  - bVerifyPeer = false  - Libcurl will NOT verify peer certificate
LogInit:  - bUseHttpProxy = false  - Libcurl will NOT use HTTP proxy
LogInit:  - bDontReuseConnections = false  - Libcurl will reuse connections
LogInit:  - CertBundlePath = nullptr  - Libcurl will use whatever was configured at build time.
LogInit: Build: ++UE4+Release-4.13-CL-3172292
LogInit: Engine Version: 4.13.2-3172292+++UE4+Release-4.13
LogInit: Compatible Engine Version: 4.13.0-3106830+++UE4+Release-4.13
LogInit: Net CL: 3172292
LogDevObjectVersion: Number of dev versions registered: 13
LogDevObjectVersion:   Dev-Blueprints (B0D832E4-1F89-4F0D-ACCF-7EB736FD4AA2): 5
LogDevObjectVersion:   Dev-Build (E1C64328-A22C-4D53-A36C-8E866417BD8C): 0
LogDevObjectVersion:   Dev-Core (375EC13C-06E4-48FB-B500-84F0262A717E): 1
LogDevObjectVersion:   Dev-Editor (E4B068ED-F494-42E9-A231-DA0B2E46BB41): 6
LogDevObjectVersion:   Dev-Framework (CFFC743F-43B0-4480-9391-14DF171D2073): 12
LogDevObjectVersion:   Dev-Mobile (B02B49B5-BB20-44E9-A304-32B752E40360): 0
LogDevObjectVersion:   Dev-Networking (A4E4105C-59A1-49B5-A7C5-40C4547EDFEE): 0
LogDevObjectVersion:   Dev-Online (39C831C9-5AE6-47DC-9A44-9C173E1C8E7C): 0
LogDevObjectVersion:   Dev-Physics (78F01B33-EBEA-4F98-B9B4-84EACCB95AA2): 0
LogDevObjectVersion:   Dev-Platform (6631380F-2D4D-43E0-8009-CF276956A95A): 0
LogDevObjectVersion:   Dev-Rendering (12F88B9F-8875-4AFC-A67C-D90C383ABD29): 4
LogDevObjectVersion:   Dev-Sequencer (7B5AE74C-D270-4C10-A958-57980B212A5A): 0
LogDevObjectVersion:   Dev-VR (D7296918-1DD6-4BDD-9DE2-64A83CC13884): 0
LogInit: Compiled (64-bit): Oct 24 2016 14:29:06
LogInit: Compiled with Visual C++: 19.00.23026.00
LogInit: Build Configuration: Development
LogInit: Branch Name: ++UE4+Release-4.13
LogInit: Command line: -EpicPortal 
LogInit: Base directory: D:/Programs/Epic Games/4.13/Engine/Binaries/Win64/
LogInit: Installed Engine Build: 1
LogInit: Presizing for max 8388607 objects, including 0 objects not considered by GC, pre-allocating 0 bytes for permanent pool.
LogInit: Object subsystem initialized
[2017.02.14-03.44.08:688][  0]LogConsoleManager:Display: Setting the console variable 'r.RHICmdBypass' with 'SetByProjectSetting' was ignored as it is lower priority than the previous 'SetBySystemSettingsIni'
[2017.02.14-03.44.08:697][  0]LogInit: Selected Device Profile: [Windows]
[2017.02.14-03.44.08:698][  0]LogInit: Applying CVar settings loaded from the selected device profile: [Windows]
[2017.02.14-03.44.08:707][  0]LogInit: Computer: DESKTOP-SA90QCC
[2017.02.14-03.44.08:707][  0]LogInit: User: rickb
[2017.02.14-03.44.08:707][  0]LogInit: CPU Page size=65536, Cores=4
[2017.02.14-03.44.08:707][  0]LogInit: High frequency timer resolution =3.215350 MHz
[2017.02.14-03.44.08:707][  0]LogMemory: Memory total: Physical=15.9GB (16GB approx)
[2017.02.14-03.44.08:707][  0]LogMemory: Platform Memory Stats for Windows
[2017.02.14-03.44.08:707][  0]LogMemory: Process Physical Memory: 255.30 MB used, 255.30 MB peak
[2017.02.14-03.44.08:707][  0]LogMemory: Process Virtual Memory: 259.76 MB used, 259.76 MB peak
[2017.02.14-03.44.08:707][  0]LogMemory: Physical Memory: 9705.00 MB used, 16277.92 MB total
[2017.02.14-03.44.08:707][  0]LogMemory: Virtual Memory: 620.85 MB used, 134217728.00 MB total
[2017.02.14-03.44.08:744][  0]LogTextLocalizationManager: No specific translations for ('en-US') exist, so ('en') translations will be used.
[2017.02.14-03.44.09:799][  0]LogD3D11RHI: D3D11 adapters:
[2017.02.14-03.44.09:816][  0]LogD3D11RHI:    0. 'AMD Radeon R9 200 / HD 7900 Series' (Feature Level 11_0)
[2017.02.14-03.44.09:816][  0]LogD3D11RHI:       3053/0/8138 MB DedicatedVideo/DedicatedSystem/SharedSystem, Outputs:2, VendorId:0x1002
[2017.02.14-03.44.09:823][  0]LogD3D11RHI:    1. 'Intel(R) HD Graphics 3000' (Feature Level 10_0)
[2017.02.14-03.44.09:823][  0]LogD3D11RHI:       32/0/1632 MB DedicatedVideo/DedicatedSystem/SharedSystem, Outputs:0, VendorId:0x8086
[2017.02.14-03.44.09:826][  0]LogD3D11RHI:    2. 'Microsoft Basic Render Driver' (Feature Level 11_0)
[2017.02.14-03.44.09:826][  0]LogD3D11RHI:       0/0/8138 MB DedicatedVideo/DedicatedSystem/SharedSystem, Outputs:0, VendorId:0x1414
[2017.02.14-03.44.09:826][  0]LogD3D11RHI: Chosen D3D11 Adapter: 0
[2017.02.14-03.44.09:832][  0]LogD3D11RHI: Creating new Direct3DDevice
[2017.02.14-03.44.09:832][  0]LogD3D11RHI:     GPU DeviceId: 0x6798 (for the marketing name, search the web for "GPU Device Id")
[2017.02.14-03.44.09:832][  0]LogWindows: EnumDisplayDevices:
[2017.02.14-03.44.09:832][  0]LogWindows:    0. 'AMD Radeon R9 200 / HD 7900 Series' (P:0 D:1)
[2017.02.14-03.44.09:833][  0]LogWindows:    1. 'AMD Radeon R9 200 / HD 7900 Series' (P:1 D:1)
[2017.02.14-03.44.09:833][  0]LogWindows:    2. 'AMD Radeon R9 200 / HD 7900 Series' (P:0 D:0)
[2017.02.14-03.44.09:834][  0]LogWindows:    3. 'AMD Radeon R9 200 / HD 7900 Series' (P:0 D:0)
[2017.02.14-03.44.09:834][  0]LogWindows:    4. 'AMD Radeon R9 200 / HD 7900 Series' (P:0 D:0)
[2017.02.14-03.44.09:834][  0]LogWindows:    5. 'AMD Radeon R9 200 / HD 7900 Series' (P:0 D:0)
[2017.02.14-03.44.09:835][  0]LogWindows:    6. 'Intel(R) HD Graphics 3000' (P:0 D:0)
[2017.02.14-03.44.09:835][  0]LogWindows:    7. 'Intel(R) HD Graphics 3000' (P:0 D:0)
[2017.02.14-03.44.09:835][  0]LogWindows: DebugString: PrimaryIsNotTheChoosenAdapter PrimaryIsNotTheChoosenAdapter FoundDriverCount:6 
[2017.02.14-03.44.09:835][  0]LogD3D11RHI:     Adapter Name: AMD Radeon R9 200 / HD 7900 Series
[2017.02.14-03.44.09:835][  0]LogD3D11RHI:   Driver Version: Crimson ReLive 17.1.2 (internal:21.19.413.0, unified:21.19.413.0)
[2017.02.14-03.44.09:835][  0]LogD3D11RHI:      Driver Date: 1-25-2017
[2017.02.14-03.44.09:835][  0]LogRHI: Texture pool is 1361 MB (70% of 1945 MB)
[2017.02.14-03.44.09:846][  0]LogD3D11RHI: Async texture creation enabled
[2017.02.14-03.44.09:858][  0]LogD3D11RHI: GPU Timing Frequency: 27.000000 (Debug: 2 1)
[2017.02.14-03.44.09:859][  0]LogShaderCompilers: Guid format shader working directory is 8 characters bigger than the processId version (C:/Users/rickb/OneDrive/Games/BridgeVR/Intermediate/Shaders/WorkingDirectory/5804/).
[2017.02.14-03.44.09:859][  0]LogShaderCompilers: Cleaned the shader compiler working directory 'C:/Users/rickb/AppData/Local/Temp/UnrealShaderWorkingDir/7F8E9B934CA4898C2C5D5F8F76D842C0/'.
[2017.02.14-03.44.09:859][  0]LogShaderCompilers:Display: Using Local Shader Compiler.
[2017.02.14-03.44.11:102][  0]LogTemp:Display: Loaded TP AllDesktopTargetPlatform
[2017.02.14-03.44.11:112][  0]LogTemp:Display: Loaded TP WindowsClientTargetPlatform
[2017.02.14-03.44.11:122][  0]LogTemp:Display: Loaded TP WindowsNoEditorTargetPlatform
[2017.02.14-03.44.11:132][  0]LogTemp:Display: Loaded TP WindowsServerTargetPlatform
[2017.02.14-03.44.11:144][  0]LogTemp:Display: Loaded TP WindowsTargetPlatform
[2017.02.14-03.44.11:155][  0]LogTemp:Display: Loaded TP AndroidTargetPlatform
[2017.02.14-03.44.11:163][  0]LogTemp:Display: Loaded TP Android_ASTCTargetPlatform
[2017.02.14-03.44.11:170][  0]LogTemp:Display: Loaded TP Android_ATCTargetPlatform
[2017.02.14-03.44.11:178][  0]LogTemp:Display: Loaded TP Android_DXTTargetPlatform
[2017.02.14-03.44.11:186][  0]LogTemp:Display: Loaded TP Android_ETC1TargetPlatform
[2017.02.14-03.44.11:193][  0]LogTemp:Display: Loaded TP Android_ETC2TargetPlatform
[2017.02.14-03.44.11:210][  0]LogTemp:Display: Loaded TP Android_MultiTargetPlatform
[2017.02.14-03.44.11:210][  0]LogTemp:Display: Loaded TP Android_PVRTCTargetPlatform
[2017.02.14-03.44.11:213][  0]LogTemp:Display: Loaded TP HTML5TargetPlatform
[2017.02.14-03.44.11:234][  0]LogTemp:Display: Loaded TP IOSTargetPlatform
[2017.02.14-03.44.11:242][  0]LogTemp:Display: Loaded TP TVOSTargetPlatform
[2017.02.14-03.44.11:250][  0]LogTemp:Display: Loaded TP LinuxClientTargetPlatform
[2017.02.14-03.44.11:258][  0]LogTemp:Display: Loaded TP LinuxNoEditorTargetPlatform
[2017.02.14-03.44.11:266][  0]LogTemp:Display: Loaded TP LinuxServerTargetPlatform
[2017.02.14-03.44.11:274][  0]LogTemp:Display: Loaded TP LinuxTargetPlatform
[2017.02.14-03.44.11:274][  0]LogTargetPlatformManager:Display: Building Assets For Windows
[2017.02.14-03.44.11:399][  0]LogDerivedDataCache:Display: Max Cache Size: 512 MB
[2017.02.14-03.44.11:491][  0]LogDerivedDataCache: Loaded boot cache 0.09s 88MB C:/Users/rickb/AppData/Local/UnrealEngine/4.13/DerivedDataCache/Boot.ddc.
[2017.02.14-03.44.11:491][  0]LogDerivedDataCache:Display: Loaded Boot cache: C:/Users/rickb/AppData/Local/UnrealEngine/4.13/DerivedDataCache/Boot.ddc
[2017.02.14-03.44.11:491][  0]LogDerivedDataCache: FDerivedDataBackendGraph:  Pak pak cache file C:/Users/rickb/OneDrive/Games/BridgeVR/DerivedDataCache/DDC.ddp not found, will not use a pak cache.
[2017.02.14-03.44.11:491][  0]LogDerivedDataCache: Unable to find inner node Pak for hierarchical cache Hierarchy.
[2017.02.14-03.44.11:491][  0]LogDerivedDataCache: FDerivedDataBackendGraph:  CompressedPak pak cache file C:/Users/rickb/OneDrive/Games/BridgeVR/DerivedDataCache/Compressed.ddp not found, will not use a pak cache.
[2017.02.14-03.44.11:491][  0]LogDerivedDataCache: Unable to find inner node CompressedPak for hierarchical cache Hierarchy.
[2017.02.14-03.44.11:512][  0]LogDerivedDataCache:Display: Pak cache opened for reading ../../../Engine/DerivedDataCache/Compressed.ddp.
[2017.02.14-03.44.11:524][  0]LogDerivedDataCache: Using Local data cache path C:/Users/rickb/AppData/Local/UnrealEngine/Common/DerivedDataCache: Writable
[2017.02.14-03.44.11:864][  0]LogInit: Selected Device Profile: [Windows]
[2017.02.14-03.44.11:865][  0]LogContentStreaming: Texture pool size is 0.00 MB
[2017.02.14-03.44.12:014][  0]LogMeshUtilities: No automatic mesh reduction module available
[2017.02.14-03.44.12:014][  0]LogMeshUtilities: No automatic mesh merging module available
[2017.02.14-03.44.12:014][  0]LogMeshUtilities: No distributed automatic mesh merging module available
[2017.02.14-03.44.12:114][  0]LogMaterial: Uniform references updated for custom material expression Custom.
[2017.02.14-03.44.12:507][  0]LogNetVersion: GetLocalNetworkVersion: CL: 3106830, ProjectName: bridgevr, ProjectVersion: , EngineNetworkVersion: 1, GameNetworkVersion: 0, NetworkChecksum: 2238875110
[2017.02.14-03.44.12:550][  0]LogAssetRegistry: FAssetRegistry took 0.0211 seconds to start up
[2017.02.14-03.44.12:554][  0]LogDirectoryWatcher:Warning: Failed to begin reading directory changes for ../../../Engine/Plugins/Marketplace/RunebergVRPlugin/Content/. Error: The system cannot find the file specified. (0x00000002)
[2017.02.14-03.44.12:589][  0]LogPackageLocalizationCache: Processed 4 localized package path(s) for 2 prioritized culture(s) in 0.035313 seconds
[2017.02.14-03.44.12:595][  0]LogUObjectArray: 29738 objects as part of root set at end of initial load.
[2017.02.14-03.44.12:595][  0]LogUObjectAllocator: 6114920 out of 0 bytes used by permanent object pool.
[2017.02.14-03.44.12:595][  0]LogUObjectArray: CloseDisregardForGC: 0/0 objects in disregard for GC pool
[2017.02.14-03.44.12:605][  0]LogInit: WinSock: version 1.1 (2.2), MaxSocks=32767, MaxUdp=65467
[2017.02.14-03.44.12:885][  0]LogSlate: SlateFontCache - WITH_FREETYPE: 1, WITH_HARFBUZZ: 1
[2017.02.14-03.44.12:885][  0]LogSlate: SlateFontCache - WITH_FREETYPE: 1, WITH_HARFBUZZ: 1
[2017.02.14-03.44.14:172][  0]LogTcpMessaging: Initializing TcpMessaging bridge
[2017.02.14-03.44.14:203][  0]LogUdpMessaging: Initializing bridge on interface 0.0.0.0:0 to multicast group 230.0.0.1:6666.
[2017.02.14-03.44.14:568][  0]SourceControl: Info Source control is disabled
[2017.02.14-03.44.14:658][  0]SourceControl: Info Source control is disabled
[2017.02.14-03.44.14:689][  0]SourceControl: Info Source control is disabled
[2017.02.14-03.44.14:708][  0]SourceControl: Info Source control is disabled
[2017.02.14-03.44.15:315][  0]LogEngine: Initializing Engine...
[2017.02.14-03.44.15:341][  0]LogHMD: Failed to initialize OpenVR with code 208
[2017.02.14-03.44.15:628][  0]LogAIModule: Creating AISystem for world Untitled
[2017.02.14-03.44.15:655][  0]LogInit: XAudio2 using 'Speakers (Realtek High Definition Audio)' : 2 channels at 48 kHz using 32 bits per sample (channel mask 0x3)
[2017.02.14-03.44.15:668][  0]LogInit: FAudioDevice initialized.
[2017.02.14-03.44.15:721][  0]LogDerivedDataCache: Saved boot cache 0.05s 88MB C:/Users/rickb/AppData/Local/UnrealEngine/4.13/DerivedDataCache/Boot.ddc.
[2017.02.14-03.44.15:738][  0]LogInit: Texture streaming: Enabled
[2017.02.14-03.44.15:773][  0]LogInit: Transaction tracking system initialized
[2017.02.14-03.44.15:804][  0]BlueprintLog: New page: Editor Load
[2017.02.14-03.44.15:905][  0]LocalizationService: Info Localization service is disabled
[2017.02.14-03.44.16:017][  0]LogConsoleResponse:Display: 
[2017.02.14-03.44.16:218][  0]LogCook:Display: Max memory allowance for cook 16384mb min free memory 0mb
[2017.02.14-03.44.16:218][  0]LogCook:Display: Mobile HDR setting 1
[2017.02.14-03.44.16:588][  0]LogFileCache: Scanning file cache for directory 'C:/Users/rickb/OneDrive/Games/BridgeVR/Content/' took 0.02s
[2017.02.14-03.44.16:588][  0]SourceControl: Info Source control is disabled
[2017.02.14-03.44.16:588][  0]Cmd: MAP LOAD FILE="C:/Users/rickb/OneDrive/Games/BridgeVR/Content/VirtualRealityBP/Maps/StartupMap.umap" TEMPLATE=0 SHOWPROGRESS=1 FEATURELEVEL=3
[2017.02.14-03.44.16:590][  0]LightingResults: New page: Lighting Build
[2017.02.14-03.44.16:593][  0]MapCheck: New page: Map Check
[2017.02.14-03.44.16:593][  0]LightingResults: New page: Lighting Build
[2017.02.14-03.44.16:709][  0]LogAIModule: Creating AISystem for world StartupMap
[2017.02.14-03.44.16:718][  0]LogEditorServer: Finished looking for orphan Actors (0.000 secs)
[2017.02.14-03.44.16:718][  0]Cmd: MAP CHECKDEP NOCLEARLOG
[2017.02.14-03.44.16:833][  0]MapCheck: Info Map check complete: 0 Error(s), 0 Warning(s), took 114.994ms to complete.
[2017.02.14-03.44.16:833][  0]LogFileHelpers: Loading map 'StartupMap' took 0.245
[2017.02.14-03.44.17:041][  0]LogCollectionManager: Loaded 0 collections in 0.002361 seconds
[2017.02.14-03.44.17:087][  0]LogFileCache: Scanning file cache for directory 'C:/Users/rickb/OneDrive/Games/BridgeVR/Saved/Collections/' took 0.01s
[2017.02.14-03.44.17:087][  0]LogFileCache: Scanning file cache for directory 'C:/Users/rickb/OneDrive/Games/BridgeVR/Content/Developers/rickb/Collections/' took 0.01s
[2017.02.14-03.44.17:087][  0]LogFileCache: Scanning file cache for directory 'C:/Users/rickb/OneDrive/Games/BridgeVR/Content/Collections/' took 0.01s
[2017.02.14-03.44.17:087][  0]LogCollectionManager: Rebuilt the GUID cache for 0 collections in 0.000003 seconds
[2017.02.14-03.44.17:097][  0]LogContentBrowser: Native class hierarchy populated in 0.0099 seconds. Added 2143 classes and 411 folders.
[2017.02.14-03.44.17:102][  0]LogStats: UGameplayTagsManager::ConstructGameplayTagTree: Construct from data asset -  0.000 s
[2017.02.14-03.44.17:102][  0]LogStats: UGameplayTagsManager::ConstructGameplayTagTree: GameplayTagTreeChangedEvent.Broadcast -  0.000 s
[2017.02.14-03.44.17:102][  0]LogContentBrowser: Native class hierarchy updated for 'GameplayTags' in 0.0006 seconds. Added 12 classes and 0 folders.
[2017.02.14-03.44.17:108][  0]LogContentBrowser: Native class hierarchy updated for 'WidgetCarousel' in 0.0005 seconds. Added 0 classes and 0 folders.
[2017.02.14-03.44.17:236][  0]LogContentBrowser: Native class hierarchy updated for 'AddContentDialog' in 0.0005 seconds. Added 0 classes and 0 folders.
[2017.02.14-03.44.17:240][  0]LogCrashTracker: Crashtracker disabled due to settings.
[2017.02.14-03.44.17:245][  0]LogUObjectGlobals:Warning: Failed to find object 'Class None.'
[2017.02.14-03.44.17:274][  0]LogContentBrowser: Native class hierarchy updated for 'HierarchicalLODOutliner' in 0.0007 seconds. Added 1 classes and 2 folders.
[2017.02.14-03.44.17:274][  0]LogLoad: (Engine Initialization) Total time: 9.89 seconds
[2017.02.14-03.44.17:274][  0]LogLoad: (Engine Initialization) Total Blueprint compile time: 0.01 seconds
[2017.02.14-03.44.17:274][  0]LogExternalProfiler: Found external profiler: VSPerf
[2017.02.14-03.44.17:274][  0]LogExternalProfiler: Using external profiler: VSPerf
[2017.02.14-03.44.17:631][  0]LogContentStreaming: Texture pool size now 800 MB
[2017.02.14-03.44.17:799][  0]LogRenderer: Reallocating scene render targets to support 544x524 (Frame:2).
[2017.02.14-03.44.18:285][  2]LogAssetRegistry: Asset discovery search completed in 5.7559 seconds
[2017.02.14-03.44.18:285][  2]LogCollectionManager: Rebuilt the object cache for 0 collections in 0.000001 seconds (found 0 objects)
[2017.02.14-03.44.18:285][  2]LogCollectionManager: Fixed up redirectors for 0 collections in 0.000023 seconds (updated 0 objects)
[2017.02.14-03.45.58:137][829]Cmd: MAP LOAD FILE="C:/Users/rickb/OneDrive/Games/BridgeVR/Content/VirtualRealityBP/Maps/MotionControllerMap.umap" TEMPLATE=0 SHOWPROGRESS=1 FEATURELEVEL=3
[2017.02.14-03.45.58:158][829]LightingResults: New page: Lighting Build
[2017.02.14-03.45.58:159][829]LoadErrors: New page: Loading map: MotionControllerMap.umap
[2017.02.14-03.45.58:168][829]MapCheck: New page: Map Check
[2017.02.14-03.45.58:168][829]LightingResults: New page: Lighting Build
[2017.02.14-03.45.59:136][829]LogAIModule: Creating AISystem for world MotionControllerMap
[2017.02.14-03.45.59:209][829]LogEditorServer: Finished looking for orphan Actors (0.000 secs)
[2017.02.14-03.45.59:230][829]Cmd: MAP CHECKDEP NOCLEARLOG
[2017.02.14-03.45.59:353][829]MapCheck: Info Map check complete: 0 Error(s), 0 Warning(s), took 122.207ms to complete.
[2017.02.14-03.45.59:353][829]LogFileHelpers: Loading map 'MotionControllerMap' took 1.216
[2017.02.14-03.45.59:457][831]PIE:Warning: Warning Constraint BP_Steel_C_0 attempting to create a joint between two null actors.
[2017.02.14-03.46.11:482][993]LogRenderer: Reallocating scene render targets to support 752x692 (Frame:616).
[2017.02.14-06.20.17:236][355]LogWindowsTextInputMethodSystem:Display: IME system now deactivated.
[2017.02.14-06.20.17:488][356]Cmd: QUIT_EDITOR
[2017.02.14-06.20.17:549][356]LogExit: Preparing to exit.
[2017.02.14-06.20.18:340][356]LogExit: Editor shut down
[2017.02.14-06.20.18:341][356]LogExit: Transaction tracking system shut down
[2017.02.14-06.20.18:521][356]LogObj: Freed 0b from 0 cluster array pools.
[2017.02.14-06.20.18:521][356]LogExit: Object subsystem successfully closed.
[2017.02.14-06.20.18:547][356]LogD3D11RHI: Shutdown
[2017.02.14-06.20.18:547][356]LogD3D11RHI: CleanupD3DDevice
[2017.02.14-06.20.18:669][356]LogD3D11RHI: ~FD3D11DynamicRHI
[2017.02.14-06.20.18:682][356]LogModuleManager: Shutting down and abandoning module HierarchicalLODOutliner (230)
[2017.02.14-06.20.18:682][356]LogModuleManager: Shutting down and abandoning module CrashTracker (229)
[2017.02.14-06.20.18:682][356]LogModuleManager: Shutting down and abandoning module WidgetCarousel (228)
[2017.02.14-06.20.18:682][356]LogModuleManager: Shutting down and abandoning module AddContentDialog (227)
[2017.02.14-06.20.18:682][356]LogDirectoryWatcher: A directory notification for 'D:/Programs/Epic Games/4.13/FeaturePacks/' was aborted.
[2017.02.14-06.20.18:690][356]LogModuleManager: Shutting down and abandoning module GameplayTags (226)
[2017.02.14-06.20.18:690][356]LogModuleManager: Shutting down and abandoning module EditorWidgets (225)
[2017.02.14-06.20.18:690][356]LogModuleManager: Shutting down and abandoning module CollectionManager (224)
[2017.02.14-06.20.18:690][356]LogDirectoryWatcher: A directory notification for 'C:/Users/rickb/OneDrive/Games/BridgeVR/Content/Collections/' was aborted.
[2017.02.14-06.20.18:690][356]LogDirectoryWatcher: A directory notification for 'C:/Users/rickb/OneDrive/Games/BridgeVR/Content/Developers/rickb/Collections/' was aborted.
[2017.02.14-06.20.18:690][356]LogDirectoryWatcher: A directory notification for 'C:/Users/rickb/OneDrive/Games/BridgeVR/Saved/Collections/' was aborted.
[2017.02.14-06.20.18:690][356]LogModuleManager: Shutting down and abandoning module SceneOutliner (223)
[2017.02.14-06.20.18:690][356]LogModuleManager: Shutting down and abandoning module StatsViewer (222)
[2017.02.14-06.20.18:690][356]LogModuleManager: Shutting down and abandoning module FoliageEdit (221)
[2017.02.14-06.20.18:690][356]LogModuleManager: Shutting down and abandoning module LandscapeEditor (220)
[2017.02.14-06.20.18:691][356]LogModuleManager: Shutting down and abandoning module SceneDepthPickerMode (219)
[2017.02.14-06.20.18:691][356]LogModuleManager: Shutting down and abandoning module ActorPickerMode (218)
[2017.02.14-06.20.18:691][356]LogModuleManager: Shutting down and abandoning module GeometryMode (217)
[2017.02.14-06.20.18:691][356]LogModuleManager: Shutting down and abandoning module TextureAlignMode (216)
[2017.02.14-06.20.18:691][356]LogModuleManager: Shutting down and abandoning module BspMode (215)
[2017.02.14-06.20.18:691][356]LogModuleManager: Shutting down and abandoning module HardwareSurvey (214)
[2017.02.14-06.20.18:691][356]LogModuleManager: Shutting down and abandoning module SequenceRecorderSections (213)
[2017.02.14-06.20.18:691][356]LogModuleManager: Shutting down and abandoning module SequenceRecorder (212)
[2017.02.14-06.20.18:691][356]LogModuleManager: Shutting down and abandoning module AutomationWorker (211)
[2017.02.14-06.20.18:691][356]LogModuleManager: Shutting down and abandoning module MatineeToLevelSequence (210)
[2017.02.14-06.20.18:691][356]LogModuleManager: Shutting down and abandoning module PlacementMode (209)
[2017.02.14-06.20.18:691][356]LogModuleManager: Shutting down and abandoning module LevelSequenceEditor (208)
[2017.02.14-06.20.18:691][356]LogModuleManager: Shutting down and abandoning module WmfMediaFactory (207)
[2017.02.14-06.20.18:691][356]LogModuleManager: Shutting down and abandoning module WmfMediaEditor (206)
[2017.02.14-06.20.18:691][356]LogModuleManager: Shutting down and abandoning module AvfMediaFactory (205)
[2017.02.14-06.20.18:691][356]LogModuleManager: Shutting down and abandoning module AvfMediaEditor (204)
[2017.02.14-06.20.18:691][356]LogModuleManager: Shutting down and abandoning module Media (203)
[2017.02.14-06.20.18:691][356]LogModuleManager: Shutting down and abandoning module AndroidMediaFactory (202)
[2017.02.14-06.20.18:691][356]LogModuleManager: Shutting down and abandoning module AndroidMediaEditor (201)
[2017.02.14-06.20.18:691][356]LogModuleManager: Shutting down and abandoning module CharacterAI (200)
[2017.02.14-06.20.18:691][356]LogModuleManager: Shutting down and abandoning module SmartSnapping (199)
[2017.02.14-06.20.18:691][356]LogModuleManager: Shutting down and abandoning module SessionServices (198)
[2017.02.14-06.20.18:691][356]LogModuleManager: Shutting down and abandoning module ViewportSnapping (197)
[2017.02.14-06.20.18:691][356]LogModuleManager: Shutting down and abandoning module ViewportInteraction (196)
[2017.02.14-06.20.18:691][356]LogModuleManager: Shutting down and abandoning module LogVisualizer (195)
[2017.02.14-06.20.18:692][356]LogModuleManager: Shutting down and abandoning module GameProjectGeneration (194)
[2017.02.14-06.20.18:692][356]LogModuleManager: Shutting down and abandoning module IntroTutorials (193)
[2017.02.14-06.20.18:692][356]LogModuleManager: Shutting down and abandoning module EditorLiveStreaming (192)
[2017.02.14-06.20.18:692][356]LogModuleManager: Shutting down and abandoning module IOSPlatformEditor (191)
[2017.02.14-06.20.18:692][356]LogModuleManager: Shutting down and abandoning module HTML5PlatformEditor (190)
[2017.02.14-06.20.18:692][356]LogModuleManager: Shutting down and abandoning module AndroidDeviceDetection (189)
[2017.02.14-06.20.19:112][356]LogModuleManager: Shutting down and abandoning module AndroidPlatformEditor (188)
[2017.02.14-06.20.19:112][356]LogModuleManager: Shutting down and abandoning module IOSRuntimeSettings (187)
[2017.02.14-06.20.19:112][356]LogModuleManager: Shutting down and abandoning module AndroidRuntimeSettings (186)
[2017.02.14-06.20.19:112][356]LogModuleManager: Shutting down and abandoning module NiagaraEditor (185)
[2017.02.14-06.20.19:112][356]LogModuleManager: Shutting down and abandoning module MergeActors (184)
[2017.02.14-06.20.19:112][356]LogModuleManager: Shutting down and abandoning module SizeMap (183)
[2017.02.14-06.20.19:112][356]LogModuleManager: Shutting down and abandoning module TreeMap (182)
[2017.02.14-06.20.19:112][356]LogModuleManager: Shutting down and abandoning module ReferenceViewer (181)
[2017.02.14-06.20.19:112][356]LogModuleManager: Shutting down and abandoning module LocalizationService (180)
[2017.02.14-06.20.19:112][356]LogModuleManager: Shutting down and abandoning module LocalizationDashboard (179)
[2017.02.14-06.20.19:112][356]LogModuleManager: Shutting down and abandoning module HardwareTargeting (178)
[2017.02.14-06.20.19:112][356]LogModuleManager: Shutting down and abandoning module DeviceProfileEditor (177)
[2017.02.14-06.20.19:112][356]LogModuleManager: Shutting down and abandoning module UndoHistory (176)
[2017.02.14-06.20.19:112][356]LogModuleManager: Shutting down and abandoning module UserFeedback (175)
[2017.02.14-06.20.19:112][356]LogModuleManager: Shutting down and abandoning module XmlParser (174)
[2017.02.14-06.20.19:112][356]LogModuleManager: Shutting down and abandoning module Blutility (173)
[2017.02.14-06.20.19:112][356]LogModuleManager: Shutting down and abandoning module ProjectTargetPlatformEditor (172)
[2017.02.14-06.20.19:113][356]LogModuleManager: Shutting down and abandoning module ProjectSettingsViewer (171)
[2017.02.14-06.20.19:113][356]LogModuleManager: Shutting down and abandoning module InputBindingEditor (170)
[2017.02.14-06.20.19:113][356]LogModuleManager: Shutting down and abandoning module EditorSettingsViewer (169)
[2017.02.14-06.20.19:113][356]LogModuleManager: Shutting down and abandoning module SettingsEditor (168)
[2017.02.14-06.20.19:113][356]LogModuleManager: Shutting down and abandoning module ProjectLauncher (167)
[2017.02.14-06.20.19:113][356]LogModuleManager: Shutting down and abandoning module SessionFrontend (166)
[2017.02.14-06.20.19:113][356]LogModuleManager: Shutting down and abandoning module ProfilerClient (165)
[2017.02.14-06.20.19:113][356]LogModuleManager: Shutting down and abandoning module TargetDeviceServices (164)
[2017.02.14-06.20.19:113][356]LogModuleManager: Shutting down and abandoning module DeviceManager (163)
[2017.02.14-06.20.19:163][356]LogModuleManager: Shutting down and abandoning module AutomationController (162)
[2017.02.14-06.20.19:163][356]LogModuleManager: Shutting down and abandoning module AutomationWindow (161)
[2017.02.14-06.20.19:163][356]LogModuleManager: Shutting down and abandoning module Layers (160)
[2017.02.14-06.20.19:163][356]LogModuleManager: Shutting down and abandoning module ComponentVisualizers (159)
[2017.02.14-06.20.19:163][356]LogModuleManager: Shutting down and abandoning module DetailCustomizations (158)
[2017.02.14-06.20.19:164][356]LogModuleManager: Shutting down and abandoning module PackagesDialog (157)
[2017.02.14-06.20.19:164][356]LogModuleManager: Shutting down and abandoning module AnimGraph (156)
[2017.02.14-06.20.19:164][356]LogModuleManager: Shutting down and abandoning module Persona (155)
[2017.02.14-06.20.19:164][356]LogModuleManager: Shutting down and abandoning module Kismet (154)
[2017.02.14-06.20.19:165][356]LogModuleManager: Shutting down and abandoning module GraphEditor (153)
[2017.02.14-06.20.19:165][356]LogModuleManager: Shutting down and abandoning module ClassViewer (152)
[2017.02.14-06.20.19:165][356]LogModuleManager: Shutting down and abandoning module Toolbox (151)
[2017.02.14-06.20.19:165][356]LogModuleManager: Shutting down and abandoning module ModuleUI (150)
[2017.02.14-06.20.19:165][356]LogModuleManager: Shutting down and abandoning module MovieSceneTools (149)
[2017.02.14-06.20.19:165][356]LogModuleManager: Shutting down and abandoning module OutputLog (148)
[2017.02.14-06.20.19:165][356]LogModuleManager: Shutting down and abandoning module GammaUI (147)
[2017.02.14-06.20.19:165][356]LogModuleManager: Shutting down and abandoning module Documentation (146)
[2017.02.14-06.20.19:165][356]LogModuleManager: Shutting down and abandoning module Niagara (145)
[2017.02.14-06.20.19:165][356]LogModuleManager: Shutting down and abandoning module StreamingPauseRendering (144)
[2017.02.14-06.20.19:165][356]LogModuleManager: Shutting down and abandoning module AnalyticsET (143)
[2017.02.14-06.20.19:165][356]LogModuleManager: Shutting down and abandoning module PortalServices (142)
[2017.02.14-06.20.19:165][356]LogModuleManager: Shutting down and abandoning module PortalRpc (141)
[2017.02.14-06.20.19:165][356]LogModuleManager: Shutting down and abandoning module MessagingRpc (140)
[2017.02.14-06.20.19:165][356]LogModuleManager: Shutting down and abandoning module GameplayDebugger (139)
[2017.02.14-06.20.19:166][356]LogModuleManager: Shutting down and abandoning module AITestSuite (138)
[2017.02.14-06.20.19:166][356]LogModuleManager: Shutting down and abandoning module AIModule (137)
[2017.02.14-06.20.19:166][356]LogModuleManager: Shutting down and abandoning module ProfilerService (136)
[2017.02.14-06.20.19:381][356]LogModuleManager: Shutting down and abandoning module TaskGraph (135)
[2017.02.14-06.20.19:381][356]LogModuleManager: Shutting down and abandoning module SlateRemote (134)
[2017.02.14-06.20.19:381][356]LogModuleManager: Shutting down and abandoning module SteamVRController (133)
[2017.02.14-06.20.19:381][356]LogModuleManager: Shutting down and abandoning module SteamVR (132)
[2017.02.14-06.20.19:381][356]LogModuleManager: Shutting down and abandoning module ProceduralMeshComponentEditor (131)
[2017.02.14-06.20.19:381][356]LogModuleManager: Shutting down and abandoning module ProceduralMeshComponent (130)
[2017.02.14-06.20.19:381][356]LogModuleManager: Shutting down and abandoning module CustomMeshComponent (129)
[2017.02.14-06.20.19:381][356]LogModuleManager: Shutting down and abandoning module CableComponent (128)
[2017.02.14-06.20.19:381][356]LogModuleManager: Shutting down and abandoning module ArchVisCharacter (127)
[2017.02.14-06.20.19:381][356]LogModuleManager: Shutting down and abandoning module MediaPlayerEditor (125)
[2017.02.14-06.20.19:381][356]LogModuleManager: Shutting down and abandoning module RunebergVRPlugin (124)
[2017.02.14-06.20.19:381][356]LogModuleManager: Shutting down and abandoning module HTML5Networking (123)
[2017.02.14-06.20.19:381][356]LogModuleManager: Shutting down and abandoning module GeometryCacheEd (122)
[2017.02.14-06.20.19:381][356]LogModuleManager: Shutting down and abandoning module GeometryCache (121)
[2017.02.14-06.20.19:381][356]LogModuleManager: Shutting down and abandoning module AlembicLibrary (120)
[2017.02.14-06.20.19:381][356]LogModuleManager: Shutting down and abandoning module AlembicImporter (119)
[2017.02.14-06.20.19:381][356]LogModuleManager: Shutting down and abandoning module SuperSearch (118)
[2017.02.14-06.20.19:381][356]LogModuleManager: Shutting down and abandoning module SuperSearchEditor (117)
[2017.02.14-06.20.19:381][356]LogModuleManager: Shutting down and abandoning module SpeedTreeImporter (116)
[2017.02.14-06.20.19:381][356]LogModuleManager: Shutting down and abandoning module PluginBrowser (115)
[2017.02.14-06.20.19:382][356]LogModuleManager: Shutting down and abandoning module MobileLauncherProfileWizard (114)
[2017.02.14-06.20.19:382][356]LogModuleManager: Shutting down and abandoning module EpicSurvey (113)
[2017.02.14-06.20.19:382][356]LogModuleManager: Shutting down and abandoning module DesktopPlatform (112)
[2017.02.14-06.20.19:382][356]LogModuleManager: Shutting down and abandoning module VisualStudioSourceCodeAccess (111)
[2017.02.14-06.20.19:382][356]LogModuleManager: Shutting down and abandoning module UObjectPlugin (110)
[2017.02.14-06.20.19:382][356]LogModuleManager: Shutting down and abandoning module SubversionSourceControl (109)
[2017.02.14-06.20.19:382][356]LogModuleManager: Shutting down and abandoning module PerforceSourceControl (108)
[2017.02.14-06.20.19:382][356]LogModuleManager: Shutting down and abandoning module SourceControl (107)
[2017.02.14-06.20.19:382][356]LogModuleManager: Shutting down and abandoning module GitSourceControl (106)
[2017.02.14-06.20.19:382][356]LogModuleManager: Shutting down and abandoning module LightPropagationVolumeEditor (105)
[2017.02.14-06.20.19:382][356]LogModuleManager: Shutting down and abandoning module PaperTiledImporter (104)
[2017.02.14-06.20.19:382][356]LogModuleManager: Shutting down and abandoning module PaperSpriteSheetImporter (103)
[2017.02.14-06.20.19:382][356]LogModuleManager: Shutting down and abandoning module MeshPaint (102)
[2017.02.14-06.20.19:382][356]LogModuleManager: Shutting down and abandoning module FbxAutomationBuilderModule (101)
[2017.02.14-06.20.19:382][356]LogModuleManager: Shutting down and abandoning module PixelInspectorModule (100)
[2017.02.14-06.20.19:382][356]LogModuleManager: Shutting down and abandoning module HotReload (99)
[2017.02.14-06.20.19:383][356]LogModuleManager: Shutting down and abandoning module MainFrame (98)
[2017.02.14-06.20.19:383][356]LogModuleManager: Shutting down and abandoning module LevelEditor (97)
[2017.02.14-06.20.19:388][356]LogModuleManager: Shutting down and abandoning module ContentBrowser (96)
[2017.02.14-06.20.19:390][356]LogModuleManager: Shutting down and abandoning module Paper2DEditor (95)
[2017.02.14-06.20.19:390][356]LogModuleManager: Shutting down and abandoning module UdpMessaging (94)
[2017.02.14-06.20.19:490][356]LogModuleManager: Shutting down and abandoning module TcpMessaging (93)
[2017.02.14-06.20.19:591][356]LogModuleManager: Shutting down and abandoning module LightPropagationVolumeRuntime (92)
[2017.02.14-06.20.19:591][356]LogModuleManager: Shutting down and abandoning module Paper2D (91)
[2017.02.14-06.20.19:591][356]LogModuleManager: Shutting down and abandoning module WindowsMoviePlayer (90)
[2017.02.14-06.20.19:591][356]LogModuleManager: Shutting down and abandoning module WmfMedia (89)
[2017.02.14-06.20.19:591][356]LogModuleManager: Shutting down and abandoning module MediaAssets (88)
[2017.02.14-06.20.19:591][356]LogModuleManager: Shutting down and abandoning module GameLiveStreaming (87)
[2017.02.14-06.20.19:591][356]LogModuleManager: Shutting down and abandoning module GameplayTagsEditor (86)
[2017.02.14-06.20.19:591][356]LogModuleManager: Shutting down and abandoning module VREditor (85)
[2017.02.14-06.20.19:591][356]LogModuleManager: Shutting down and abandoning module GameplayTasksEditor (84)
[2017.02.14-06.20.19:591][356]LogModuleManager: Shutting down and abandoning module PropertyEditor (83)
[2017.02.14-06.20.19:592][356]LogModuleManager: Shutting down and abandoning module BehaviorTreeEditor (82)
[2017.02.14-06.20.19:592][356]LogModuleManager: Shutting down and abandoning module FunctionalTesting (81)
[2017.02.14-06.20.19:592][356]LogModuleManager: Shutting down and abandoning module CollisionAnalyzer (80)
[2017.02.14-06.20.19:592][356]LogModuleManager: Shutting down and abandoning module Sequencer (79)
[2017.02.14-06.20.19:592][356]LogModuleManager: Shutting down and abandoning module WorkspaceMenuStructure (78)
[2017.02.14-06.20.19:592][356]LogModuleManager: Shutting down and abandoning module MessageLog (77)
[2017.02.14-06.20.19:592][356]LogModuleManager: Shutting down and abandoning module AssetTools (76)
[2017.02.14-06.20.19:592][356]LogModuleManager: Shutting down and abandoning module UMGEditor (75)
[2017.02.14-06.20.19:592][356]LogModuleManager: Shutting down and abandoning module UMG (74)
[2017.02.14-06.20.19:592][356]LogModuleManager: Shutting down and abandoning module SlateReflector (73)
[2017.02.14-06.20.19:592][356]LogModuleManager: Shutting down and abandoning module Slate (72)
[2017.02.14-06.20.19:592][356]LogModuleManager: Shutting down and abandoning module EditorStyle (71)
[2017.02.14-06.20.19:595][356]LogModuleManager: Shutting down and abandoning module SourceCodeAccess (70)
[2017.02.14-06.20.19:595][356]LogModuleManager: Shutting down and abandoning module HeadMountedDisplay (69)
[2017.02.14-06.20.19:595][356]LogModuleManager: Shutting down and abandoning module XAudio2 (68)
[2017.02.14-06.20.19:595][356]LogModuleManager: Shutting down and abandoning module Networking (66)
[2017.02.14-06.20.19:595][356]LogModuleManager: Shutting down and abandoning module Core (65)
[2017.02.14-06.20.19:595][356]LogModuleManager: Shutting down and abandoning module DirectoryWatcher (64)
[2017.02.14-06.20.19:595][356]LogDirectoryWatcher: A directory notification for '../../../Engine/Content/' was aborted.
[2017.02.14-06.20.19:596][356]LogDirectoryWatcher: A directory notification for 'C:/Users/rickb/OneDrive/Games/BridgeVR/Content/' was aborted.
[2017.02.14-06.20.19:597][356]LogDirectoryWatcher: A directory notification for '../../../Engine/Plugins/2D/Paper2D/Content/' was aborted.
[2017.02.14-06.20.19:600][356]LogModuleManager: Shutting down and abandoning module AssetRegistry (63)
[2017.02.14-06.20.19:850][356]LogModuleManager: Shutting down and abandoning module KismetCompiler (62)
[2017.02.14-06.20.19:850][356]LogModuleManager: Shutting down and abandoning module PhysXFormats (61)
[2017.02.14-06.20.19:850][356]LogModuleManager: Shutting down and abandoning module MeshUtilities (60)
[2017.02.14-06.20.19:850][356]LogModuleManager: Shutting down and abandoning module DerivedDataCache (59)
[2017.02.14-06.20.19:879][356]LogDerivedDataCache: Shutdown
[2017.02.14-06.20.19:880][356]LogModuleManager: Shutting down and abandoning module VulkanShaderFormat (58)
[2017.02.14-06.20.19:880][356]LogModuleManager: Shutting down and abandoning module ShaderFormatOpenGL (57)
[2017.02.14-06.20.19:880][356]LogModuleManager: Shutting down and abandoning module ShaderFormatD3D (56)
[2017.02.14-06.20.19:880][356]LogModuleManager: Shutting down and abandoning module MetalShaderFormat (55)
[2017.02.14-06.20.19:880][356]LogModuleManager: Shutting down and abandoning module TextureFormatUncompressed (54)
[2017.02.14-06.20.19:880][356]LogModuleManager: Shutting down and abandoning module TextureFormatPVR (53)
[2017.02.14-06.20.19:880][356]LogModuleManager: Shutting down and abandoning module TextureFormatDXT (52)
[2017.02.14-06.20.19:880][356]LogModuleManager: Shutting down and abandoning module TextureFormatIntelISPCTexComp (51)
[2017.02.14-06.20.19:880][356]LogModuleManager: Shutting down and abandoning module ImageWrapper (50)
[2017.02.14-06.20.19:880][356]LogModuleManager: Shutting down and abandoning module TextureFormatASTC (49)
[2017.02.14-06.20.19:880][356]LogModuleManager: Shutting down and abandoning module TextureFormatAndroid (48)
[2017.02.14-06.20.19:880][356]LogModuleManager: Shutting down and abandoning module AudioFormatOpus (47)
[2017.02.14-06.20.19:880][356]LogModuleManager: Shutting down and abandoning module AudioFormatOgg (46)
[2017.02.14-06.20.19:881][356]LogModuleManager: Shutting down and abandoning module AudioFormatADPCM (45)
[2017.02.14-06.20.19:881][356]LogModuleManager: Shutting down and abandoning module LinuxTargetPlatform (44)
[2017.02.14-06.20.19:881][356]LogModuleManager: Shutting down and abandoning module LinuxServerTargetPlatform (43)
[2017.02.14-06.20.19:881][356]LogModuleManager: Shutting down and abandoning module LinuxNoEditorTargetPlatform (42)
[2017.02.14-06.20.19:881][356]LogModuleManager: Shutting down and abandoning module LinuxClientTargetPlatform (41)
[2017.02.14-06.20.19:881][356]LogModuleManager: Shutting down and abandoning module TVOSTargetPlatform (40)
[2017.02.14-06.20.19:881][356]LogModuleManager: Shutting down and abandoning module Messaging (39)
[2017.02.14-06.20.19:881][356]LogModuleManager: Shutting down and abandoning module IOSTargetPlatform (38)
[2017.02.14-06.20.19:881][356]LogModuleManager: Shutting down and abandoning module HTML5TargetPlatform (37)
[2017.02.14-06.20.19:881][356]LogModuleManager: Shutting down and abandoning module Android_PVRTCTargetPlatform (36)
[2017.02.14-06.20.19:881][356]LogModuleManager: Shutting down and abandoning module Android_MultiTargetPlatform (35)
[2017.02.14-06.20.19:881][356]LogModuleManager: Shutting down and abandoning module Android_ETC2TargetPlatform (34)
[2017.02.14-06.20.19:881][356]LogModuleManager: Shutting down and abandoning module Android_ETC1TargetPlatform (33)
[2017.02.14-06.20.19:881][356]LogModuleManager: Shutting down and abandoning module Android_DXTTargetPlatform (32)
[2017.02.14-06.20.19:881][356]LogModuleManager: Shutting down and abandoning module Android_ATCTargetPlatform (31)
[2017.02.14-06.20.19:881][356]LogModuleManager: Shutting down and abandoning module Android_ASTCTargetPlatform (30)
[2017.02.14-06.20.19:881][356]LogModuleManager: Shutting down and abandoning module AndroidTargetPlatform (29)
[2017.02.14-06.20.19:882][356]LogModuleManager: Shutting down and abandoning module WindowsTargetPlatform (28)
[2017.02.14-06.20.19:882][356]LogModuleManager: Shutting down and abandoning module WindowsServerTargetPlatform (27)
[2017.02.14-06.20.19:882][356]LogModuleManager: Shutting down and abandoning module WindowsNoEditorTargetPlatform (26)
[2017.02.14-06.20.19:882][356]LogModuleManager: Shutting down and abandoning module WindowsClientTargetPlatform (25)
[2017.02.14-06.20.19:882][356]LogModuleManager: Shutting down and abandoning module AllDesktopTargetPlatform (24)
[2017.02.14-06.20.19:882][356]LogModuleManager: Shutting down and abandoning module TargetPlatform (23)
[2017.02.14-06.20.19:882][356]LogModuleManager: Shutting down and abandoning module InputCore (22)
[2017.02.14-06.20.19:882][356]LogModuleManager: Shutting down and abandoning module Settings (21)
[2017.02.14-06.20.19:883][356]LogModuleManager: Shutting down and abandoning module ExampleDeviceProfileSelector (20)
[2017.02.14-06.20.19:883][356]LogModuleManager: Shutting down and abandoning module OnlineBlueprintSupport (19)
[2017.02.14-06.20.19:883][356]LogModuleManager: Shutting down and abandoning module OnlineSubsystem (17)
[2017.02.14-06.20.19:883][356]LogOnline:Display: Unloading online subsystem: NULL
[2017.02.14-06.20.19:883][356]LogModuleManager: Shutting down and abandoning module HTTP (16)
[2017.02.14-06.20.19:883][356]LogHttp:Display: Http module shutting down, but needs to wait on 1 outstanding Http requests:
[2017.02.14-06.20.19:883][356]LogHttp:Display: 	verb=[POST] url=[https://datarouter.ol.epicgames.com/datarouter/api/v1/public/data?SessionID=%7B218C5461-42F9-FA64-0654-B4939889711A%7D&AppID=UEEditor.Rocket.Release&AppVersion=4.13.2-3172292%2B%2B%2BUE4%2BRelease-4.13&UserID=6ca2c1cf41020fcfd4a7a2a7089d4e32%7C5a16155fc96d4a028764b29e41d32c56%7Ca8f17a68-bce5-46e3-871d-40611d4104bf&AppEnvironment=datacollector-binary&UploadType=eteventstream] status=Processing
[2017.02.14-06.20.19:891][356]LogModuleManager: Shutting down and abandoning module XMPP (15)
[2017.02.14-06.20.19:891][356]LogModuleManager: Shutting down and abandoning module TextureCompressor (14)
[2017.02.14-06.20.19:892][356]LogModuleManager: Shutting down and abandoning module ShaderCore (13)
[2017.02.14-06.20.19:892][356]LogModuleManager: Shutting down and abandoning module Landscape (12)
[2017.02.14-06.20.19:892][356]LogModuleManager: Shutting down and abandoning module SlateRHIRenderer (11)
[2017.02.14-06.20.19:898][356]LogModuleManager: Shutting down and abandoning module OpenGLDrv (10)
[2017.02.14-06.20.19:898][356]LogModuleManager: Shutting down and abandoning module D3D11RHI (9)
[2017.02.14-06.20.19:898][356]LogModuleManager: Shutting down and abandoning module AnimGraphRuntime (8)
[2017.02.14-06.20.19:898][356]LogModuleManager: Shutting down and abandoning module Renderer (7)
[2017.02.14-06.20.19:898][356]LogModuleManager: Shutting down and abandoning module Engine (6)
[2017.02.14-06.20.19:898][356]LogModuleManager: Shutting down and abandoning module CoreUObject (5)
[2017.02.14-06.20.19:898][356]LogModuleManager: Shutting down and abandoning module NetworkFile (4)
[2017.02.14-06.20.19:898][356]LogModuleManager: Shutting down and abandoning module StreamingFile (3)
[2017.02.14-06.20.19:898][356]LogModuleManager: Shutting down and abandoning module SandboxFile (2)
[2017.02.14-06.20.19:898][356]LogModuleManager: Shutting down and abandoning module PakFile (1)
[2017.02.14-06.20.19:909][356]LogExit: Exiting.
[2017.02.14-06.20.19:914][356]Log file closed, 02/13/17 23:20:19
